[2021-01-21 21:55:11,869] {scheduler_job.py:181} INFO - Started process (PID=33125) to work on /home/ubuntu/anaconda3/envs/airflow_udemy/lib/python3.7/site-packages/airflow/example_dags/example_trigger_target_dag.py
[2021-01-21 21:55:11,870] {scheduler_job.py:629} INFO - Processing file /home/ubuntu/anaconda3/envs/airflow_udemy/lib/python3.7/site-packages/airflow/example_dags/example_trigger_target_dag.py for tasks to queue
[2021-01-21 21:55:11,870] {logging_mixin.py:103} INFO - [2021-01-21 21:55:11,870] {dagbag.py:440} INFO - Filling up the DagBag from /home/ubuntu/anaconda3/envs/airflow_udemy/lib/python3.7/site-packages/airflow/example_dags/example_trigger_target_dag.py
[2021-01-21 21:55:11,878] {scheduler_job.py:639} INFO - DAG(s) dict_keys(['example_trigger_target_dag']) retrieved from /home/ubuntu/anaconda3/envs/airflow_udemy/lib/python3.7/site-packages/airflow/example_dags/example_trigger_target_dag.py
[2021-01-21 21:55:11,879] {logging_mixin.py:103} INFO - [2021-01-21 21:55:11,879] {dag.py:1813} INFO - Sync 1 DAGs
[2021-01-21 21:55:11,893] {logging_mixin.py:103} INFO - [2021-01-21 21:55:11,893] {dag.py:2266} INFO - Setting next_dagrun for example_trigger_target_dag to None
[2021-01-21 21:55:11,904] {scheduler_job.py:189} INFO - Processing /home/ubuntu/anaconda3/envs/airflow_udemy/lib/python3.7/site-packages/airflow/example_dags/example_trigger_target_dag.py took 0.038 seconds
[2021-01-21 21:55:39,658] {scheduler_job.py:181} INFO - Started process (PID=33213) to work on /home/ubuntu/anaconda3/envs/airflow_udemy/lib/python3.7/site-packages/airflow/example_dags/example_trigger_target_dag.py
[2021-01-21 21:55:39,659] {scheduler_job.py:629} INFO - Processing file /home/ubuntu/anaconda3/envs/airflow_udemy/lib/python3.7/site-packages/airflow/example_dags/example_trigger_target_dag.py for tasks to queue
[2021-01-21 21:55:39,659] {logging_mixin.py:103} INFO - [2021-01-21 21:55:39,659] {dagbag.py:440} INFO - Filling up the DagBag from /home/ubuntu/anaconda3/envs/airflow_udemy/lib/python3.7/site-packages/airflow/example_dags/example_trigger_target_dag.py
[2021-01-21 21:55:39,667] {scheduler_job.py:639} INFO - DAG(s) dict_keys(['example_trigger_target_dag']) retrieved from /home/ubuntu/anaconda3/envs/airflow_udemy/lib/python3.7/site-packages/airflow/example_dags/example_trigger_target_dag.py
[2021-01-21 21:55:39,668] {logging_mixin.py:103} INFO - [2021-01-21 21:55:39,668] {dag.py:1813} INFO - Sync 1 DAGs
[2021-01-21 21:55:39,682] {logging_mixin.py:103} INFO - [2021-01-21 21:55:39,682] {dag.py:2266} INFO - Setting next_dagrun for example_trigger_target_dag to None
[2021-01-21 21:55:39,693] {scheduler_job.py:189} INFO - Processing /home/ubuntu/anaconda3/envs/airflow_udemy/lib/python3.7/site-packages/airflow/example_dags/example_trigger_target_dag.py took 0.038 seconds
[2021-01-21 21:56:08,252] {scheduler_job.py:181} INFO - Started process (PID=33293) to work on /home/ubuntu/anaconda3/envs/airflow_udemy/lib/python3.7/site-packages/airflow/example_dags/example_trigger_target_dag.py
[2021-01-21 21:56:08,253] {scheduler_job.py:629} INFO - Processing file /home/ubuntu/anaconda3/envs/airflow_udemy/lib/python3.7/site-packages/airflow/example_dags/example_trigger_target_dag.py for tasks to queue
[2021-01-21 21:56:08,254] {logging_mixin.py:103} INFO - [2021-01-21 21:56:08,254] {dagbag.py:440} INFO - Filling up the DagBag from /home/ubuntu/anaconda3/envs/airflow_udemy/lib/python3.7/site-packages/airflow/example_dags/example_trigger_target_dag.py
[2021-01-21 21:56:08,262] {scheduler_job.py:639} INFO - DAG(s) dict_keys(['example_trigger_target_dag']) retrieved from /home/ubuntu/anaconda3/envs/airflow_udemy/lib/python3.7/site-packages/airflow/example_dags/example_trigger_target_dag.py
[2021-01-21 21:56:08,263] {logging_mixin.py:103} INFO - [2021-01-21 21:56:08,263] {dag.py:1813} INFO - Sync 1 DAGs
[2021-01-21 21:56:08,277] {logging_mixin.py:103} INFO - [2021-01-21 21:56:08,277] {dag.py:2266} INFO - Setting next_dagrun for example_trigger_target_dag to None
[2021-01-21 21:56:08,288] {scheduler_job.py:189} INFO - Processing /home/ubuntu/anaconda3/envs/airflow_udemy/lib/python3.7/site-packages/airflow/example_dags/example_trigger_target_dag.py took 0.038 seconds
[2021-01-21 21:56:36,194] {scheduler_job.py:181} INFO - Started process (PID=33365) to work on /home/ubuntu/anaconda3/envs/airflow_udemy/lib/python3.7/site-packages/airflow/example_dags/example_trigger_target_dag.py
[2021-01-21 21:56:36,195] {scheduler_job.py:629} INFO - Processing file /home/ubuntu/anaconda3/envs/airflow_udemy/lib/python3.7/site-packages/airflow/example_dags/example_trigger_target_dag.py for tasks to queue
[2021-01-21 21:56:36,196] {logging_mixin.py:103} INFO - [2021-01-21 21:56:36,196] {dagbag.py:440} INFO - Filling up the DagBag from /home/ubuntu/anaconda3/envs/airflow_udemy/lib/python3.7/site-packages/airflow/example_dags/example_trigger_target_dag.py
[2021-01-21 21:56:36,205] {scheduler_job.py:639} INFO - DAG(s) dict_keys(['example_trigger_target_dag']) retrieved from /home/ubuntu/anaconda3/envs/airflow_udemy/lib/python3.7/site-packages/airflow/example_dags/example_trigger_target_dag.py
[2021-01-21 21:56:36,205] {logging_mixin.py:103} INFO - [2021-01-21 21:56:36,205] {dag.py:1813} INFO - Sync 1 DAGs
[2021-01-21 21:56:36,220] {logging_mixin.py:103} INFO - [2021-01-21 21:56:36,220] {dag.py:2266} INFO - Setting next_dagrun for example_trigger_target_dag to None
[2021-01-21 21:56:36,231] {scheduler_job.py:189} INFO - Processing /home/ubuntu/anaconda3/envs/airflow_udemy/lib/python3.7/site-packages/airflow/example_dags/example_trigger_target_dag.py took 0.039 seconds
[2021-01-21 21:57:04,791] {scheduler_job.py:181} INFO - Started process (PID=33437) to work on /home/ubuntu/anaconda3/envs/airflow_udemy/lib/python3.7/site-packages/airflow/example_dags/example_trigger_target_dag.py
[2021-01-21 21:57:04,792] {scheduler_job.py:629} INFO - Processing file /home/ubuntu/anaconda3/envs/airflow_udemy/lib/python3.7/site-packages/airflow/example_dags/example_trigger_target_dag.py for tasks to queue
[2021-01-21 21:57:04,792] {logging_mixin.py:103} INFO - [2021-01-21 21:57:04,792] {dagbag.py:440} INFO - Filling up the DagBag from /home/ubuntu/anaconda3/envs/airflow_udemy/lib/python3.7/site-packages/airflow/example_dags/example_trigger_target_dag.py
[2021-01-21 21:57:04,801] {scheduler_job.py:639} INFO - DAG(s) dict_keys(['example_trigger_target_dag']) retrieved from /home/ubuntu/anaconda3/envs/airflow_udemy/lib/python3.7/site-packages/airflow/example_dags/example_trigger_target_dag.py
[2021-01-21 21:57:04,801] {logging_mixin.py:103} INFO - [2021-01-21 21:57:04,801] {dag.py:1813} INFO - Sync 1 DAGs
[2021-01-21 21:57:04,815] {logging_mixin.py:103} INFO - [2021-01-21 21:57:04,815] {dag.py:2266} INFO - Setting next_dagrun for example_trigger_target_dag to None
[2021-01-21 21:57:04,826] {scheduler_job.py:189} INFO - Processing /home/ubuntu/anaconda3/envs/airflow_udemy/lib/python3.7/site-packages/airflow/example_dags/example_trigger_target_dag.py took 0.038 seconds
