[2021-01-21 21:55:15,707] {scheduler_job.py:181} INFO - Started process (PID=33135) to work on /home/ubuntu/anaconda3/envs/airflow_udemy/lib/python3.7/site-packages/airflow/example_dags/example_bash_operator.py
[2021-01-21 21:55:15,708] {scheduler_job.py:629} INFO - Processing file /home/ubuntu/anaconda3/envs/airflow_udemy/lib/python3.7/site-packages/airflow/example_dags/example_bash_operator.py for tasks to queue
[2021-01-21 21:55:15,709] {logging_mixin.py:103} INFO - [2021-01-21 21:55:15,709] {dagbag.py:440} INFO - Filling up the DagBag from /home/ubuntu/anaconda3/envs/airflow_udemy/lib/python3.7/site-packages/airflow/example_dags/example_bash_operator.py
[2021-01-21 21:55:15,718] {scheduler_job.py:639} INFO - DAG(s) dict_keys(['example_bash_operator']) retrieved from /home/ubuntu/anaconda3/envs/airflow_udemy/lib/python3.7/site-packages/airflow/example_dags/example_bash_operator.py
[2021-01-21 21:55:15,719] {logging_mixin.py:103} INFO - [2021-01-21 21:55:15,718] {dag.py:1813} INFO - Sync 1 DAGs
[2021-01-21 21:55:15,739] {logging_mixin.py:103} INFO - [2021-01-21 21:55:15,739] {dag.py:2266} INFO - Setting next_dagrun for example_bash_operator to 2021-01-19 00:00:00+00:00
[2021-01-21 21:55:15,751] {scheduler_job.py:189} INFO - Processing /home/ubuntu/anaconda3/envs/airflow_udemy/lib/python3.7/site-packages/airflow/example_dags/example_bash_operator.py took 0.046 seconds
[2021-01-21 21:55:43,674] {scheduler_job.py:181} INFO - Started process (PID=33224) to work on /home/ubuntu/anaconda3/envs/airflow_udemy/lib/python3.7/site-packages/airflow/example_dags/example_bash_operator.py
[2021-01-21 21:55:43,675] {scheduler_job.py:629} INFO - Processing file /home/ubuntu/anaconda3/envs/airflow_udemy/lib/python3.7/site-packages/airflow/example_dags/example_bash_operator.py for tasks to queue
[2021-01-21 21:55:43,675] {logging_mixin.py:103} INFO - [2021-01-21 21:55:43,675] {dagbag.py:440} INFO - Filling up the DagBag from /home/ubuntu/anaconda3/envs/airflow_udemy/lib/python3.7/site-packages/airflow/example_dags/example_bash_operator.py
[2021-01-21 21:55:43,684] {scheduler_job.py:639} INFO - DAG(s) dict_keys(['example_bash_operator']) retrieved from /home/ubuntu/anaconda3/envs/airflow_udemy/lib/python3.7/site-packages/airflow/example_dags/example_bash_operator.py
[2021-01-21 21:55:43,685] {logging_mixin.py:103} INFO - [2021-01-21 21:55:43,685] {dag.py:1813} INFO - Sync 1 DAGs
[2021-01-21 21:55:43,705] {logging_mixin.py:103} INFO - [2021-01-21 21:55:43,705] {dag.py:2266} INFO - Setting next_dagrun for example_bash_operator to 2021-01-19 00:00:00+00:00
[2021-01-21 21:55:43,718] {scheduler_job.py:189} INFO - Processing /home/ubuntu/anaconda3/envs/airflow_udemy/lib/python3.7/site-packages/airflow/example_dags/example_bash_operator.py took 0.046 seconds
[2021-01-21 21:56:12,237] {scheduler_job.py:181} INFO - Started process (PID=33304) to work on /home/ubuntu/anaconda3/envs/airflow_udemy/lib/python3.7/site-packages/airflow/example_dags/example_bash_operator.py
[2021-01-21 21:56:12,238] {scheduler_job.py:629} INFO - Processing file /home/ubuntu/anaconda3/envs/airflow_udemy/lib/python3.7/site-packages/airflow/example_dags/example_bash_operator.py for tasks to queue
[2021-01-21 21:56:12,239] {logging_mixin.py:103} INFO - [2021-01-21 21:56:12,239] {dagbag.py:440} INFO - Filling up the DagBag from /home/ubuntu/anaconda3/envs/airflow_udemy/lib/python3.7/site-packages/airflow/example_dags/example_bash_operator.py
[2021-01-21 21:56:12,248] {scheduler_job.py:639} INFO - DAG(s) dict_keys(['example_bash_operator']) retrieved from /home/ubuntu/anaconda3/envs/airflow_udemy/lib/python3.7/site-packages/airflow/example_dags/example_bash_operator.py
[2021-01-21 21:56:12,249] {logging_mixin.py:103} INFO - [2021-01-21 21:56:12,249] {dag.py:1813} INFO - Sync 1 DAGs
[2021-01-21 21:56:12,269] {logging_mixin.py:103} INFO - [2021-01-21 21:56:12,269] {dag.py:2266} INFO - Setting next_dagrun for example_bash_operator to 2021-01-19 00:00:00+00:00
[2021-01-21 21:56:12,281] {scheduler_job.py:189} INFO - Processing /home/ubuntu/anaconda3/envs/airflow_udemy/lib/python3.7/site-packages/airflow/example_dags/example_bash_operator.py took 0.046 seconds
[2021-01-21 21:56:40,193] {scheduler_job.py:181} INFO - Started process (PID=33375) to work on /home/ubuntu/anaconda3/envs/airflow_udemy/lib/python3.7/site-packages/airflow/example_dags/example_bash_operator.py
[2021-01-21 21:56:40,194] {scheduler_job.py:629} INFO - Processing file /home/ubuntu/anaconda3/envs/airflow_udemy/lib/python3.7/site-packages/airflow/example_dags/example_bash_operator.py for tasks to queue
[2021-01-21 21:56:40,194] {logging_mixin.py:103} INFO - [2021-01-21 21:56:40,194] {dagbag.py:440} INFO - Filling up the DagBag from /home/ubuntu/anaconda3/envs/airflow_udemy/lib/python3.7/site-packages/airflow/example_dags/example_bash_operator.py
[2021-01-21 21:56:40,203] {scheduler_job.py:639} INFO - DAG(s) dict_keys(['example_bash_operator']) retrieved from /home/ubuntu/anaconda3/envs/airflow_udemy/lib/python3.7/site-packages/airflow/example_dags/example_bash_operator.py
[2021-01-21 21:56:40,204] {logging_mixin.py:103} INFO - [2021-01-21 21:56:40,204] {dag.py:1813} INFO - Sync 1 DAGs
[2021-01-21 21:56:40,224] {logging_mixin.py:103} INFO - [2021-01-21 21:56:40,224] {dag.py:2266} INFO - Setting next_dagrun for example_bash_operator to 2021-01-19 00:00:00+00:00
[2021-01-21 21:56:40,236] {scheduler_job.py:189} INFO - Processing /home/ubuntu/anaconda3/envs/airflow_udemy/lib/python3.7/site-packages/airflow/example_dags/example_bash_operator.py took 0.045 seconds
[2021-01-21 21:57:08,801] {scheduler_job.py:181} INFO - Started process (PID=33447) to work on /home/ubuntu/anaconda3/envs/airflow_udemy/lib/python3.7/site-packages/airflow/example_dags/example_bash_operator.py
[2021-01-21 21:57:08,802] {scheduler_job.py:629} INFO - Processing file /home/ubuntu/anaconda3/envs/airflow_udemy/lib/python3.7/site-packages/airflow/example_dags/example_bash_operator.py for tasks to queue
[2021-01-21 21:57:08,803] {logging_mixin.py:103} INFO - [2021-01-21 21:57:08,803] {dagbag.py:440} INFO - Filling up the DagBag from /home/ubuntu/anaconda3/envs/airflow_udemy/lib/python3.7/site-packages/airflow/example_dags/example_bash_operator.py
[2021-01-21 21:57:08,812] {scheduler_job.py:639} INFO - DAG(s) dict_keys(['example_bash_operator']) retrieved from /home/ubuntu/anaconda3/envs/airflow_udemy/lib/python3.7/site-packages/airflow/example_dags/example_bash_operator.py
[2021-01-21 21:57:08,813] {logging_mixin.py:103} INFO - [2021-01-21 21:57:08,813] {dag.py:1813} INFO - Sync 1 DAGs
[2021-01-21 21:57:08,833] {logging_mixin.py:103} INFO - [2021-01-21 21:57:08,833] {dag.py:2266} INFO - Setting next_dagrun for example_bash_operator to 2021-01-19 00:00:00+00:00
[2021-01-21 21:57:08,845] {scheduler_job.py:189} INFO - Processing /home/ubuntu/anaconda3/envs/airflow_udemy/lib/python3.7/site-packages/airflow/example_dags/example_bash_operator.py took 0.046 seconds
