[2021-01-21 21:55:33,392] {scheduler_job.py:181} INFO - Started process (PID=33198) to work on /home/ubuntu/anaconda3/envs/airflow_udemy/lib/python3.7/site-packages/airflow/example_dags/example_external_task_marker_dag.py
[2021-01-21 21:55:33,393] {scheduler_job.py:629} INFO - Processing file /home/ubuntu/anaconda3/envs/airflow_udemy/lib/python3.7/site-packages/airflow/example_dags/example_external_task_marker_dag.py for tasks to queue
[2021-01-21 21:55:33,393] {logging_mixin.py:103} INFO - [2021-01-21 21:55:33,393] {dagbag.py:440} INFO - Filling up the DagBag from /home/ubuntu/anaconda3/envs/airflow_udemy/lib/python3.7/site-packages/airflow/example_dags/example_external_task_marker_dag.py
[2021-01-21 21:55:33,402] {scheduler_job.py:639} INFO - DAG(s) dict_keys(['example_external_task_marker_parent', 'example_external_task_marker_child']) retrieved from /home/ubuntu/anaconda3/envs/airflow_udemy/lib/python3.7/site-packages/airflow/example_dags/example_external_task_marker_dag.py
[2021-01-21 21:55:33,402] {logging_mixin.py:103} INFO - [2021-01-21 21:55:33,402] {dag.py:1813} INFO - Sync 2 DAGs
[2021-01-21 21:55:33,417] {logging_mixin.py:103} INFO - [2021-01-21 21:55:33,417] {dag.py:2266} INFO - Setting next_dagrun for example_external_task_marker_child to None
[2021-01-21 21:55:33,418] {logging_mixin.py:103} INFO - [2021-01-21 21:55:33,418] {dag.py:2266} INFO - Setting next_dagrun for example_external_task_marker_parent to None
[2021-01-21 21:55:33,438] {scheduler_job.py:189} INFO - Processing /home/ubuntu/anaconda3/envs/airflow_udemy/lib/python3.7/site-packages/airflow/example_dags/example_external_task_marker_dag.py took 0.049 seconds
[2021-01-21 21:56:01,984] {scheduler_job.py:181} INFO - Started process (PID=33278) to work on /home/ubuntu/anaconda3/envs/airflow_udemy/lib/python3.7/site-packages/airflow/example_dags/example_external_task_marker_dag.py
[2021-01-21 21:56:01,985] {scheduler_job.py:629} INFO - Processing file /home/ubuntu/anaconda3/envs/airflow_udemy/lib/python3.7/site-packages/airflow/example_dags/example_external_task_marker_dag.py for tasks to queue
[2021-01-21 21:56:01,986] {logging_mixin.py:103} INFO - [2021-01-21 21:56:01,986] {dagbag.py:440} INFO - Filling up the DagBag from /home/ubuntu/anaconda3/envs/airflow_udemy/lib/python3.7/site-packages/airflow/example_dags/example_external_task_marker_dag.py
[2021-01-21 21:56:01,994] {scheduler_job.py:639} INFO - DAG(s) dict_keys(['example_external_task_marker_parent', 'example_external_task_marker_child']) retrieved from /home/ubuntu/anaconda3/envs/airflow_udemy/lib/python3.7/site-packages/airflow/example_dags/example_external_task_marker_dag.py
[2021-01-21 21:56:01,995] {logging_mixin.py:103} INFO - [2021-01-21 21:56:01,995] {dag.py:1813} INFO - Sync 2 DAGs
[2021-01-21 21:56:02,009] {logging_mixin.py:103} INFO - [2021-01-21 21:56:02,009] {dag.py:2266} INFO - Setting next_dagrun for example_external_task_marker_child to None
[2021-01-21 21:56:02,010] {logging_mixin.py:103} INFO - [2021-01-21 21:56:02,010] {dag.py:2266} INFO - Setting next_dagrun for example_external_task_marker_parent to None
[2021-01-21 21:56:02,022] {scheduler_job.py:189} INFO - Processing /home/ubuntu/anaconda3/envs/airflow_udemy/lib/python3.7/site-packages/airflow/example_dags/example_external_task_marker_dag.py took 0.041 seconds
[2021-01-21 21:56:29,921] {scheduler_job.py:181} INFO - Started process (PID=33350) to work on /home/ubuntu/anaconda3/envs/airflow_udemy/lib/python3.7/site-packages/airflow/example_dags/example_external_task_marker_dag.py
[2021-01-21 21:56:29,922] {scheduler_job.py:629} INFO - Processing file /home/ubuntu/anaconda3/envs/airflow_udemy/lib/python3.7/site-packages/airflow/example_dags/example_external_task_marker_dag.py for tasks to queue
[2021-01-21 21:56:29,923] {logging_mixin.py:103} INFO - [2021-01-21 21:56:29,923] {dagbag.py:440} INFO - Filling up the DagBag from /home/ubuntu/anaconda3/envs/airflow_udemy/lib/python3.7/site-packages/airflow/example_dags/example_external_task_marker_dag.py
[2021-01-21 21:56:29,931] {scheduler_job.py:639} INFO - DAG(s) dict_keys(['example_external_task_marker_parent', 'example_external_task_marker_child']) retrieved from /home/ubuntu/anaconda3/envs/airflow_udemy/lib/python3.7/site-packages/airflow/example_dags/example_external_task_marker_dag.py
[2021-01-21 21:56:29,932] {logging_mixin.py:103} INFO - [2021-01-21 21:56:29,931] {dag.py:1813} INFO - Sync 2 DAGs
[2021-01-21 21:56:29,945] {logging_mixin.py:103} INFO - [2021-01-21 21:56:29,945] {dag.py:2266} INFO - Setting next_dagrun for example_external_task_marker_child to None
[2021-01-21 21:56:29,946] {logging_mixin.py:103} INFO - [2021-01-21 21:56:29,946] {dag.py:2266} INFO - Setting next_dagrun for example_external_task_marker_parent to None
[2021-01-21 21:56:29,965] {scheduler_job.py:189} INFO - Processing /home/ubuntu/anaconda3/envs/airflow_udemy/lib/python3.7/site-packages/airflow/example_dags/example_external_task_marker_dag.py took 0.047 seconds
[2021-01-21 21:56:58,518] {scheduler_job.py:181} INFO - Started process (PID=33422) to work on /home/ubuntu/anaconda3/envs/airflow_udemy/lib/python3.7/site-packages/airflow/example_dags/example_external_task_marker_dag.py
[2021-01-21 21:56:58,519] {scheduler_job.py:629} INFO - Processing file /home/ubuntu/anaconda3/envs/airflow_udemy/lib/python3.7/site-packages/airflow/example_dags/example_external_task_marker_dag.py for tasks to queue
[2021-01-21 21:56:58,519] {logging_mixin.py:103} INFO - [2021-01-21 21:56:58,519] {dagbag.py:440} INFO - Filling up the DagBag from /home/ubuntu/anaconda3/envs/airflow_udemy/lib/python3.7/site-packages/airflow/example_dags/example_external_task_marker_dag.py
[2021-01-21 21:56:58,527] {scheduler_job.py:639} INFO - DAG(s) dict_keys(['example_external_task_marker_parent', 'example_external_task_marker_child']) retrieved from /home/ubuntu/anaconda3/envs/airflow_udemy/lib/python3.7/site-packages/airflow/example_dags/example_external_task_marker_dag.py
[2021-01-21 21:56:58,528] {logging_mixin.py:103} INFO - [2021-01-21 21:56:58,528] {dag.py:1813} INFO - Sync 2 DAGs
[2021-01-21 21:56:58,542] {logging_mixin.py:103} INFO - [2021-01-21 21:56:58,542] {dag.py:2266} INFO - Setting next_dagrun for example_external_task_marker_child to None
[2021-01-21 21:56:58,543] {logging_mixin.py:103} INFO - [2021-01-21 21:56:58,543] {dag.py:2266} INFO - Setting next_dagrun for example_external_task_marker_parent to None
[2021-01-21 21:56:58,554] {scheduler_job.py:189} INFO - Processing /home/ubuntu/anaconda3/envs/airflow_udemy/lib/python3.7/site-packages/airflow/example_dags/example_external_task_marker_dag.py took 0.039 seconds
