[2021-01-21 21:55:29,376] {scheduler_job.py:181} INFO - Started process (PID=33188) to work on /home/ubuntu/anaconda3/envs/airflow_udemy/lib/python3.7/site-packages/airflow/example_dags/example_nested_branch_dag.py
[2021-01-21 21:55:29,377] {scheduler_job.py:629} INFO - Processing file /home/ubuntu/anaconda3/envs/airflow_udemy/lib/python3.7/site-packages/airflow/example_dags/example_nested_branch_dag.py for tasks to queue
[2021-01-21 21:55:29,377] {logging_mixin.py:103} INFO - [2021-01-21 21:55:29,377] {dagbag.py:440} INFO - Filling up the DagBag from /home/ubuntu/anaconda3/envs/airflow_udemy/lib/python3.7/site-packages/airflow/example_dags/example_nested_branch_dag.py
[2021-01-21 21:55:29,388] {scheduler_job.py:639} INFO - DAG(s) dict_keys(['example_nested_branch_dag']) retrieved from /home/ubuntu/anaconda3/envs/airflow_udemy/lib/python3.7/site-packages/airflow/example_dags/example_nested_branch_dag.py
[2021-01-21 21:55:29,389] {logging_mixin.py:103} INFO - [2021-01-21 21:55:29,389] {dag.py:1813} INFO - Sync 1 DAGs
[2021-01-21 21:55:29,408] {logging_mixin.py:103} INFO - [2021-01-21 21:55:29,408] {dag.py:2266} INFO - Setting next_dagrun for example_nested_branch_dag to 2021-01-19 00:00:00+00:00
[2021-01-21 21:55:29,427] {scheduler_job.py:189} INFO - Processing /home/ubuntu/anaconda3/envs/airflow_udemy/lib/python3.7/site-packages/airflow/example_dags/example_nested_branch_dag.py took 0.054 seconds
[2021-01-21 21:55:57,968] {scheduler_job.py:181} INFO - Started process (PID=33261) to work on /home/ubuntu/anaconda3/envs/airflow_udemy/lib/python3.7/site-packages/airflow/example_dags/example_nested_branch_dag.py
[2021-01-21 21:55:57,969] {scheduler_job.py:629} INFO - Processing file /home/ubuntu/anaconda3/envs/airflow_udemy/lib/python3.7/site-packages/airflow/example_dags/example_nested_branch_dag.py for tasks to queue
[2021-01-21 21:55:57,970] {logging_mixin.py:103} INFO - [2021-01-21 21:55:57,970] {dagbag.py:440} INFO - Filling up the DagBag from /home/ubuntu/anaconda3/envs/airflow_udemy/lib/python3.7/site-packages/airflow/example_dags/example_nested_branch_dag.py
[2021-01-21 21:55:57,981] {scheduler_job.py:639} INFO - DAG(s) dict_keys(['example_nested_branch_dag']) retrieved from /home/ubuntu/anaconda3/envs/airflow_udemy/lib/python3.7/site-packages/airflow/example_dags/example_nested_branch_dag.py
[2021-01-21 21:55:57,981] {logging_mixin.py:103} INFO - [2021-01-21 21:55:57,981] {dag.py:1813} INFO - Sync 1 DAGs
[2021-01-21 21:55:58,002] {logging_mixin.py:103} INFO - [2021-01-21 21:55:58,002] {dag.py:2266} INFO - Setting next_dagrun for example_nested_branch_dag to 2021-01-19 00:00:00+00:00
[2021-01-21 21:55:58,010] {scheduler_job.py:189} INFO - Processing /home/ubuntu/anaconda3/envs/airflow_udemy/lib/python3.7/site-packages/airflow/example_dags/example_nested_branch_dag.py took 0.044 seconds
[2021-01-21 21:56:26,193] {scheduler_job.py:181} INFO - Started process (PID=33340) to work on /home/ubuntu/anaconda3/envs/airflow_udemy/lib/python3.7/site-packages/airflow/example_dags/example_nested_branch_dag.py
[2021-01-21 21:56:26,194] {scheduler_job.py:629} INFO - Processing file /home/ubuntu/anaconda3/envs/airflow_udemy/lib/python3.7/site-packages/airflow/example_dags/example_nested_branch_dag.py for tasks to queue
[2021-01-21 21:56:26,195] {logging_mixin.py:103} INFO - [2021-01-21 21:56:26,195] {dagbag.py:440} INFO - Filling up the DagBag from /home/ubuntu/anaconda3/envs/airflow_udemy/lib/python3.7/site-packages/airflow/example_dags/example_nested_branch_dag.py
[2021-01-21 21:56:26,205] {scheduler_job.py:639} INFO - DAG(s) dict_keys(['example_nested_branch_dag']) retrieved from /home/ubuntu/anaconda3/envs/airflow_udemy/lib/python3.7/site-packages/airflow/example_dags/example_nested_branch_dag.py
[2021-01-21 21:56:26,206] {logging_mixin.py:103} INFO - [2021-01-21 21:56:26,206] {dag.py:1813} INFO - Sync 1 DAGs
[2021-01-21 21:56:26,225] {logging_mixin.py:103} INFO - [2021-01-21 21:56:26,225] {dag.py:2266} INFO - Setting next_dagrun for example_nested_branch_dag to 2021-01-19 00:00:00+00:00
[2021-01-21 21:56:26,237] {scheduler_job.py:189} INFO - Processing /home/ubuntu/anaconda3/envs/airflow_udemy/lib/python3.7/site-packages/airflow/example_dags/example_nested_branch_dag.py took 0.047 seconds
[2021-01-21 21:56:54,507] {scheduler_job.py:181} INFO - Started process (PID=33412) to work on /home/ubuntu/anaconda3/envs/airflow_udemy/lib/python3.7/site-packages/airflow/example_dags/example_nested_branch_dag.py
[2021-01-21 21:56:54,508] {scheduler_job.py:629} INFO - Processing file /home/ubuntu/anaconda3/envs/airflow_udemy/lib/python3.7/site-packages/airflow/example_dags/example_nested_branch_dag.py for tasks to queue
[2021-01-21 21:56:54,508] {logging_mixin.py:103} INFO - [2021-01-21 21:56:54,508] {dagbag.py:440} INFO - Filling up the DagBag from /home/ubuntu/anaconda3/envs/airflow_udemy/lib/python3.7/site-packages/airflow/example_dags/example_nested_branch_dag.py
[2021-01-21 21:56:54,519] {scheduler_job.py:639} INFO - DAG(s) dict_keys(['example_nested_branch_dag']) retrieved from /home/ubuntu/anaconda3/envs/airflow_udemy/lib/python3.7/site-packages/airflow/example_dags/example_nested_branch_dag.py
[2021-01-21 21:56:54,519] {logging_mixin.py:103} INFO - [2021-01-21 21:56:54,519] {dag.py:1813} INFO - Sync 1 DAGs
[2021-01-21 21:56:54,539] {logging_mixin.py:103} INFO - [2021-01-21 21:56:54,539] {dag.py:2266} INFO - Setting next_dagrun for example_nested_branch_dag to 2021-01-19 00:00:00+00:00
[2021-01-21 21:56:54,551] {scheduler_job.py:189} INFO - Processing /home/ubuntu/anaconda3/envs/airflow_udemy/lib/python3.7/site-packages/airflow/example_dags/example_nested_branch_dag.py took 0.047 seconds
