[2021-01-21 21:55:35,134] {scheduler_job.py:181} INFO - Started process (PID=33203) to work on /home/ubuntu/anaconda3/envs/airflow_udemy/lib/python3.7/site-packages/airflow/example_dags/example_branch_operator.py
[2021-01-21 21:55:35,135] {scheduler_job.py:629} INFO - Processing file /home/ubuntu/anaconda3/envs/airflow_udemy/lib/python3.7/site-packages/airflow/example_dags/example_branch_operator.py for tasks to queue
[2021-01-21 21:55:35,135] {logging_mixin.py:103} INFO - [2021-01-21 21:55:35,135] {dagbag.py:440} INFO - Filling up the DagBag from /home/ubuntu/anaconda3/envs/airflow_udemy/lib/python3.7/site-packages/airflow/example_dags/example_branch_operator.py
[2021-01-21 21:55:35,146] {scheduler_job.py:639} INFO - DAG(s) dict_keys(['example_branch_operator']) retrieved from /home/ubuntu/anaconda3/envs/airflow_udemy/lib/python3.7/site-packages/airflow/example_dags/example_branch_operator.py
[2021-01-21 21:55:35,147] {logging_mixin.py:103} INFO - [2021-01-21 21:55:35,147] {dag.py:1813} INFO - Sync 1 DAGs
[2021-01-21 21:55:35,167] {logging_mixin.py:103} INFO - [2021-01-21 21:55:35,167] {dag.py:2266} INFO - Setting next_dagrun for example_branch_operator to 2021-01-19 00:00:00+00:00
[2021-01-21 21:55:35,186] {scheduler_job.py:189} INFO - Processing /home/ubuntu/anaconda3/envs/airflow_udemy/lib/python3.7/site-packages/airflow/example_dags/example_branch_operator.py took 0.055 seconds
[2021-01-21 21:56:04,241] {scheduler_job.py:181} INFO - Started process (PID=33283) to work on /home/ubuntu/anaconda3/envs/airflow_udemy/lib/python3.7/site-packages/airflow/example_dags/example_branch_operator.py
[2021-01-21 21:56:04,242] {scheduler_job.py:629} INFO - Processing file /home/ubuntu/anaconda3/envs/airflow_udemy/lib/python3.7/site-packages/airflow/example_dags/example_branch_operator.py for tasks to queue
[2021-01-21 21:56:04,243] {logging_mixin.py:103} INFO - [2021-01-21 21:56:04,243] {dagbag.py:440} INFO - Filling up the DagBag from /home/ubuntu/anaconda3/envs/airflow_udemy/lib/python3.7/site-packages/airflow/example_dags/example_branch_operator.py
[2021-01-21 21:56:04,254] {scheduler_job.py:639} INFO - DAG(s) dict_keys(['example_branch_operator']) retrieved from /home/ubuntu/anaconda3/envs/airflow_udemy/lib/python3.7/site-packages/airflow/example_dags/example_branch_operator.py
[2021-01-21 21:56:04,254] {logging_mixin.py:103} INFO - [2021-01-21 21:56:04,254] {dag.py:1813} INFO - Sync 1 DAGs
[2021-01-21 21:56:04,274] {logging_mixin.py:103} INFO - [2021-01-21 21:56:04,274] {dag.py:2266} INFO - Setting next_dagrun for example_branch_operator to 2021-01-19 00:00:00+00:00
[2021-01-21 21:56:04,282] {scheduler_job.py:189} INFO - Processing /home/ubuntu/anaconda3/envs/airflow_udemy/lib/python3.7/site-packages/airflow/example_dags/example_branch_operator.py took 0.043 seconds
[2021-01-21 21:56:31,669] {scheduler_job.py:181} INFO - Started process (PID=33355) to work on /home/ubuntu/anaconda3/envs/airflow_udemy/lib/python3.7/site-packages/airflow/example_dags/example_branch_operator.py
[2021-01-21 21:56:31,670] {scheduler_job.py:629} INFO - Processing file /home/ubuntu/anaconda3/envs/airflow_udemy/lib/python3.7/site-packages/airflow/example_dags/example_branch_operator.py for tasks to queue
[2021-01-21 21:56:31,671] {logging_mixin.py:103} INFO - [2021-01-21 21:56:31,671] {dagbag.py:440} INFO - Filling up the DagBag from /home/ubuntu/anaconda3/envs/airflow_udemy/lib/python3.7/site-packages/airflow/example_dags/example_branch_operator.py
[2021-01-21 21:56:31,681] {scheduler_job.py:639} INFO - DAG(s) dict_keys(['example_branch_operator']) retrieved from /home/ubuntu/anaconda3/envs/airflow_udemy/lib/python3.7/site-packages/airflow/example_dags/example_branch_operator.py
[2021-01-21 21:56:31,682] {logging_mixin.py:103} INFO - [2021-01-21 21:56:31,682] {dag.py:1813} INFO - Sync 1 DAGs
[2021-01-21 21:56:31,702] {logging_mixin.py:103} INFO - [2021-01-21 21:56:31,701] {dag.py:2266} INFO - Setting next_dagrun for example_branch_operator to 2021-01-19 00:00:00+00:00
[2021-01-21 21:56:31,714] {scheduler_job.py:189} INFO - Processing /home/ubuntu/anaconda3/envs/airflow_udemy/lib/python3.7/site-packages/airflow/example_dags/example_branch_operator.py took 0.047 seconds
[2021-01-21 21:57:00,775] {scheduler_job.py:181} INFO - Started process (PID=33427) to work on /home/ubuntu/anaconda3/envs/airflow_udemy/lib/python3.7/site-packages/airflow/example_dags/example_branch_operator.py
[2021-01-21 21:57:00,775] {scheduler_job.py:629} INFO - Processing file /home/ubuntu/anaconda3/envs/airflow_udemy/lib/python3.7/site-packages/airflow/example_dags/example_branch_operator.py for tasks to queue
[2021-01-21 21:57:00,776] {logging_mixin.py:103} INFO - [2021-01-21 21:57:00,776] {dagbag.py:440} INFO - Filling up the DagBag from /home/ubuntu/anaconda3/envs/airflow_udemy/lib/python3.7/site-packages/airflow/example_dags/example_branch_operator.py
[2021-01-21 21:57:00,787] {scheduler_job.py:639} INFO - DAG(s) dict_keys(['example_branch_operator']) retrieved from /home/ubuntu/anaconda3/envs/airflow_udemy/lib/python3.7/site-packages/airflow/example_dags/example_branch_operator.py
[2021-01-21 21:57:00,788] {logging_mixin.py:103} INFO - [2021-01-21 21:57:00,787] {dag.py:1813} INFO - Sync 1 DAGs
[2021-01-21 21:57:00,807] {logging_mixin.py:103} INFO - [2021-01-21 21:57:00,807] {dag.py:2266} INFO - Setting next_dagrun for example_branch_operator to 2021-01-19 00:00:00+00:00
[2021-01-21 21:57:00,820] {scheduler_job.py:189} INFO - Processing /home/ubuntu/anaconda3/envs/airflow_udemy/lib/python3.7/site-packages/airflow/example_dags/example_branch_operator.py took 0.048 seconds
