[2021-01-21 21:55:21,980] {scheduler_job.py:181} INFO - Started process (PID=33165) to work on /home/ubuntu/anaconda3/envs/airflow_udemy/lib/python3.7/site-packages/airflow/example_dags/example_dag_decorator.py
[2021-01-21 21:55:21,981] {scheduler_job.py:629} INFO - Processing file /home/ubuntu/anaconda3/envs/airflow_udemy/lib/python3.7/site-packages/airflow/example_dags/example_dag_decorator.py for tasks to queue
[2021-01-21 21:55:21,981] {logging_mixin.py:103} INFO - [2021-01-21 21:55:21,981] {dagbag.py:440} INFO - Filling up the DagBag from /home/ubuntu/anaconda3/envs/airflow_udemy/lib/python3.7/site-packages/airflow/example_dags/example_dag_decorator.py
[2021-01-21 21:55:21,992] {scheduler_job.py:639} INFO - DAG(s) dict_keys(['example_dag_decorator']) retrieved from /home/ubuntu/anaconda3/envs/airflow_udemy/lib/python3.7/site-packages/airflow/example_dags/example_dag_decorator.py
[2021-01-21 21:55:21,993] {logging_mixin.py:103} INFO - [2021-01-21 21:55:21,993] {dag.py:1813} INFO - Sync 1 DAGs
[2021-01-21 21:55:22,006] {logging_mixin.py:103} INFO - [2021-01-21 21:55:22,006] {dag.py:2266} INFO - Setting next_dagrun for example_dag_decorator to None
[2021-01-21 21:55:22,023] {scheduler_job.py:189} INFO - Processing /home/ubuntu/anaconda3/envs/airflow_udemy/lib/python3.7/site-packages/airflow/example_dags/example_dag_decorator.py took 0.046 seconds
[2021-01-21 21:55:49,942] {scheduler_job.py:181} INFO - Started process (PID=33240) to work on /home/ubuntu/anaconda3/envs/airflow_udemy/lib/python3.7/site-packages/airflow/example_dags/example_dag_decorator.py
[2021-01-21 21:55:49,943] {scheduler_job.py:629} INFO - Processing file /home/ubuntu/anaconda3/envs/airflow_udemy/lib/python3.7/site-packages/airflow/example_dags/example_dag_decorator.py for tasks to queue
[2021-01-21 21:55:49,943] {logging_mixin.py:103} INFO - [2021-01-21 21:55:49,943] {dagbag.py:440} INFO - Filling up the DagBag from /home/ubuntu/anaconda3/envs/airflow_udemy/lib/python3.7/site-packages/airflow/example_dags/example_dag_decorator.py
[2021-01-21 21:55:49,954] {scheduler_job.py:639} INFO - DAG(s) dict_keys(['example_dag_decorator']) retrieved from /home/ubuntu/anaconda3/envs/airflow_udemy/lib/python3.7/site-packages/airflow/example_dags/example_dag_decorator.py
[2021-01-21 21:55:49,955] {logging_mixin.py:103} INFO - [2021-01-21 21:55:49,955] {dag.py:1813} INFO - Sync 1 DAGs
[2021-01-21 21:55:49,969] {logging_mixin.py:103} INFO - [2021-01-21 21:55:49,969] {dag.py:2266} INFO - Setting next_dagrun for example_dag_decorator to None
[2021-01-21 21:55:49,976] {scheduler_job.py:189} INFO - Processing /home/ubuntu/anaconda3/envs/airflow_udemy/lib/python3.7/site-packages/airflow/example_dags/example_dag_decorator.py took 0.037 seconds
[2021-01-21 21:56:18,505] {scheduler_job.py:181} INFO - Started process (PID=33319) to work on /home/ubuntu/anaconda3/envs/airflow_udemy/lib/python3.7/site-packages/airflow/example_dags/example_dag_decorator.py
[2021-01-21 21:56:18,506] {scheduler_job.py:629} INFO - Processing file /home/ubuntu/anaconda3/envs/airflow_udemy/lib/python3.7/site-packages/airflow/example_dags/example_dag_decorator.py for tasks to queue
[2021-01-21 21:56:18,507] {logging_mixin.py:103} INFO - [2021-01-21 21:56:18,506] {dagbag.py:440} INFO - Filling up the DagBag from /home/ubuntu/anaconda3/envs/airflow_udemy/lib/python3.7/site-packages/airflow/example_dags/example_dag_decorator.py
[2021-01-21 21:56:18,517] {scheduler_job.py:639} INFO - DAG(s) dict_keys(['example_dag_decorator']) retrieved from /home/ubuntu/anaconda3/envs/airflow_udemy/lib/python3.7/site-packages/airflow/example_dags/example_dag_decorator.py
[2021-01-21 21:56:18,518] {logging_mixin.py:103} INFO - [2021-01-21 21:56:18,518] {dag.py:1813} INFO - Sync 1 DAGs
[2021-01-21 21:56:18,531] {logging_mixin.py:103} INFO - [2021-01-21 21:56:18,531] {dag.py:2266} INFO - Setting next_dagrun for example_dag_decorator to None
[2021-01-21 21:56:18,548] {scheduler_job.py:189} INFO - Processing /home/ubuntu/anaconda3/envs/airflow_udemy/lib/python3.7/site-packages/airflow/example_dags/example_dag_decorator.py took 0.046 seconds
[2021-01-21 21:56:46,480] {scheduler_job.py:181} INFO - Started process (PID=33391) to work on /home/ubuntu/anaconda3/envs/airflow_udemy/lib/python3.7/site-packages/airflow/example_dags/example_dag_decorator.py
[2021-01-21 21:56:46,481] {scheduler_job.py:629} INFO - Processing file /home/ubuntu/anaconda3/envs/airflow_udemy/lib/python3.7/site-packages/airflow/example_dags/example_dag_decorator.py for tasks to queue
[2021-01-21 21:56:46,481] {logging_mixin.py:103} INFO - [2021-01-21 21:56:46,481] {dagbag.py:440} INFO - Filling up the DagBag from /home/ubuntu/anaconda3/envs/airflow_udemy/lib/python3.7/site-packages/airflow/example_dags/example_dag_decorator.py
[2021-01-21 21:56:46,492] {scheduler_job.py:639} INFO - DAG(s) dict_keys(['example_dag_decorator']) retrieved from /home/ubuntu/anaconda3/envs/airflow_udemy/lib/python3.7/site-packages/airflow/example_dags/example_dag_decorator.py
[2021-01-21 21:56:46,493] {logging_mixin.py:103} INFO - [2021-01-21 21:56:46,493] {dag.py:1813} INFO - Sync 1 DAGs
[2021-01-21 21:56:46,506] {logging_mixin.py:103} INFO - [2021-01-21 21:56:46,506] {dag.py:2266} INFO - Setting next_dagrun for example_dag_decorator to None
[2021-01-21 21:56:46,513] {scheduler_job.py:189} INFO - Processing /home/ubuntu/anaconda3/envs/airflow_udemy/lib/python3.7/site-packages/airflow/example_dags/example_dag_decorator.py took 0.035 seconds
[2021-01-21 21:57:14,999] {scheduler_job.py:181} INFO - Started process (PID=33466) to work on /home/ubuntu/anaconda3/envs/airflow_udemy/lib/python3.7/site-packages/airflow/example_dags/example_dag_decorator.py
[2021-01-21 21:57:15,000] {scheduler_job.py:629} INFO - Processing file /home/ubuntu/anaconda3/envs/airflow_udemy/lib/python3.7/site-packages/airflow/example_dags/example_dag_decorator.py for tasks to queue
[2021-01-21 21:57:15,000] {logging_mixin.py:103} INFO - [2021-01-21 21:57:15,000] {dagbag.py:440} INFO - Filling up the DagBag from /home/ubuntu/anaconda3/envs/airflow_udemy/lib/python3.7/site-packages/airflow/example_dags/example_dag_decorator.py
[2021-01-21 21:57:15,012] {scheduler_job.py:639} INFO - DAG(s) dict_keys(['example_dag_decorator']) retrieved from /home/ubuntu/anaconda3/envs/airflow_udemy/lib/python3.7/site-packages/airflow/example_dags/example_dag_decorator.py
[2021-01-21 21:57:15,013] {logging_mixin.py:103} INFO - [2021-01-21 21:57:15,013] {dag.py:1813} INFO - Sync 1 DAGs
[2021-01-21 21:57:15,027] {logging_mixin.py:103} INFO - [2021-01-21 21:57:15,027] {dag.py:2266} INFO - Setting next_dagrun for example_dag_decorator to None
[2021-01-21 21:57:15,056] {scheduler_job.py:189} INFO - Processing /home/ubuntu/anaconda3/envs/airflow_udemy/lib/python3.7/site-packages/airflow/example_dags/example_dag_decorator.py took 0.059 seconds
