[2021-01-21 21:55:14,126] {scheduler_job.py:181} INFO - Started process (PID=33130) to work on /home/ubuntu/anaconda3/envs/airflow_udemy/lib/python3.7/site-packages/airflow/example_dags/example_subdag_operator.py
[2021-01-21 21:55:14,127] {scheduler_job.py:629} INFO - Processing file /home/ubuntu/anaconda3/envs/airflow_udemy/lib/python3.7/site-packages/airflow/example_dags/example_subdag_operator.py for tasks to queue
[2021-01-21 21:55:14,127] {logging_mixin.py:103} INFO - [2021-01-21 21:55:14,127] {dagbag.py:440} INFO - Filling up the DagBag from /home/ubuntu/anaconda3/envs/airflow_udemy/lib/python3.7/site-packages/airflow/example_dags/example_subdag_operator.py
[2021-01-21 21:55:14,144] {scheduler_job.py:639} INFO - DAG(s) dict_keys(['example_subdag_operator.section-1', 'example_subdag_operator.section-2', 'example_subdag_operator']) retrieved from /home/ubuntu/anaconda3/envs/airflow_udemy/lib/python3.7/site-packages/airflow/example_dags/example_subdag_operator.py
[2021-01-21 21:55:14,145] {logging_mixin.py:103} INFO - [2021-01-21 21:55:14,145] {dag.py:1813} INFO - Sync 3 DAGs
[2021-01-21 21:55:14,155] {logging_mixin.py:103} INFO - [2021-01-21 21:55:14,155] {dag.py:2266} INFO - Setting next_dagrun for example_subdag_operator to 2021-01-19 00:00:00+00:00
[2021-01-21 21:55:14,156] {logging_mixin.py:103} INFO - [2021-01-21 21:55:14,156] {dag.py:2266} INFO - Setting next_dagrun for example_subdag_operator.section-1 to None
[2021-01-21 21:55:14,156] {logging_mixin.py:103} INFO - [2021-01-21 21:55:14,156] {dag.py:2266} INFO - Setting next_dagrun for example_subdag_operator.section-2 to None
[2021-01-21 21:55:14,159] {logging_mixin.py:103} INFO - [2021-01-21 21:55:14,159] {dag.py:1813} INFO - Sync 2 DAGs
[2021-01-21 21:55:14,165] {logging_mixin.py:103} INFO - [2021-01-21 21:55:14,164] {dag.py:2266} INFO - Setting next_dagrun for example_subdag_operator.section-1 to None
[2021-01-21 21:55:14,165] {logging_mixin.py:103} INFO - [2021-01-21 21:55:14,165] {dag.py:2266} INFO - Setting next_dagrun for example_subdag_operator.section-2 to None
[2021-01-21 21:55:14,175] {scheduler_job.py:189} INFO - Processing /home/ubuntu/anaconda3/envs/airflow_udemy/lib/python3.7/site-packages/airflow/example_dags/example_subdag_operator.py took 0.051 seconds
[2021-01-21 21:55:41,417] {scheduler_job.py:181} INFO - Started process (PID=33218) to work on /home/ubuntu/anaconda3/envs/airflow_udemy/lib/python3.7/site-packages/airflow/example_dags/example_subdag_operator.py
[2021-01-21 21:55:41,418] {scheduler_job.py:629} INFO - Processing file /home/ubuntu/anaconda3/envs/airflow_udemy/lib/python3.7/site-packages/airflow/example_dags/example_subdag_operator.py for tasks to queue
[2021-01-21 21:55:41,418] {logging_mixin.py:103} INFO - [2021-01-21 21:55:41,418] {dagbag.py:440} INFO - Filling up the DagBag from /home/ubuntu/anaconda3/envs/airflow_udemy/lib/python3.7/site-packages/airflow/example_dags/example_subdag_operator.py
[2021-01-21 21:55:41,436] {scheduler_job.py:639} INFO - DAG(s) dict_keys(['example_subdag_operator.section-1', 'example_subdag_operator.section-2', 'example_subdag_operator']) retrieved from /home/ubuntu/anaconda3/envs/airflow_udemy/lib/python3.7/site-packages/airflow/example_dags/example_subdag_operator.py
[2021-01-21 21:55:41,437] {logging_mixin.py:103} INFO - [2021-01-21 21:55:41,437] {dag.py:1813} INFO - Sync 3 DAGs
[2021-01-21 21:55:41,447] {logging_mixin.py:103} INFO - [2021-01-21 21:55:41,447] {dag.py:2266} INFO - Setting next_dagrun for example_subdag_operator to 2021-01-19 00:00:00+00:00
[2021-01-21 21:55:41,448] {logging_mixin.py:103} INFO - [2021-01-21 21:55:41,448] {dag.py:2266} INFO - Setting next_dagrun for example_subdag_operator.section-1 to None
[2021-01-21 21:55:41,448] {logging_mixin.py:103} INFO - [2021-01-21 21:55:41,448] {dag.py:2266} INFO - Setting next_dagrun for example_subdag_operator.section-2 to None
[2021-01-21 21:55:41,452] {logging_mixin.py:103} INFO - [2021-01-21 21:55:41,452] {dag.py:1813} INFO - Sync 2 DAGs
[2021-01-21 21:55:41,457] {logging_mixin.py:103} INFO - [2021-01-21 21:55:41,457] {dag.py:2266} INFO - Setting next_dagrun for example_subdag_operator.section-1 to None
[2021-01-21 21:55:41,457] {logging_mixin.py:103} INFO - [2021-01-21 21:55:41,457] {dag.py:2266} INFO - Setting next_dagrun for example_subdag_operator.section-2 to None
[2021-01-21 21:55:41,468] {scheduler_job.py:189} INFO - Processing /home/ubuntu/anaconda3/envs/airflow_udemy/lib/python3.7/site-packages/airflow/example_dags/example_subdag_operator.py took 0.053 seconds
[2021-01-21 21:56:09,925] {scheduler_job.py:181} INFO - Started process (PID=33298) to work on /home/ubuntu/anaconda3/envs/airflow_udemy/lib/python3.7/site-packages/airflow/example_dags/example_subdag_operator.py
[2021-01-21 21:56:09,926] {scheduler_job.py:629} INFO - Processing file /home/ubuntu/anaconda3/envs/airflow_udemy/lib/python3.7/site-packages/airflow/example_dags/example_subdag_operator.py for tasks to queue
[2021-01-21 21:56:09,927] {logging_mixin.py:103} INFO - [2021-01-21 21:56:09,926] {dagbag.py:440} INFO - Filling up the DagBag from /home/ubuntu/anaconda3/envs/airflow_udemy/lib/python3.7/site-packages/airflow/example_dags/example_subdag_operator.py
[2021-01-21 21:56:09,944] {scheduler_job.py:639} INFO - DAG(s) dict_keys(['example_subdag_operator.section-1', 'example_subdag_operator.section-2', 'example_subdag_operator']) retrieved from /home/ubuntu/anaconda3/envs/airflow_udemy/lib/python3.7/site-packages/airflow/example_dags/example_subdag_operator.py
[2021-01-21 21:56:09,945] {logging_mixin.py:103} INFO - [2021-01-21 21:56:09,945] {dag.py:1813} INFO - Sync 3 DAGs
[2021-01-21 21:56:09,956] {logging_mixin.py:103} INFO - [2021-01-21 21:56:09,956] {dag.py:2266} INFO - Setting next_dagrun for example_subdag_operator to 2021-01-19 00:00:00+00:00
[2021-01-21 21:56:09,956] {logging_mixin.py:103} INFO - [2021-01-21 21:56:09,956] {dag.py:2266} INFO - Setting next_dagrun for example_subdag_operator.section-1 to None
[2021-01-21 21:56:09,957] {logging_mixin.py:103} INFO - [2021-01-21 21:56:09,957] {dag.py:2266} INFO - Setting next_dagrun for example_subdag_operator.section-2 to None
[2021-01-21 21:56:09,960] {logging_mixin.py:103} INFO - [2021-01-21 21:56:09,960] {dag.py:1813} INFO - Sync 2 DAGs
[2021-01-21 21:56:09,966] {logging_mixin.py:103} INFO - [2021-01-21 21:56:09,966] {dag.py:2266} INFO - Setting next_dagrun for example_subdag_operator.section-1 to None
[2021-01-21 21:56:09,966] {logging_mixin.py:103} INFO - [2021-01-21 21:56:09,966] {dag.py:2266} INFO - Setting next_dagrun for example_subdag_operator.section-2 to None
[2021-01-21 21:56:09,977] {scheduler_job.py:189} INFO - Processing /home/ubuntu/anaconda3/envs/airflow_udemy/lib/python3.7/site-packages/airflow/example_dags/example_subdag_operator.py took 0.054 seconds
[2021-01-21 21:56:37,947] {scheduler_job.py:181} INFO - Started process (PID=33370) to work on /home/ubuntu/anaconda3/envs/airflow_udemy/lib/python3.7/site-packages/airflow/example_dags/example_subdag_operator.py
[2021-01-21 21:56:37,948] {scheduler_job.py:629} INFO - Processing file /home/ubuntu/anaconda3/envs/airflow_udemy/lib/python3.7/site-packages/airflow/example_dags/example_subdag_operator.py for tasks to queue
[2021-01-21 21:56:37,949] {logging_mixin.py:103} INFO - [2021-01-21 21:56:37,949] {dagbag.py:440} INFO - Filling up the DagBag from /home/ubuntu/anaconda3/envs/airflow_udemy/lib/python3.7/site-packages/airflow/example_dags/example_subdag_operator.py
[2021-01-21 21:56:37,966] {scheduler_job.py:639} INFO - DAG(s) dict_keys(['example_subdag_operator.section-1', 'example_subdag_operator.section-2', 'example_subdag_operator']) retrieved from /home/ubuntu/anaconda3/envs/airflow_udemy/lib/python3.7/site-packages/airflow/example_dags/example_subdag_operator.py
[2021-01-21 21:56:37,967] {logging_mixin.py:103} INFO - [2021-01-21 21:56:37,967] {dag.py:1813} INFO - Sync 3 DAGs
[2021-01-21 21:56:37,978] {logging_mixin.py:103} INFO - [2021-01-21 21:56:37,978] {dag.py:2266} INFO - Setting next_dagrun for example_subdag_operator to 2021-01-19 00:00:00+00:00
[2021-01-21 21:56:37,979] {logging_mixin.py:103} INFO - [2021-01-21 21:56:37,979] {dag.py:2266} INFO - Setting next_dagrun for example_subdag_operator.section-1 to None
[2021-01-21 21:56:37,979] {logging_mixin.py:103} INFO - [2021-01-21 21:56:37,979] {dag.py:2266} INFO - Setting next_dagrun for example_subdag_operator.section-2 to None
[2021-01-21 21:56:37,982] {logging_mixin.py:103} INFO - [2021-01-21 21:56:37,982] {dag.py:1813} INFO - Sync 2 DAGs
[2021-01-21 21:56:37,988] {logging_mixin.py:103} INFO - [2021-01-21 21:56:37,988] {dag.py:2266} INFO - Setting next_dagrun for example_subdag_operator.section-1 to None
[2021-01-21 21:56:37,988] {logging_mixin.py:103} INFO - [2021-01-21 21:56:37,988] {dag.py:2266} INFO - Setting next_dagrun for example_subdag_operator.section-2 to None
[2021-01-21 21:56:37,999] {scheduler_job.py:189} INFO - Processing /home/ubuntu/anaconda3/envs/airflow_udemy/lib/python3.7/site-packages/airflow/example_dags/example_subdag_operator.py took 0.054 seconds
[2021-01-21 21:57:07,048] {scheduler_job.py:181} INFO - Started process (PID=33445) to work on /home/ubuntu/anaconda3/envs/airflow_udemy/lib/python3.7/site-packages/airflow/example_dags/example_subdag_operator.py
[2021-01-21 21:57:07,049] {scheduler_job.py:629} INFO - Processing file /home/ubuntu/anaconda3/envs/airflow_udemy/lib/python3.7/site-packages/airflow/example_dags/example_subdag_operator.py for tasks to queue
[2021-01-21 21:57:07,049] {logging_mixin.py:103} INFO - [2021-01-21 21:57:07,049] {dagbag.py:440} INFO - Filling up the DagBag from /home/ubuntu/anaconda3/envs/airflow_udemy/lib/python3.7/site-packages/airflow/example_dags/example_subdag_operator.py
[2021-01-21 21:57:07,066] {scheduler_job.py:639} INFO - DAG(s) dict_keys(['example_subdag_operator.section-1', 'example_subdag_operator.section-2', 'example_subdag_operator']) retrieved from /home/ubuntu/anaconda3/envs/airflow_udemy/lib/python3.7/site-packages/airflow/example_dags/example_subdag_operator.py
[2021-01-21 21:57:07,067] {logging_mixin.py:103} INFO - [2021-01-21 21:57:07,067] {dag.py:1813} INFO - Sync 3 DAGs
[2021-01-21 21:57:07,077] {logging_mixin.py:103} INFO - [2021-01-21 21:57:07,077] {dag.py:2266} INFO - Setting next_dagrun for example_subdag_operator to 2021-01-19 00:00:00+00:00
[2021-01-21 21:57:07,078] {logging_mixin.py:103} INFO - [2021-01-21 21:57:07,078] {dag.py:2266} INFO - Setting next_dagrun for example_subdag_operator.section-1 to None
[2021-01-21 21:57:07,078] {logging_mixin.py:103} INFO - [2021-01-21 21:57:07,078] {dag.py:2266} INFO - Setting next_dagrun for example_subdag_operator.section-2 to None
[2021-01-21 21:57:07,082] {logging_mixin.py:103} INFO - [2021-01-21 21:57:07,082] {dag.py:1813} INFO - Sync 2 DAGs
[2021-01-21 21:57:07,087] {logging_mixin.py:103} INFO - [2021-01-21 21:57:07,087] {dag.py:2266} INFO - Setting next_dagrun for example_subdag_operator.section-1 to None
[2021-01-21 21:57:07,087] {logging_mixin.py:103} INFO - [2021-01-21 21:57:07,087] {dag.py:2266} INFO - Setting next_dagrun for example_subdag_operator.section-2 to None
[2021-01-21 21:57:07,098] {scheduler_job.py:189} INFO - Processing /home/ubuntu/anaconda3/envs/airflow_udemy/lib/python3.7/site-packages/airflow/example_dags/example_subdag_operator.py took 0.053 seconds
