[2021-01-21 21:55:34,520] {scheduler_job.py:181} INFO - Started process (PID=33199) to work on /home/ubuntu/anaconda3/envs/airflow_udemy/lib/python3.7/site-packages/airflow/example_dags/example_xcom.py
[2021-01-21 21:55:34,521] {scheduler_job.py:629} INFO - Processing file /home/ubuntu/anaconda3/envs/airflow_udemy/lib/python3.7/site-packages/airflow/example_dags/example_xcom.py for tasks to queue
[2021-01-21 21:55:34,521] {logging_mixin.py:103} INFO - [2021-01-21 21:55:34,521] {dagbag.py:440} INFO - Filling up the DagBag from /home/ubuntu/anaconda3/envs/airflow_udemy/lib/python3.7/site-packages/airflow/example_dags/example_xcom.py
[2021-01-21 21:55:34,530] {scheduler_job.py:639} INFO - DAG(s) dict_keys(['example_xcom']) retrieved from /home/ubuntu/anaconda3/envs/airflow_udemy/lib/python3.7/site-packages/airflow/example_dags/example_xcom.py
[2021-01-21 21:55:34,530] {logging_mixin.py:103} INFO - [2021-01-21 21:55:34,530] {dag.py:1813} INFO - Sync 1 DAGs
[2021-01-21 21:55:34,544] {logging_mixin.py:103} INFO - [2021-01-21 21:55:34,544] {dag.py:2266} INFO - Setting next_dagrun for example_xcom to 2021-01-19 00:00:00+00:00
[2021-01-21 21:55:34,556] {scheduler_job.py:189} INFO - Processing /home/ubuntu/anaconda3/envs/airflow_udemy/lib/python3.7/site-packages/airflow/example_dags/example_xcom.py took 0.038 seconds
[2021-01-21 21:56:03,113] {scheduler_job.py:181} INFO - Started process (PID=33282) to work on /home/ubuntu/anaconda3/envs/airflow_udemy/lib/python3.7/site-packages/airflow/example_dags/example_xcom.py
[2021-01-21 21:56:03,114] {scheduler_job.py:629} INFO - Processing file /home/ubuntu/anaconda3/envs/airflow_udemy/lib/python3.7/site-packages/airflow/example_dags/example_xcom.py for tasks to queue
[2021-01-21 21:56:03,114] {logging_mixin.py:103} INFO - [2021-01-21 21:56:03,114] {dagbag.py:440} INFO - Filling up the DagBag from /home/ubuntu/anaconda3/envs/airflow_udemy/lib/python3.7/site-packages/airflow/example_dags/example_xcom.py
[2021-01-21 21:56:03,123] {scheduler_job.py:639} INFO - DAG(s) dict_keys(['example_xcom']) retrieved from /home/ubuntu/anaconda3/envs/airflow_udemy/lib/python3.7/site-packages/airflow/example_dags/example_xcom.py
[2021-01-21 21:56:03,124] {logging_mixin.py:103} INFO - [2021-01-21 21:56:03,123] {dag.py:1813} INFO - Sync 1 DAGs
[2021-01-21 21:56:03,138] {logging_mixin.py:103} INFO - [2021-01-21 21:56:03,138] {dag.py:2266} INFO - Setting next_dagrun for example_xcom to 2021-01-19 00:00:00+00:00
[2021-01-21 21:56:03,149] {scheduler_job.py:189} INFO - Processing /home/ubuntu/anaconda3/envs/airflow_udemy/lib/python3.7/site-packages/airflow/example_dags/example_xcom.py took 0.039 seconds
[2021-01-21 21:56:31,049] {scheduler_job.py:181} INFO - Started process (PID=33354) to work on /home/ubuntu/anaconda3/envs/airflow_udemy/lib/python3.7/site-packages/airflow/example_dags/example_xcom.py
[2021-01-21 21:56:31,051] {scheduler_job.py:629} INFO - Processing file /home/ubuntu/anaconda3/envs/airflow_udemy/lib/python3.7/site-packages/airflow/example_dags/example_xcom.py for tasks to queue
[2021-01-21 21:56:31,051] {logging_mixin.py:103} INFO - [2021-01-21 21:56:31,051] {dagbag.py:440} INFO - Filling up the DagBag from /home/ubuntu/anaconda3/envs/airflow_udemy/lib/python3.7/site-packages/airflow/example_dags/example_xcom.py
[2021-01-21 21:56:31,059] {scheduler_job.py:639} INFO - DAG(s) dict_keys(['example_xcom']) retrieved from /home/ubuntu/anaconda3/envs/airflow_udemy/lib/python3.7/site-packages/airflow/example_dags/example_xcom.py
[2021-01-21 21:56:31,060] {logging_mixin.py:103} INFO - [2021-01-21 21:56:31,060] {dag.py:1813} INFO - Sync 1 DAGs
[2021-01-21 21:56:31,074] {logging_mixin.py:103} INFO - [2021-01-21 21:56:31,074] {dag.py:2266} INFO - Setting next_dagrun for example_xcom to 2021-01-19 00:00:00+00:00
[2021-01-21 21:56:31,085] {scheduler_job.py:189} INFO - Processing /home/ubuntu/anaconda3/envs/airflow_udemy/lib/python3.7/site-packages/airflow/example_dags/example_xcom.py took 0.038 seconds
[2021-01-21 21:56:59,646] {scheduler_job.py:181} INFO - Started process (PID=33426) to work on /home/ubuntu/anaconda3/envs/airflow_udemy/lib/python3.7/site-packages/airflow/example_dags/example_xcom.py
[2021-01-21 21:56:59,647] {scheduler_job.py:629} INFO - Processing file /home/ubuntu/anaconda3/envs/airflow_udemy/lib/python3.7/site-packages/airflow/example_dags/example_xcom.py for tasks to queue
[2021-01-21 21:56:59,648] {logging_mixin.py:103} INFO - [2021-01-21 21:56:59,647] {dagbag.py:440} INFO - Filling up the DagBag from /home/ubuntu/anaconda3/envs/airflow_udemy/lib/python3.7/site-packages/airflow/example_dags/example_xcom.py
[2021-01-21 21:56:59,656] {scheduler_job.py:639} INFO - DAG(s) dict_keys(['example_xcom']) retrieved from /home/ubuntu/anaconda3/envs/airflow_udemy/lib/python3.7/site-packages/airflow/example_dags/example_xcom.py
[2021-01-21 21:56:59,656] {logging_mixin.py:103} INFO - [2021-01-21 21:56:59,656] {dag.py:1813} INFO - Sync 1 DAGs
[2021-01-21 21:56:59,670] {logging_mixin.py:103} INFO - [2021-01-21 21:56:59,670] {dag.py:2266} INFO - Setting next_dagrun for example_xcom to 2021-01-19 00:00:00+00:00
[2021-01-21 21:56:59,681] {scheduler_job.py:189} INFO - Processing /home/ubuntu/anaconda3/envs/airflow_udemy/lib/python3.7/site-packages/airflow/example_dags/example_xcom.py took 0.038 seconds
