[2021-01-21 21:55:31,134] {scheduler_job.py:181} INFO - Started process (PID=33193) to work on /home/ubuntu/anaconda3/envs/airflow_udemy/lib/python3.7/site-packages/airflow/example_dags/example_trigger_controller_dag.py
[2021-01-21 21:55:31,135] {scheduler_job.py:629} INFO - Processing file /home/ubuntu/anaconda3/envs/airflow_udemy/lib/python3.7/site-packages/airflow/example_dags/example_trigger_controller_dag.py for tasks to queue
[2021-01-21 21:55:31,136] {logging_mixin.py:103} INFO - [2021-01-21 21:55:31,136] {dagbag.py:440} INFO - Filling up the DagBag from /home/ubuntu/anaconda3/envs/airflow_udemy/lib/python3.7/site-packages/airflow/example_dags/example_trigger_controller_dag.py
[2021-01-21 21:55:31,143] {scheduler_job.py:639} INFO - DAG(s) dict_keys(['example_trigger_controller_dag']) retrieved from /home/ubuntu/anaconda3/envs/airflow_udemy/lib/python3.7/site-packages/airflow/example_dags/example_trigger_controller_dag.py
[2021-01-21 21:55:31,144] {logging_mixin.py:103} INFO - [2021-01-21 21:55:31,144] {dag.py:1813} INFO - Sync 1 DAGs
[2021-01-21 21:55:31,158] {logging_mixin.py:103} INFO - [2021-01-21 21:55:31,158] {dag.py:2266} INFO - Setting next_dagrun for example_trigger_controller_dag to 2021-01-19 00:00:00+00:00
[2021-01-21 21:55:31,169] {scheduler_job.py:189} INFO - Processing /home/ubuntu/anaconda3/envs/airflow_udemy/lib/python3.7/site-packages/airflow/example_dags/example_trigger_controller_dag.py took 0.037 seconds
[2021-01-21 21:56:00,225] {scheduler_job.py:181} INFO - Started process (PID=33273) to work on /home/ubuntu/anaconda3/envs/airflow_udemy/lib/python3.7/site-packages/airflow/example_dags/example_trigger_controller_dag.py
[2021-01-21 21:56:00,226] {scheduler_job.py:629} INFO - Processing file /home/ubuntu/anaconda3/envs/airflow_udemy/lib/python3.7/site-packages/airflow/example_dags/example_trigger_controller_dag.py for tasks to queue
[2021-01-21 21:56:00,226] {logging_mixin.py:103} INFO - [2021-01-21 21:56:00,226] {dagbag.py:440} INFO - Filling up the DagBag from /home/ubuntu/anaconda3/envs/airflow_udemy/lib/python3.7/site-packages/airflow/example_dags/example_trigger_controller_dag.py
[2021-01-21 21:56:00,233] {scheduler_job.py:639} INFO - DAG(s) dict_keys(['example_trigger_controller_dag']) retrieved from /home/ubuntu/anaconda3/envs/airflow_udemy/lib/python3.7/site-packages/airflow/example_dags/example_trigger_controller_dag.py
[2021-01-21 21:56:00,234] {logging_mixin.py:103} INFO - [2021-01-21 21:56:00,234] {dag.py:1813} INFO - Sync 1 DAGs
[2021-01-21 21:56:00,248] {logging_mixin.py:103} INFO - [2021-01-21 21:56:00,248] {dag.py:2266} INFO - Setting next_dagrun for example_trigger_controller_dag to 2021-01-19 00:00:00+00:00
[2021-01-21 21:56:00,259] {scheduler_job.py:189} INFO - Processing /home/ubuntu/anaconda3/envs/airflow_udemy/lib/python3.7/site-packages/airflow/example_dags/example_trigger_controller_dag.py took 0.036 seconds
[2021-01-21 21:56:27,663] {scheduler_job.py:181} INFO - Started process (PID=33345) to work on /home/ubuntu/anaconda3/envs/airflow_udemy/lib/python3.7/site-packages/airflow/example_dags/example_trigger_controller_dag.py
[2021-01-21 21:56:27,665] {scheduler_job.py:629} INFO - Processing file /home/ubuntu/anaconda3/envs/airflow_udemy/lib/python3.7/site-packages/airflow/example_dags/example_trigger_controller_dag.py for tasks to queue
[2021-01-21 21:56:27,665] {logging_mixin.py:103} INFO - [2021-01-21 21:56:27,665] {dagbag.py:440} INFO - Filling up the DagBag from /home/ubuntu/anaconda3/envs/airflow_udemy/lib/python3.7/site-packages/airflow/example_dags/example_trigger_controller_dag.py
[2021-01-21 21:56:27,672] {scheduler_job.py:639} INFO - DAG(s) dict_keys(['example_trigger_controller_dag']) retrieved from /home/ubuntu/anaconda3/envs/airflow_udemy/lib/python3.7/site-packages/airflow/example_dags/example_trigger_controller_dag.py
[2021-01-21 21:56:27,673] {logging_mixin.py:103} INFO - [2021-01-21 21:56:27,673] {dag.py:1813} INFO - Sync 1 DAGs
[2021-01-21 21:56:27,688] {logging_mixin.py:103} INFO - [2021-01-21 21:56:27,688] {dag.py:2266} INFO - Setting next_dagrun for example_trigger_controller_dag to 2021-01-19 00:00:00+00:00
[2021-01-21 21:56:27,700] {scheduler_job.py:189} INFO - Processing /home/ubuntu/anaconda3/envs/airflow_udemy/lib/python3.7/site-packages/airflow/example_dags/example_trigger_controller_dag.py took 0.039 seconds
[2021-01-21 21:56:56,461] {scheduler_job.py:181} INFO - Started process (PID=33417) to work on /home/ubuntu/anaconda3/envs/airflow_udemy/lib/python3.7/site-packages/airflow/example_dags/example_trigger_controller_dag.py
[2021-01-21 21:56:56,462] {scheduler_job.py:629} INFO - Processing file /home/ubuntu/anaconda3/envs/airflow_udemy/lib/python3.7/site-packages/airflow/example_dags/example_trigger_controller_dag.py for tasks to queue
[2021-01-21 21:56:56,462] {logging_mixin.py:103} INFO - [2021-01-21 21:56:56,462] {dagbag.py:440} INFO - Filling up the DagBag from /home/ubuntu/anaconda3/envs/airflow_udemy/lib/python3.7/site-packages/airflow/example_dags/example_trigger_controller_dag.py
[2021-01-21 21:56:56,469] {scheduler_job.py:639} INFO - DAG(s) dict_keys(['example_trigger_controller_dag']) retrieved from /home/ubuntu/anaconda3/envs/airflow_udemy/lib/python3.7/site-packages/airflow/example_dags/example_trigger_controller_dag.py
[2021-01-21 21:56:56,470] {logging_mixin.py:103} INFO - [2021-01-21 21:56:56,470] {dag.py:1813} INFO - Sync 1 DAGs
[2021-01-21 21:56:56,484] {logging_mixin.py:103} INFO - [2021-01-21 21:56:56,484] {dag.py:2266} INFO - Setting next_dagrun for example_trigger_controller_dag to 2021-01-19 00:00:00+00:00
[2021-01-21 21:56:56,495] {scheduler_job.py:189} INFO - Processing /home/ubuntu/anaconda3/envs/airflow_udemy/lib/python3.7/site-packages/airflow/example_dags/example_trigger_controller_dag.py took 0.037 seconds
