[2021-01-21 21:55:19,093] {scheduler_job.py:181} INFO - Started process (PID=33158) to work on /home/ubuntu/anaconda3/envs/airflow_udemy/lib/python3.7/site-packages/airflow/example_dags/example_short_circuit_operator.py
[2021-01-21 21:55:19,094] {scheduler_job.py:629} INFO - Processing file /home/ubuntu/anaconda3/envs/airflow_udemy/lib/python3.7/site-packages/airflow/example_dags/example_short_circuit_operator.py for tasks to queue
[2021-01-21 21:55:19,094] {logging_mixin.py:103} INFO - [2021-01-21 21:55:19,094] {dagbag.py:440} INFO - Filling up the DagBag from /home/ubuntu/anaconda3/envs/airflow_udemy/lib/python3.7/site-packages/airflow/example_dags/example_short_circuit_operator.py
[2021-01-21 21:55:19,103] {scheduler_job.py:639} INFO - DAG(s) dict_keys(['example_short_circuit_operator']) retrieved from /home/ubuntu/anaconda3/envs/airflow_udemy/lib/python3.7/site-packages/airflow/example_dags/example_short_circuit_operator.py
[2021-01-21 21:55:19,104] {logging_mixin.py:103} INFO - [2021-01-21 21:55:19,104] {dag.py:1813} INFO - Sync 1 DAGs
[2021-01-21 21:55:19,118] {logging_mixin.py:103} INFO - [2021-01-21 21:55:19,118] {dag.py:2266} INFO - Setting next_dagrun for example_short_circuit_operator to 2021-01-19 00:00:00+00:00
[2021-01-21 21:55:19,129] {scheduler_job.py:189} INFO - Processing /home/ubuntu/anaconda3/envs/airflow_udemy/lib/python3.7/site-packages/airflow/example_dags/example_short_circuit_operator.py took 0.039 seconds
[2021-01-21 21:55:46,555] {scheduler_job.py:181} INFO - Started process (PID=33231) to work on /home/ubuntu/anaconda3/envs/airflow_udemy/lib/python3.7/site-packages/airflow/example_dags/example_short_circuit_operator.py
[2021-01-21 21:55:46,556] {scheduler_job.py:629} INFO - Processing file /home/ubuntu/anaconda3/envs/airflow_udemy/lib/python3.7/site-packages/airflow/example_dags/example_short_circuit_operator.py for tasks to queue
[2021-01-21 21:55:46,557] {logging_mixin.py:103} INFO - [2021-01-21 21:55:46,557] {dagbag.py:440} INFO - Filling up the DagBag from /home/ubuntu/anaconda3/envs/airflow_udemy/lib/python3.7/site-packages/airflow/example_dags/example_short_circuit_operator.py
[2021-01-21 21:55:46,566] {scheduler_job.py:639} INFO - DAG(s) dict_keys(['example_short_circuit_operator']) retrieved from /home/ubuntu/anaconda3/envs/airflow_udemy/lib/python3.7/site-packages/airflow/example_dags/example_short_circuit_operator.py
[2021-01-21 21:55:46,566] {logging_mixin.py:103} INFO - [2021-01-21 21:55:46,566] {dag.py:1813} INFO - Sync 1 DAGs
[2021-01-21 21:55:46,580] {logging_mixin.py:103} INFO - [2021-01-21 21:55:46,580] {dag.py:2266} INFO - Setting next_dagrun for example_short_circuit_operator to 2021-01-19 00:00:00+00:00
[2021-01-21 21:55:46,592] {scheduler_job.py:189} INFO - Processing /home/ubuntu/anaconda3/envs/airflow_udemy/lib/python3.7/site-packages/airflow/example_dags/example_short_circuit_operator.py took 0.039 seconds
[2021-01-21 21:56:15,622] {scheduler_job.py:181} INFO - Started process (PID=33313) to work on /home/ubuntu/anaconda3/envs/airflow_udemy/lib/python3.7/site-packages/airflow/example_dags/example_short_circuit_operator.py
[2021-01-21 21:56:15,623] {scheduler_job.py:629} INFO - Processing file /home/ubuntu/anaconda3/envs/airflow_udemy/lib/python3.7/site-packages/airflow/example_dags/example_short_circuit_operator.py for tasks to queue
[2021-01-21 21:56:15,624] {logging_mixin.py:103} INFO - [2021-01-21 21:56:15,623] {dagbag.py:440} INFO - Filling up the DagBag from /home/ubuntu/anaconda3/envs/airflow_udemy/lib/python3.7/site-packages/airflow/example_dags/example_short_circuit_operator.py
[2021-01-21 21:56:15,632] {scheduler_job.py:639} INFO - DAG(s) dict_keys(['example_short_circuit_operator']) retrieved from /home/ubuntu/anaconda3/envs/airflow_udemy/lib/python3.7/site-packages/airflow/example_dags/example_short_circuit_operator.py
[2021-01-21 21:56:15,633] {logging_mixin.py:103} INFO - [2021-01-21 21:56:15,633] {dag.py:1813} INFO - Sync 1 DAGs
[2021-01-21 21:56:15,647] {logging_mixin.py:103} INFO - [2021-01-21 21:56:15,647] {dag.py:2266} INFO - Setting next_dagrun for example_short_circuit_operator to 2021-01-19 00:00:00+00:00
[2021-01-21 21:56:15,659] {scheduler_job.py:189} INFO - Processing /home/ubuntu/anaconda3/envs/airflow_udemy/lib/python3.7/site-packages/airflow/example_dags/example_short_circuit_operator.py took 0.040 seconds
[2021-01-21 21:56:43,094] {scheduler_job.py:181} INFO - Started process (PID=33385) to work on /home/ubuntu/anaconda3/envs/airflow_udemy/lib/python3.7/site-packages/airflow/example_dags/example_short_circuit_operator.py
[2021-01-21 21:56:43,095] {scheduler_job.py:629} INFO - Processing file /home/ubuntu/anaconda3/envs/airflow_udemy/lib/python3.7/site-packages/airflow/example_dags/example_short_circuit_operator.py for tasks to queue
[2021-01-21 21:56:43,096] {logging_mixin.py:103} INFO - [2021-01-21 21:56:43,096] {dagbag.py:440} INFO - Filling up the DagBag from /home/ubuntu/anaconda3/envs/airflow_udemy/lib/python3.7/site-packages/airflow/example_dags/example_short_circuit_operator.py
[2021-01-21 21:56:43,105] {scheduler_job.py:639} INFO - DAG(s) dict_keys(['example_short_circuit_operator']) retrieved from /home/ubuntu/anaconda3/envs/airflow_udemy/lib/python3.7/site-packages/airflow/example_dags/example_short_circuit_operator.py
[2021-01-21 21:56:43,105] {logging_mixin.py:103} INFO - [2021-01-21 21:56:43,105] {dag.py:1813} INFO - Sync 1 DAGs
[2021-01-21 21:56:43,119] {logging_mixin.py:103} INFO - [2021-01-21 21:56:43,119] {dag.py:2266} INFO - Setting next_dagrun for example_short_circuit_operator to 2021-01-19 00:00:00+00:00
[2021-01-21 21:56:43,131] {scheduler_job.py:189} INFO - Processing /home/ubuntu/anaconda3/envs/airflow_udemy/lib/python3.7/site-packages/airflow/example_dags/example_short_circuit_operator.py took 0.039 seconds
[2021-01-21 21:57:11,596] {scheduler_job.py:181} INFO - Started process (PID=33456) to work on /home/ubuntu/anaconda3/envs/airflow_udemy/lib/python3.7/site-packages/airflow/example_dags/example_short_circuit_operator.py
[2021-01-21 21:57:11,597] {scheduler_job.py:629} INFO - Processing file /home/ubuntu/anaconda3/envs/airflow_udemy/lib/python3.7/site-packages/airflow/example_dags/example_short_circuit_operator.py for tasks to queue
[2021-01-21 21:57:11,597] {logging_mixin.py:103} INFO - [2021-01-21 21:57:11,597] {dagbag.py:440} INFO - Filling up the DagBag from /home/ubuntu/anaconda3/envs/airflow_udemy/lib/python3.7/site-packages/airflow/example_dags/example_short_circuit_operator.py
[2021-01-21 21:57:11,606] {scheduler_job.py:639} INFO - DAG(s) dict_keys(['example_short_circuit_operator']) retrieved from /home/ubuntu/anaconda3/envs/airflow_udemy/lib/python3.7/site-packages/airflow/example_dags/example_short_circuit_operator.py
[2021-01-21 21:57:11,607] {logging_mixin.py:103} INFO - [2021-01-21 21:57:11,607] {dag.py:1813} INFO - Sync 1 DAGs
[2021-01-21 21:57:11,621] {logging_mixin.py:103} INFO - [2021-01-21 21:57:11,620] {dag.py:2266} INFO - Setting next_dagrun for example_short_circuit_operator to 2021-01-19 00:00:00+00:00
[2021-01-21 21:57:11,632] {scheduler_job.py:189} INFO - Processing /home/ubuntu/anaconda3/envs/airflow_udemy/lib/python3.7/site-packages/airflow/example_dags/example_short_circuit_operator.py took 0.039 seconds
