[2021-01-21 21:55:24,571] {scheduler_job.py:181} INFO - Started process (PID=33174) to work on /home/ubuntu/anaconda3/envs/airflow_udemy/lib/python3.7/site-packages/airflow/example_dags/example_kubernetes_executor.py
[2021-01-21 21:55:24,572] {scheduler_job.py:629} INFO - Processing file /home/ubuntu/anaconda3/envs/airflow_udemy/lib/python3.7/site-packages/airflow/example_dags/example_kubernetes_executor.py for tasks to queue
[2021-01-21 21:55:24,572] {logging_mixin.py:103} INFO - [2021-01-21 21:55:24,572] {dagbag.py:440} INFO - Filling up the DagBag from /home/ubuntu/anaconda3/envs/airflow_udemy/lib/python3.7/site-packages/airflow/example_dags/example_kubernetes_executor.py
[2021-01-21 21:55:24,580] {scheduler_job.py:639} INFO - DAG(s) dict_keys(['example_kubernetes_executor']) retrieved from /home/ubuntu/anaconda3/envs/airflow_udemy/lib/python3.7/site-packages/airflow/example_dags/example_kubernetes_executor.py
[2021-01-21 21:55:24,581] {logging_mixin.py:103} INFO - [2021-01-21 21:55:24,581] {dag.py:1813} INFO - Sync 1 DAGs
[2021-01-21 21:55:24,595] {logging_mixin.py:103} INFO - [2021-01-21 21:55:24,595] {dag.py:2266} INFO - Setting next_dagrun for example_kubernetes_executor to None
[2021-01-21 21:55:24,613] {scheduler_job.py:189} INFO - Processing /home/ubuntu/anaconda3/envs/airflow_udemy/lib/python3.7/site-packages/airflow/example_dags/example_kubernetes_executor.py took 0.044 seconds
[2021-01-21 21:55:52,828] {scheduler_job.py:181} INFO - Started process (PID=33250) to work on /home/ubuntu/anaconda3/envs/airflow_udemy/lib/python3.7/site-packages/airflow/example_dags/example_kubernetes_executor.py
[2021-01-21 21:55:52,829] {scheduler_job.py:629} INFO - Processing file /home/ubuntu/anaconda3/envs/airflow_udemy/lib/python3.7/site-packages/airflow/example_dags/example_kubernetes_executor.py for tasks to queue
[2021-01-21 21:55:52,829] {logging_mixin.py:103} INFO - [2021-01-21 21:55:52,829] {dagbag.py:440} INFO - Filling up the DagBag from /home/ubuntu/anaconda3/envs/airflow_udemy/lib/python3.7/site-packages/airflow/example_dags/example_kubernetes_executor.py
[2021-01-21 21:55:52,838] {scheduler_job.py:639} INFO - DAG(s) dict_keys(['example_kubernetes_executor']) retrieved from /home/ubuntu/anaconda3/envs/airflow_udemy/lib/python3.7/site-packages/airflow/example_dags/example_kubernetes_executor.py
[2021-01-21 21:55:52,839] {logging_mixin.py:103} INFO - [2021-01-21 21:55:52,839] {dag.py:1813} INFO - Sync 1 DAGs
[2021-01-21 21:55:52,852] {logging_mixin.py:103} INFO - [2021-01-21 21:55:52,852] {dag.py:2266} INFO - Setting next_dagrun for example_kubernetes_executor to None
[2021-01-21 21:55:52,860] {scheduler_job.py:189} INFO - Processing /home/ubuntu/anaconda3/envs/airflow_udemy/lib/python3.7/site-packages/airflow/example_dags/example_kubernetes_executor.py took 0.035 seconds
[2021-01-21 21:56:21,383] {scheduler_job.py:181} INFO - Started process (PID=33329) to work on /home/ubuntu/anaconda3/envs/airflow_udemy/lib/python3.7/site-packages/airflow/example_dags/example_kubernetes_executor.py
[2021-01-21 21:56:21,384] {scheduler_job.py:629} INFO - Processing file /home/ubuntu/anaconda3/envs/airflow_udemy/lib/python3.7/site-packages/airflow/example_dags/example_kubernetes_executor.py for tasks to queue
[2021-01-21 21:56:21,384] {logging_mixin.py:103} INFO - [2021-01-21 21:56:21,384] {dagbag.py:440} INFO - Filling up the DagBag from /home/ubuntu/anaconda3/envs/airflow_udemy/lib/python3.7/site-packages/airflow/example_dags/example_kubernetes_executor.py
[2021-01-21 21:56:21,393] {scheduler_job.py:639} INFO - DAG(s) dict_keys(['example_kubernetes_executor']) retrieved from /home/ubuntu/anaconda3/envs/airflow_udemy/lib/python3.7/site-packages/airflow/example_dags/example_kubernetes_executor.py
[2021-01-21 21:56:21,394] {logging_mixin.py:103} INFO - [2021-01-21 21:56:21,394] {dag.py:1813} INFO - Sync 1 DAGs
[2021-01-21 21:56:21,408] {logging_mixin.py:103} INFO - [2021-01-21 21:56:21,408] {dag.py:2266} INFO - Setting next_dagrun for example_kubernetes_executor to None
[2021-01-21 21:56:21,420] {scheduler_job.py:189} INFO - Processing /home/ubuntu/anaconda3/envs/airflow_udemy/lib/python3.7/site-packages/airflow/example_dags/example_kubernetes_executor.py took 0.040 seconds
[2021-01-21 21:56:49,362] {scheduler_job.py:181} INFO - Started process (PID=33400) to work on /home/ubuntu/anaconda3/envs/airflow_udemy/lib/python3.7/site-packages/airflow/example_dags/example_kubernetes_executor.py
[2021-01-21 21:56:49,363] {scheduler_job.py:629} INFO - Processing file /home/ubuntu/anaconda3/envs/airflow_udemy/lib/python3.7/site-packages/airflow/example_dags/example_kubernetes_executor.py for tasks to queue
[2021-01-21 21:56:49,363] {logging_mixin.py:103} INFO - [2021-01-21 21:56:49,363] {dagbag.py:440} INFO - Filling up the DagBag from /home/ubuntu/anaconda3/envs/airflow_udemy/lib/python3.7/site-packages/airflow/example_dags/example_kubernetes_executor.py
[2021-01-21 21:56:49,372] {scheduler_job.py:639} INFO - DAG(s) dict_keys(['example_kubernetes_executor']) retrieved from /home/ubuntu/anaconda3/envs/airflow_udemy/lib/python3.7/site-packages/airflow/example_dags/example_kubernetes_executor.py
[2021-01-21 21:56:49,373] {logging_mixin.py:103} INFO - [2021-01-21 21:56:49,373] {dag.py:1813} INFO - Sync 1 DAGs
[2021-01-21 21:56:49,386] {logging_mixin.py:103} INFO - [2021-01-21 21:56:49,386] {dag.py:2266} INFO - Setting next_dagrun for example_kubernetes_executor to None
[2021-01-21 21:56:49,398] {scheduler_job.py:189} INFO - Processing /home/ubuntu/anaconda3/envs/airflow_udemy/lib/python3.7/site-packages/airflow/example_dags/example_kubernetes_executor.py took 0.039 seconds
[2021-01-21 21:57:25,724] {scheduler_job.py:181} INFO - Started process (PID=33495) to work on /home/ubuntu/anaconda3/envs/airflow_udemy/lib/python3.7/site-packages/airflow/example_dags/example_kubernetes_executor.py
[2021-01-21 21:57:25,725] {scheduler_job.py:629} INFO - Processing file /home/ubuntu/anaconda3/envs/airflow_udemy/lib/python3.7/site-packages/airflow/example_dags/example_kubernetes_executor.py for tasks to queue
[2021-01-21 21:57:25,725] {logging_mixin.py:103} INFO - [2021-01-21 21:57:25,725] {dagbag.py:440} INFO - Filling up the DagBag from /home/ubuntu/anaconda3/envs/airflow_udemy/lib/python3.7/site-packages/airflow/example_dags/example_kubernetes_executor.py
[2021-01-21 21:57:25,734] {scheduler_job.py:639} INFO - DAG(s) dict_keys(['example_kubernetes_executor']) retrieved from /home/ubuntu/anaconda3/envs/airflow_udemy/lib/python3.7/site-packages/airflow/example_dags/example_kubernetes_executor.py
[2021-01-21 21:57:25,735] {logging_mixin.py:103} INFO - [2021-01-21 21:57:25,735] {dag.py:1813} INFO - Sync 1 DAGs
[2021-01-21 21:57:25,748] {logging_mixin.py:103} INFO - [2021-01-21 21:57:25,748] {dag.py:2266} INFO - Setting next_dagrun for example_kubernetes_executor to None
[2021-01-21 21:57:25,759] {scheduler_job.py:189} INFO - Processing /home/ubuntu/anaconda3/envs/airflow_udemy/lib/python3.7/site-packages/airflow/example_dags/example_kubernetes_executor.py took 0.038 seconds
