[2021-01-21 21:55:32,263] {scheduler_job.py:181} INFO - Started process (PID=33194) to work on /home/ubuntu/anaconda3/envs/airflow_udemy/lib/python3.7/site-packages/airflow/example_dags/example_kubernetes_executor_config.py
[2021-01-21 21:55:32,264] {scheduler_job.py:629} INFO - Processing file /home/ubuntu/anaconda3/envs/airflow_udemy/lib/python3.7/site-packages/airflow/example_dags/example_kubernetes_executor_config.py for tasks to queue
[2021-01-21 21:55:32,265] {logging_mixin.py:103} INFO - [2021-01-21 21:55:32,265] {dagbag.py:440} INFO - Filling up the DagBag from /home/ubuntu/anaconda3/envs/airflow_udemy/lib/python3.7/site-packages/airflow/example_dags/example_kubernetes_executor_config.py
[2021-01-21 21:55:32,270] {logging_mixin.py:103} INFO - [2021-01-21 21:55:32,270] {example_kubernetes_executor_config.py:174} WARNING - Could not import DAGs in example_kubernetes_executor_config.py: No module named 'kubernetes'
[2021-01-21 21:55:32,270] {logging_mixin.py:103} INFO - [2021-01-21 21:55:32,270] {example_kubernetes_executor_config.py:175} WARNING - Install kubernetes dependencies with: pip install apache-airflow['cncf.kubernetes']
[2021-01-21 21:55:32,270] {scheduler_job.py:641} WARNING - No viable dags retrieved from /home/ubuntu/anaconda3/envs/airflow_udemy/lib/python3.7/site-packages/airflow/example_dags/example_kubernetes_executor_config.py
[2021-01-21 21:55:32,275] {scheduler_job.py:189} INFO - Processing /home/ubuntu/anaconda3/envs/airflow_udemy/lib/python3.7/site-packages/airflow/example_dags/example_kubernetes_executor_config.py took 0.015 seconds
[2021-01-21 21:56:00,845] {scheduler_job.py:181} INFO - Started process (PID=33277) to work on /home/ubuntu/anaconda3/envs/airflow_udemy/lib/python3.7/site-packages/airflow/example_dags/example_kubernetes_executor_config.py
[2021-01-21 21:56:00,846] {scheduler_job.py:629} INFO - Processing file /home/ubuntu/anaconda3/envs/airflow_udemy/lib/python3.7/site-packages/airflow/example_dags/example_kubernetes_executor_config.py for tasks to queue
[2021-01-21 21:56:00,846] {logging_mixin.py:103} INFO - [2021-01-21 21:56:00,846] {dagbag.py:440} INFO - Filling up the DagBag from /home/ubuntu/anaconda3/envs/airflow_udemy/lib/python3.7/site-packages/airflow/example_dags/example_kubernetes_executor_config.py
[2021-01-21 21:56:00,851] {logging_mixin.py:103} INFO - [2021-01-21 21:56:00,851] {example_kubernetes_executor_config.py:174} WARNING - Could not import DAGs in example_kubernetes_executor_config.py: No module named 'kubernetes'
[2021-01-21 21:56:00,852] {logging_mixin.py:103} INFO - [2021-01-21 21:56:00,851] {example_kubernetes_executor_config.py:175} WARNING - Install kubernetes dependencies with: pip install apache-airflow['cncf.kubernetes']
[2021-01-21 21:56:00,852] {scheduler_job.py:641} WARNING - No viable dags retrieved from /home/ubuntu/anaconda3/envs/airflow_udemy/lib/python3.7/site-packages/airflow/example_dags/example_kubernetes_executor_config.py
[2021-01-21 21:56:00,856] {scheduler_job.py:189} INFO - Processing /home/ubuntu/anaconda3/envs/airflow_udemy/lib/python3.7/site-packages/airflow/example_dags/example_kubernetes_executor_config.py took 0.013 seconds
[2021-01-21 21:56:28,792] {scheduler_job.py:181} INFO - Started process (PID=33346) to work on /home/ubuntu/anaconda3/envs/airflow_udemy/lib/python3.7/site-packages/airflow/example_dags/example_kubernetes_executor_config.py
[2021-01-21 21:56:28,793] {scheduler_job.py:629} INFO - Processing file /home/ubuntu/anaconda3/envs/airflow_udemy/lib/python3.7/site-packages/airflow/example_dags/example_kubernetes_executor_config.py for tasks to queue
[2021-01-21 21:56:28,794] {logging_mixin.py:103} INFO - [2021-01-21 21:56:28,794] {dagbag.py:440} INFO - Filling up the DagBag from /home/ubuntu/anaconda3/envs/airflow_udemy/lib/python3.7/site-packages/airflow/example_dags/example_kubernetes_executor_config.py
[2021-01-21 21:56:28,798] {logging_mixin.py:103} INFO - [2021-01-21 21:56:28,798] {example_kubernetes_executor_config.py:174} WARNING - Could not import DAGs in example_kubernetes_executor_config.py: No module named 'kubernetes'
[2021-01-21 21:56:28,798] {logging_mixin.py:103} INFO - [2021-01-21 21:56:28,798] {example_kubernetes_executor_config.py:175} WARNING - Install kubernetes dependencies with: pip install apache-airflow['cncf.kubernetes']
[2021-01-21 21:56:28,799] {scheduler_job.py:641} WARNING - No viable dags retrieved from /home/ubuntu/anaconda3/envs/airflow_udemy/lib/python3.7/site-packages/airflow/example_dags/example_kubernetes_executor_config.py
[2021-01-21 21:56:28,804] {scheduler_job.py:189} INFO - Processing /home/ubuntu/anaconda3/envs/airflow_udemy/lib/python3.7/site-packages/airflow/example_dags/example_kubernetes_executor_config.py took 0.015 seconds
[2021-01-21 21:56:57,378] {scheduler_job.py:181} INFO - Started process (PID=33421) to work on /home/ubuntu/anaconda3/envs/airflow_udemy/lib/python3.7/site-packages/airflow/example_dags/example_kubernetes_executor_config.py
[2021-01-21 21:56:57,379] {scheduler_job.py:629} INFO - Processing file /home/ubuntu/anaconda3/envs/airflow_udemy/lib/python3.7/site-packages/airflow/example_dags/example_kubernetes_executor_config.py for tasks to queue
[2021-01-21 21:56:57,380] {logging_mixin.py:103} INFO - [2021-01-21 21:56:57,380] {dagbag.py:440} INFO - Filling up the DagBag from /home/ubuntu/anaconda3/envs/airflow_udemy/lib/python3.7/site-packages/airflow/example_dags/example_kubernetes_executor_config.py
[2021-01-21 21:56:57,385] {logging_mixin.py:103} INFO - [2021-01-21 21:56:57,385] {example_kubernetes_executor_config.py:174} WARNING - Could not import DAGs in example_kubernetes_executor_config.py: No module named 'kubernetes'
[2021-01-21 21:56:57,385] {logging_mixin.py:103} INFO - [2021-01-21 21:56:57,385] {example_kubernetes_executor_config.py:175} WARNING - Install kubernetes dependencies with: pip install apache-airflow['cncf.kubernetes']
[2021-01-21 21:56:57,385] {scheduler_job.py:641} WARNING - No viable dags retrieved from /home/ubuntu/anaconda3/envs/airflow_udemy/lib/python3.7/site-packages/airflow/example_dags/example_kubernetes_executor_config.py
[2021-01-21 21:56:57,391] {scheduler_job.py:189} INFO - Processing /home/ubuntu/anaconda3/envs/airflow_udemy/lib/python3.7/site-packages/airflow/example_dags/example_kubernetes_executor_config.py took 0.015 seconds
