[2021-01-21 21:55:16,836] {scheduler_job.py:181} INFO - Started process (PID=33139) to work on /home/ubuntu/anaconda3/envs/airflow_udemy/lib/python3.7/site-packages/airflow/example_dags/example_xcomargs.py
[2021-01-21 21:55:16,837] {scheduler_job.py:629} INFO - Processing file /home/ubuntu/anaconda3/envs/airflow_udemy/lib/python3.7/site-packages/airflow/example_dags/example_xcomargs.py for tasks to queue
[2021-01-21 21:55:16,838] {logging_mixin.py:103} INFO - [2021-01-21 21:55:16,837] {dagbag.py:440} INFO - Filling up the DagBag from /home/ubuntu/anaconda3/envs/airflow_udemy/lib/python3.7/site-packages/airflow/example_dags/example_xcomargs.py
[2021-01-21 21:55:16,847] {scheduler_job.py:639} INFO - DAG(s) dict_keys(['example_xcom_args', 'example_xcom_args_with_operators']) retrieved from /home/ubuntu/anaconda3/envs/airflow_udemy/lib/python3.7/site-packages/airflow/example_dags/example_xcomargs.py
[2021-01-21 21:55:16,848] {logging_mixin.py:103} INFO - [2021-01-21 21:55:16,848] {dag.py:1813} INFO - Sync 2 DAGs
[2021-01-21 21:55:16,862] {logging_mixin.py:103} INFO - [2021-01-21 21:55:16,862] {dag.py:2266} INFO - Setting next_dagrun for example_xcom_args to None
[2021-01-21 21:55:16,863] {logging_mixin.py:103} INFO - [2021-01-21 21:55:16,863] {dag.py:2266} INFO - Setting next_dagrun for example_xcom_args_with_operators to None
[2021-01-21 21:55:16,884] {scheduler_job.py:189} INFO - Processing /home/ubuntu/anaconda3/envs/airflow_udemy/lib/python3.7/site-packages/airflow/example_dags/example_xcomargs.py took 0.050 seconds
[2021-01-21 21:55:44,802] {scheduler_job.py:181} INFO - Started process (PID=33226) to work on /home/ubuntu/anaconda3/envs/airflow_udemy/lib/python3.7/site-packages/airflow/example_dags/example_xcomargs.py
[2021-01-21 21:55:44,803] {scheduler_job.py:629} INFO - Processing file /home/ubuntu/anaconda3/envs/airflow_udemy/lib/python3.7/site-packages/airflow/example_dags/example_xcomargs.py for tasks to queue
[2021-01-21 21:55:44,804] {logging_mixin.py:103} INFO - [2021-01-21 21:55:44,804] {dagbag.py:440} INFO - Filling up the DagBag from /home/ubuntu/anaconda3/envs/airflow_udemy/lib/python3.7/site-packages/airflow/example_dags/example_xcomargs.py
[2021-01-21 21:55:44,814] {scheduler_job.py:639} INFO - DAG(s) dict_keys(['example_xcom_args', 'example_xcom_args_with_operators']) retrieved from /home/ubuntu/anaconda3/envs/airflow_udemy/lib/python3.7/site-packages/airflow/example_dags/example_xcomargs.py
[2021-01-21 21:55:44,815] {logging_mixin.py:103} INFO - [2021-01-21 21:55:44,815] {dag.py:1813} INFO - Sync 2 DAGs
[2021-01-21 21:55:44,830] {logging_mixin.py:103} INFO - [2021-01-21 21:55:44,830] {dag.py:2266} INFO - Setting next_dagrun for example_xcom_args to None
[2021-01-21 21:55:44,831] {logging_mixin.py:103} INFO - [2021-01-21 21:55:44,831] {dag.py:2266} INFO - Setting next_dagrun for example_xcom_args_with_operators to None
[2021-01-21 21:55:44,843] {scheduler_job.py:189} INFO - Processing /home/ubuntu/anaconda3/envs/airflow_udemy/lib/python3.7/site-packages/airflow/example_dags/example_xcomargs.py took 0.043 seconds
[2021-01-21 21:56:13,365] {scheduler_job.py:181} INFO - Started process (PID=33308) to work on /home/ubuntu/anaconda3/envs/airflow_udemy/lib/python3.7/site-packages/airflow/example_dags/example_xcomargs.py
[2021-01-21 21:56:13,366] {scheduler_job.py:629} INFO - Processing file /home/ubuntu/anaconda3/envs/airflow_udemy/lib/python3.7/site-packages/airflow/example_dags/example_xcomargs.py for tasks to queue
[2021-01-21 21:56:13,367] {logging_mixin.py:103} INFO - [2021-01-21 21:56:13,367] {dagbag.py:440} INFO - Filling up the DagBag from /home/ubuntu/anaconda3/envs/airflow_udemy/lib/python3.7/site-packages/airflow/example_dags/example_xcomargs.py
[2021-01-21 21:56:13,377] {scheduler_job.py:639} INFO - DAG(s) dict_keys(['example_xcom_args', 'example_xcom_args_with_operators']) retrieved from /home/ubuntu/anaconda3/envs/airflow_udemy/lib/python3.7/site-packages/airflow/example_dags/example_xcomargs.py
[2021-01-21 21:56:13,378] {logging_mixin.py:103} INFO - [2021-01-21 21:56:13,377] {dag.py:1813} INFO - Sync 2 DAGs
[2021-01-21 21:56:13,391] {logging_mixin.py:103} INFO - [2021-01-21 21:56:13,391] {dag.py:2266} INFO - Setting next_dagrun for example_xcom_args to None
[2021-01-21 21:56:13,392] {logging_mixin.py:103} INFO - [2021-01-21 21:56:13,392] {dag.py:2266} INFO - Setting next_dagrun for example_xcom_args_with_operators to None
[2021-01-21 21:56:13,406] {scheduler_job.py:189} INFO - Processing /home/ubuntu/anaconda3/envs/airflow_udemy/lib/python3.7/site-packages/airflow/example_dags/example_xcomargs.py took 0.043 seconds
[2021-01-21 21:56:41,329] {scheduler_job.py:181} INFO - Started process (PID=33379) to work on /home/ubuntu/anaconda3/envs/airflow_udemy/lib/python3.7/site-packages/airflow/example_dags/example_xcomargs.py
[2021-01-21 21:56:41,330] {scheduler_job.py:629} INFO - Processing file /home/ubuntu/anaconda3/envs/airflow_udemy/lib/python3.7/site-packages/airflow/example_dags/example_xcomargs.py for tasks to queue
[2021-01-21 21:56:41,330] {logging_mixin.py:103} INFO - [2021-01-21 21:56:41,330] {dagbag.py:440} INFO - Filling up the DagBag from /home/ubuntu/anaconda3/envs/airflow_udemy/lib/python3.7/site-packages/airflow/example_dags/example_xcomargs.py
[2021-01-21 21:56:41,340] {scheduler_job.py:639} INFO - DAG(s) dict_keys(['example_xcom_args', 'example_xcom_args_with_operators']) retrieved from /home/ubuntu/anaconda3/envs/airflow_udemy/lib/python3.7/site-packages/airflow/example_dags/example_xcomargs.py
[2021-01-21 21:56:41,341] {logging_mixin.py:103} INFO - [2021-01-21 21:56:41,341] {dag.py:1813} INFO - Sync 2 DAGs
[2021-01-21 21:56:41,355] {logging_mixin.py:103} INFO - [2021-01-21 21:56:41,355] {dag.py:2266} INFO - Setting next_dagrun for example_xcom_args to None
[2021-01-21 21:56:41,356] {logging_mixin.py:103} INFO - [2021-01-21 21:56:41,356] {dag.py:2266} INFO - Setting next_dagrun for example_xcom_args_with_operators to None
[2021-01-21 21:56:41,377] {scheduler_job.py:189} INFO - Processing /home/ubuntu/anaconda3/envs/airflow_udemy/lib/python3.7/site-packages/airflow/example_dags/example_xcomargs.py took 0.050 seconds
[2021-01-21 21:57:09,930] {scheduler_job.py:181} INFO - Started process (PID=33451) to work on /home/ubuntu/anaconda3/envs/airflow_udemy/lib/python3.7/site-packages/airflow/example_dags/example_xcomargs.py
[2021-01-21 21:57:09,931] {scheduler_job.py:629} INFO - Processing file /home/ubuntu/anaconda3/envs/airflow_udemy/lib/python3.7/site-packages/airflow/example_dags/example_xcomargs.py for tasks to queue
[2021-01-21 21:57:09,931] {logging_mixin.py:103} INFO - [2021-01-21 21:57:09,931] {dagbag.py:440} INFO - Filling up the DagBag from /home/ubuntu/anaconda3/envs/airflow_udemy/lib/python3.7/site-packages/airflow/example_dags/example_xcomargs.py
[2021-01-21 21:57:09,941] {scheduler_job.py:639} INFO - DAG(s) dict_keys(['example_xcom_args', 'example_xcom_args_with_operators']) retrieved from /home/ubuntu/anaconda3/envs/airflow_udemy/lib/python3.7/site-packages/airflow/example_dags/example_xcomargs.py
[2021-01-21 21:57:09,942] {logging_mixin.py:103} INFO - [2021-01-21 21:57:09,942] {dag.py:1813} INFO - Sync 2 DAGs
[2021-01-21 21:57:09,956] {logging_mixin.py:103} INFO - [2021-01-21 21:57:09,956] {dag.py:2266} INFO - Setting next_dagrun for example_xcom_args to None
[2021-01-21 21:57:09,957] {logging_mixin.py:103} INFO - [2021-01-21 21:57:09,957] {dag.py:2266} INFO - Setting next_dagrun for example_xcom_args_with_operators to None
[2021-01-21 21:57:09,969] {scheduler_job.py:189} INFO - Processing /home/ubuntu/anaconda3/envs/airflow_udemy/lib/python3.7/site-packages/airflow/example_dags/example_xcomargs.py took 0.042 seconds
