[2021-01-21 21:55:28,248] {scheduler_job.py:181} INFO - Started process (PID=33184) to work on /home/ubuntu/anaconda3/envs/airflow_udemy/lib/python3.7/site-packages/airflow/example_dags/example_latest_only.py
[2021-01-21 21:55:28,249] {scheduler_job.py:629} INFO - Processing file /home/ubuntu/anaconda3/envs/airflow_udemy/lib/python3.7/site-packages/airflow/example_dags/example_latest_only.py for tasks to queue
[2021-01-21 21:55:28,249] {logging_mixin.py:103} INFO - [2021-01-21 21:55:28,249] {dagbag.py:440} INFO - Filling up the DagBag from /home/ubuntu/anaconda3/envs/airflow_udemy/lib/python3.7/site-packages/airflow/example_dags/example_latest_only.py
[2021-01-21 21:55:28,257] {scheduler_job.py:639} INFO - DAG(s) dict_keys(['latest_only']) retrieved from /home/ubuntu/anaconda3/envs/airflow_udemy/lib/python3.7/site-packages/airflow/example_dags/example_latest_only.py
[2021-01-21 21:55:28,257] {logging_mixin.py:103} INFO - [2021-01-21 21:55:28,257] {dag.py:1813} INFO - Sync 1 DAGs
[2021-01-21 21:55:28,271] {logging_mixin.py:103} INFO - [2021-01-21 21:55:28,271] {dag.py:2266} INFO - Setting next_dagrun for latest_only to 2021-01-19 00:00:00+00:00
[2021-01-21 21:55:28,283] {scheduler_job.py:189} INFO - Processing /home/ubuntu/anaconda3/envs/airflow_udemy/lib/python3.7/site-packages/airflow/example_dags/example_latest_only.py took 0.038 seconds
[2021-01-21 21:55:56,839] {scheduler_job.py:181} INFO - Started process (PID=33260) to work on /home/ubuntu/anaconda3/envs/airflow_udemy/lib/python3.7/site-packages/airflow/example_dags/example_latest_only.py
[2021-01-21 21:55:56,840] {scheduler_job.py:629} INFO - Processing file /home/ubuntu/anaconda3/envs/airflow_udemy/lib/python3.7/site-packages/airflow/example_dags/example_latest_only.py for tasks to queue
[2021-01-21 21:55:56,841] {logging_mixin.py:103} INFO - [2021-01-21 21:55:56,840] {dagbag.py:440} INFO - Filling up the DagBag from /home/ubuntu/anaconda3/envs/airflow_udemy/lib/python3.7/site-packages/airflow/example_dags/example_latest_only.py
[2021-01-21 21:55:56,848] {scheduler_job.py:639} INFO - DAG(s) dict_keys(['latest_only']) retrieved from /home/ubuntu/anaconda3/envs/airflow_udemy/lib/python3.7/site-packages/airflow/example_dags/example_latest_only.py
[2021-01-21 21:55:56,849] {logging_mixin.py:103} INFO - [2021-01-21 21:55:56,848] {dag.py:1813} INFO - Sync 1 DAGs
[2021-01-21 21:55:56,863] {logging_mixin.py:103} INFO - [2021-01-21 21:55:56,863] {dag.py:2266} INFO - Setting next_dagrun for latest_only to 2021-01-19 00:00:00+00:00
[2021-01-21 21:55:56,874] {scheduler_job.py:189} INFO - Processing /home/ubuntu/anaconda3/envs/airflow_udemy/lib/python3.7/site-packages/airflow/example_dags/example_latest_only.py took 0.038 seconds
[2021-01-21 21:56:25,061] {scheduler_job.py:181} INFO - Started process (PID=33339) to work on /home/ubuntu/anaconda3/envs/airflow_udemy/lib/python3.7/site-packages/airflow/example_dags/example_latest_only.py
[2021-01-21 21:56:25,062] {scheduler_job.py:629} INFO - Processing file /home/ubuntu/anaconda3/envs/airflow_udemy/lib/python3.7/site-packages/airflow/example_dags/example_latest_only.py for tasks to queue
[2021-01-21 21:56:25,063] {logging_mixin.py:103} INFO - [2021-01-21 21:56:25,063] {dagbag.py:440} INFO - Filling up the DagBag from /home/ubuntu/anaconda3/envs/airflow_udemy/lib/python3.7/site-packages/airflow/example_dags/example_latest_only.py
[2021-01-21 21:56:25,070] {scheduler_job.py:639} INFO - DAG(s) dict_keys(['latest_only']) retrieved from /home/ubuntu/anaconda3/envs/airflow_udemy/lib/python3.7/site-packages/airflow/example_dags/example_latest_only.py
[2021-01-21 21:56:25,070] {logging_mixin.py:103} INFO - [2021-01-21 21:56:25,070] {dag.py:1813} INFO - Sync 1 DAGs
[2021-01-21 21:56:25,084] {logging_mixin.py:103} INFO - [2021-01-21 21:56:25,084] {dag.py:2266} INFO - Setting next_dagrun for latest_only to 2021-01-19 00:00:00+00:00
[2021-01-21 21:56:25,096] {scheduler_job.py:189} INFO - Processing /home/ubuntu/anaconda3/envs/airflow_udemy/lib/python3.7/site-packages/airflow/example_dags/example_latest_only.py took 0.038 seconds
[2021-01-21 21:56:53,378] {scheduler_job.py:181} INFO - Started process (PID=33411) to work on /home/ubuntu/anaconda3/envs/airflow_udemy/lib/python3.7/site-packages/airflow/example_dags/example_latest_only.py
[2021-01-21 21:56:53,379] {scheduler_job.py:629} INFO - Processing file /home/ubuntu/anaconda3/envs/airflow_udemy/lib/python3.7/site-packages/airflow/example_dags/example_latest_only.py for tasks to queue
[2021-01-21 21:56:53,380] {logging_mixin.py:103} INFO - [2021-01-21 21:56:53,380] {dagbag.py:440} INFO - Filling up the DagBag from /home/ubuntu/anaconda3/envs/airflow_udemy/lib/python3.7/site-packages/airflow/example_dags/example_latest_only.py
[2021-01-21 21:56:53,387] {scheduler_job.py:639} INFO - DAG(s) dict_keys(['latest_only']) retrieved from /home/ubuntu/anaconda3/envs/airflow_udemy/lib/python3.7/site-packages/airflow/example_dags/example_latest_only.py
[2021-01-21 21:56:53,388] {logging_mixin.py:103} INFO - [2021-01-21 21:56:53,388] {dag.py:1813} INFO - Sync 1 DAGs
[2021-01-21 21:56:53,402] {logging_mixin.py:103} INFO - [2021-01-21 21:56:53,402] {dag.py:2266} INFO - Setting next_dagrun for latest_only to 2021-01-19 00:00:00+00:00
[2021-01-21 21:56:53,414] {scheduler_job.py:189} INFO - Processing /home/ubuntu/anaconda3/envs/airflow_udemy/lib/python3.7/site-packages/airflow/example_dags/example_latest_only.py took 0.038 seconds
