[2021-01-21 21:55:17,965] {scheduler_job.py:181} INFO - Started process (PID=33140) to work on /home/ubuntu/anaconda3/envs/airflow_udemy/lib/python3.7/site-packages/airflow/example_dags/example_skip_dag.py
[2021-01-21 21:55:17,966] {scheduler_job.py:629} INFO - Processing file /home/ubuntu/anaconda3/envs/airflow_udemy/lib/python3.7/site-packages/airflow/example_dags/example_skip_dag.py for tasks to queue
[2021-01-21 21:55:17,966] {logging_mixin.py:103} INFO - [2021-01-21 21:55:17,966] {dagbag.py:440} INFO - Filling up the DagBag from /home/ubuntu/anaconda3/envs/airflow_udemy/lib/python3.7/site-packages/airflow/example_dags/example_skip_dag.py
[2021-01-21 21:55:17,974] {scheduler_job.py:639} INFO - DAG(s) dict_keys(['example_skip_dag']) retrieved from /home/ubuntu/anaconda3/envs/airflow_udemy/lib/python3.7/site-packages/airflow/example_dags/example_skip_dag.py
[2021-01-21 21:55:17,974] {logging_mixin.py:103} INFO - [2021-01-21 21:55:17,974] {dag.py:1813} INFO - Sync 1 DAGs
[2021-01-21 21:55:17,988] {logging_mixin.py:103} INFO - [2021-01-21 21:55:17,988] {dag.py:2266} INFO - Setting next_dagrun for example_skip_dag to 2021-01-19 00:00:00+00:00
[2021-01-21 21:55:18,000] {scheduler_job.py:189} INFO - Processing /home/ubuntu/anaconda3/envs/airflow_udemy/lib/python3.7/site-packages/airflow/example_dags/example_skip_dag.py took 0.037 seconds
[2021-01-21 21:55:45,416] {scheduler_job.py:181} INFO - Started process (PID=33230) to work on /home/ubuntu/anaconda3/envs/airflow_udemy/lib/python3.7/site-packages/airflow/example_dags/example_skip_dag.py
[2021-01-21 21:55:45,417] {scheduler_job.py:629} INFO - Processing file /home/ubuntu/anaconda3/envs/airflow_udemy/lib/python3.7/site-packages/airflow/example_dags/example_skip_dag.py for tasks to queue
[2021-01-21 21:55:45,418] {logging_mixin.py:103} INFO - [2021-01-21 21:55:45,418] {dagbag.py:440} INFO - Filling up the DagBag from /home/ubuntu/anaconda3/envs/airflow_udemy/lib/python3.7/site-packages/airflow/example_dags/example_skip_dag.py
[2021-01-21 21:55:45,425] {scheduler_job.py:639} INFO - DAG(s) dict_keys(['example_skip_dag']) retrieved from /home/ubuntu/anaconda3/envs/airflow_udemy/lib/python3.7/site-packages/airflow/example_dags/example_skip_dag.py
[2021-01-21 21:55:45,426] {logging_mixin.py:103} INFO - [2021-01-21 21:55:45,426] {dag.py:1813} INFO - Sync 1 DAGs
[2021-01-21 21:55:45,440] {logging_mixin.py:103} INFO - [2021-01-21 21:55:45,440] {dag.py:2266} INFO - Setting next_dagrun for example_skip_dag to 2021-01-19 00:00:00+00:00
[2021-01-21 21:55:45,452] {scheduler_job.py:189} INFO - Processing /home/ubuntu/anaconda3/envs/airflow_udemy/lib/python3.7/site-packages/airflow/example_dags/example_skip_dag.py took 0.038 seconds
[2021-01-21 21:56:14,494] {scheduler_job.py:181} INFO - Started process (PID=33309) to work on /home/ubuntu/anaconda3/envs/airflow_udemy/lib/python3.7/site-packages/airflow/example_dags/example_skip_dag.py
[2021-01-21 21:56:14,495] {scheduler_job.py:629} INFO - Processing file /home/ubuntu/anaconda3/envs/airflow_udemy/lib/python3.7/site-packages/airflow/example_dags/example_skip_dag.py for tasks to queue
[2021-01-21 21:56:14,496] {logging_mixin.py:103} INFO - [2021-01-21 21:56:14,495] {dagbag.py:440} INFO - Filling up the DagBag from /home/ubuntu/anaconda3/envs/airflow_udemy/lib/python3.7/site-packages/airflow/example_dags/example_skip_dag.py
[2021-01-21 21:56:14,503] {scheduler_job.py:639} INFO - DAG(s) dict_keys(['example_skip_dag']) retrieved from /home/ubuntu/anaconda3/envs/airflow_udemy/lib/python3.7/site-packages/airflow/example_dags/example_skip_dag.py
[2021-01-21 21:56:14,503] {logging_mixin.py:103} INFO - [2021-01-21 21:56:14,503] {dag.py:1813} INFO - Sync 1 DAGs
[2021-01-21 21:56:14,517] {logging_mixin.py:103} INFO - [2021-01-21 21:56:14,517] {dag.py:2266} INFO - Setting next_dagrun for example_skip_dag to 2021-01-19 00:00:00+00:00
[2021-01-21 21:56:14,529] {scheduler_job.py:189} INFO - Processing /home/ubuntu/anaconda3/envs/airflow_udemy/lib/python3.7/site-packages/airflow/example_dags/example_skip_dag.py took 0.037 seconds
[2021-01-21 21:56:41,953] {scheduler_job.py:181} INFO - Started process (PID=33381) to work on /home/ubuntu/anaconda3/envs/airflow_udemy/lib/python3.7/site-packages/airflow/example_dags/example_skip_dag.py
[2021-01-21 21:56:41,954] {scheduler_job.py:629} INFO - Processing file /home/ubuntu/anaconda3/envs/airflow_udemy/lib/python3.7/site-packages/airflow/example_dags/example_skip_dag.py for tasks to queue
[2021-01-21 21:56:41,955] {logging_mixin.py:103} INFO - [2021-01-21 21:56:41,954] {dagbag.py:440} INFO - Filling up the DagBag from /home/ubuntu/anaconda3/envs/airflow_udemy/lib/python3.7/site-packages/airflow/example_dags/example_skip_dag.py
[2021-01-21 21:56:41,962] {scheduler_job.py:639} INFO - DAG(s) dict_keys(['example_skip_dag']) retrieved from /home/ubuntu/anaconda3/envs/airflow_udemy/lib/python3.7/site-packages/airflow/example_dags/example_skip_dag.py
[2021-01-21 21:56:41,963] {logging_mixin.py:103} INFO - [2021-01-21 21:56:41,963] {dag.py:1813} INFO - Sync 1 DAGs
[2021-01-21 21:56:41,977] {logging_mixin.py:103} INFO - [2021-01-21 21:56:41,977] {dag.py:2266} INFO - Setting next_dagrun for example_skip_dag to 2021-01-19 00:00:00+00:00
[2021-01-21 21:56:41,989] {scheduler_job.py:189} INFO - Processing /home/ubuntu/anaconda3/envs/airflow_udemy/lib/python3.7/site-packages/airflow/example_dags/example_skip_dag.py took 0.038 seconds
[2021-01-21 21:57:10,460] {scheduler_job.py:181} INFO - Started process (PID=33452) to work on /home/ubuntu/anaconda3/envs/airflow_udemy/lib/python3.7/site-packages/airflow/example_dags/example_skip_dag.py
[2021-01-21 21:57:10,461] {scheduler_job.py:629} INFO - Processing file /home/ubuntu/anaconda3/envs/airflow_udemy/lib/python3.7/site-packages/airflow/example_dags/example_skip_dag.py for tasks to queue
[2021-01-21 21:57:10,462] {logging_mixin.py:103} INFO - [2021-01-21 21:57:10,462] {dagbag.py:440} INFO - Filling up the DagBag from /home/ubuntu/anaconda3/envs/airflow_udemy/lib/python3.7/site-packages/airflow/example_dags/example_skip_dag.py
[2021-01-21 21:57:10,469] {scheduler_job.py:639} INFO - DAG(s) dict_keys(['example_skip_dag']) retrieved from /home/ubuntu/anaconda3/envs/airflow_udemy/lib/python3.7/site-packages/airflow/example_dags/example_skip_dag.py
[2021-01-21 21:57:10,470] {logging_mixin.py:103} INFO - [2021-01-21 21:57:10,470] {dag.py:1813} INFO - Sync 1 DAGs
[2021-01-21 21:57:10,484] {logging_mixin.py:103} INFO - [2021-01-21 21:57:10,484] {dag.py:2266} INFO - Setting next_dagrun for example_skip_dag to 2021-01-19 00:00:00+00:00
[2021-01-21 21:57:10,495] {scheduler_job.py:189} INFO - Processing /home/ubuntu/anaconda3/envs/airflow_udemy/lib/python3.7/site-packages/airflow/example_dags/example_skip_dag.py took 0.038 seconds
