[2021-01-21 21:55:36,273] {scheduler_job.py:181} INFO - Started process (PID=33204) to work on /home/ubuntu/anaconda3/envs/airflow_udemy/lib/python3.7/site-packages/airflow/example_dags/example_branch_python_dop_operator_3.py
[2021-01-21 21:55:36,274] {scheduler_job.py:629} INFO - Processing file /home/ubuntu/anaconda3/envs/airflow_udemy/lib/python3.7/site-packages/airflow/example_dags/example_branch_python_dop_operator_3.py for tasks to queue
[2021-01-21 21:55:36,274] {logging_mixin.py:103} INFO - [2021-01-21 21:55:36,274] {dagbag.py:440} INFO - Filling up the DagBag from /home/ubuntu/anaconda3/envs/airflow_udemy/lib/python3.7/site-packages/airflow/example_dags/example_branch_python_dop_operator_3.py
[2021-01-21 21:55:36,285] {scheduler_job.py:639} INFO - DAG(s) dict_keys(['example_branch_dop_operator_v3']) retrieved from /home/ubuntu/anaconda3/envs/airflow_udemy/lib/python3.7/site-packages/airflow/example_dags/example_branch_python_dop_operator_3.py
[2021-01-21 21:55:36,286] {logging_mixin.py:103} INFO - [2021-01-21 21:55:36,286] {dag.py:1813} INFO - Sync 1 DAGs
[2021-01-21 21:55:36,313] {logging_mixin.py:103} INFO - [2021-01-21 21:55:36,313] {dag.py:2266} INFO - Setting next_dagrun for example_branch_dop_operator_v3 to 2021-01-19 00:00:00+00:00
[2021-01-21 21:55:36,325] {scheduler_job.py:189} INFO - Processing /home/ubuntu/anaconda3/envs/airflow_udemy/lib/python3.7/site-packages/airflow/example_dags/example_branch_python_dop_operator_3.py took 0.055 seconds
[2021-01-21 21:56:05,369] {scheduler_job.py:181} INFO - Started process (PID=33287) to work on /home/ubuntu/anaconda3/envs/airflow_udemy/lib/python3.7/site-packages/airflow/example_dags/example_branch_python_dop_operator_3.py
[2021-01-21 21:56:05,370] {scheduler_job.py:629} INFO - Processing file /home/ubuntu/anaconda3/envs/airflow_udemy/lib/python3.7/site-packages/airflow/example_dags/example_branch_python_dop_operator_3.py for tasks to queue
[2021-01-21 21:56:05,371] {logging_mixin.py:103} INFO - [2021-01-21 21:56:05,371] {dagbag.py:440} INFO - Filling up the DagBag from /home/ubuntu/anaconda3/envs/airflow_udemy/lib/python3.7/site-packages/airflow/example_dags/example_branch_python_dop_operator_3.py
[2021-01-21 21:56:05,381] {scheduler_job.py:639} INFO - DAG(s) dict_keys(['example_branch_dop_operator_v3']) retrieved from /home/ubuntu/anaconda3/envs/airflow_udemy/lib/python3.7/site-packages/airflow/example_dags/example_branch_python_dop_operator_3.py
[2021-01-21 21:56:05,382] {logging_mixin.py:103} INFO - [2021-01-21 21:56:05,382] {dag.py:1813} INFO - Sync 1 DAGs
[2021-01-21 21:56:05,408] {logging_mixin.py:103} INFO - [2021-01-21 21:56:05,408] {dag.py:2266} INFO - Setting next_dagrun for example_branch_dop_operator_v3 to 2021-01-19 00:00:00+00:00
[2021-01-21 21:56:05,420] {scheduler_job.py:189} INFO - Processing /home/ubuntu/anaconda3/envs/airflow_udemy/lib/python3.7/site-packages/airflow/example_dags/example_branch_python_dop_operator_3.py took 0.053 seconds
[2021-01-21 21:56:32,808] {scheduler_job.py:181} INFO - Started process (PID=33356) to work on /home/ubuntu/anaconda3/envs/airflow_udemy/lib/python3.7/site-packages/airflow/example_dags/example_branch_python_dop_operator_3.py
[2021-01-21 21:56:32,809] {scheduler_job.py:629} INFO - Processing file /home/ubuntu/anaconda3/envs/airflow_udemy/lib/python3.7/site-packages/airflow/example_dags/example_branch_python_dop_operator_3.py for tasks to queue
[2021-01-21 21:56:32,809] {logging_mixin.py:103} INFO - [2021-01-21 21:56:32,809] {dagbag.py:440} INFO - Filling up the DagBag from /home/ubuntu/anaconda3/envs/airflow_udemy/lib/python3.7/site-packages/airflow/example_dags/example_branch_python_dop_operator_3.py
[2021-01-21 21:56:32,819] {scheduler_job.py:639} INFO - DAG(s) dict_keys(['example_branch_dop_operator_v3']) retrieved from /home/ubuntu/anaconda3/envs/airflow_udemy/lib/python3.7/site-packages/airflow/example_dags/example_branch_python_dop_operator_3.py
[2021-01-21 21:56:32,820] {logging_mixin.py:103} INFO - [2021-01-21 21:56:32,820] {dag.py:1813} INFO - Sync 1 DAGs
[2021-01-21 21:56:32,847] {logging_mixin.py:103} INFO - [2021-01-21 21:56:32,847] {dag.py:2266} INFO - Setting next_dagrun for example_branch_dop_operator_v3 to 2021-01-19 00:00:00+00:00
[2021-01-21 21:56:32,859] {scheduler_job.py:189} INFO - Processing /home/ubuntu/anaconda3/envs/airflow_udemy/lib/python3.7/site-packages/airflow/example_dags/example_branch_python_dop_operator_3.py took 0.054 seconds
[2021-01-21 21:57:01,903] {scheduler_job.py:181} INFO - Started process (PID=33431) to work on /home/ubuntu/anaconda3/envs/airflow_udemy/lib/python3.7/site-packages/airflow/example_dags/example_branch_python_dop_operator_3.py
[2021-01-21 21:57:01,904] {scheduler_job.py:629} INFO - Processing file /home/ubuntu/anaconda3/envs/airflow_udemy/lib/python3.7/site-packages/airflow/example_dags/example_branch_python_dop_operator_3.py for tasks to queue
[2021-01-21 21:57:01,904] {logging_mixin.py:103} INFO - [2021-01-21 21:57:01,904] {dagbag.py:440} INFO - Filling up the DagBag from /home/ubuntu/anaconda3/envs/airflow_udemy/lib/python3.7/site-packages/airflow/example_dags/example_branch_python_dop_operator_3.py
[2021-01-21 21:57:01,915] {scheduler_job.py:639} INFO - DAG(s) dict_keys(['example_branch_dop_operator_v3']) retrieved from /home/ubuntu/anaconda3/envs/airflow_udemy/lib/python3.7/site-packages/airflow/example_dags/example_branch_python_dop_operator_3.py
[2021-01-21 21:57:01,915] {logging_mixin.py:103} INFO - [2021-01-21 21:57:01,915] {dag.py:1813} INFO - Sync 1 DAGs
[2021-01-21 21:57:01,942] {logging_mixin.py:103} INFO - [2021-01-21 21:57:01,942] {dag.py:2266} INFO - Setting next_dagrun for example_branch_dop_operator_v3 to 2021-01-19 00:00:00+00:00
[2021-01-21 21:57:01,953] {scheduler_job.py:189} INFO - Processing /home/ubuntu/anaconda3/envs/airflow_udemy/lib/python3.7/site-packages/airflow/example_dags/example_branch_python_dop_operator_3.py took 0.053 seconds
