[2021-01-21 21:55:24,851] {scheduler_job.py:181} INFO - Started process (PID=33178) to work on /home/ubuntu/anaconda3/envs/airflow_udemy/lib/python3.7/site-packages/airflow/example_dags/example_complex.py
[2021-01-21 21:55:24,852] {scheduler_job.py:629} INFO - Processing file /home/ubuntu/anaconda3/envs/airflow_udemy/lib/python3.7/site-packages/airflow/example_dags/example_complex.py for tasks to queue
[2021-01-21 21:55:24,853] {logging_mixin.py:103} INFO - [2021-01-21 21:55:24,853] {dagbag.py:440} INFO - Filling up the DagBag from /home/ubuntu/anaconda3/envs/airflow_udemy/lib/python3.7/site-packages/airflow/example_dags/example_complex.py
[2021-01-21 21:55:24,865] {scheduler_job.py:639} INFO - DAG(s) dict_keys(['example_complex']) retrieved from /home/ubuntu/anaconda3/envs/airflow_udemy/lib/python3.7/site-packages/airflow/example_dags/example_complex.py
[2021-01-21 21:55:24,866] {logging_mixin.py:103} INFO - [2021-01-21 21:55:24,866] {dag.py:1813} INFO - Sync 1 DAGs
[2021-01-21 21:55:24,880] {logging_mixin.py:103} INFO - [2021-01-21 21:55:24,880] {dag.py:2266} INFO - Setting next_dagrun for example_complex to None
[2021-01-21 21:55:24,903] {scheduler_job.py:189} INFO - Processing /home/ubuntu/anaconda3/envs/airflow_udemy/lib/python3.7/site-packages/airflow/example_dags/example_complex.py took 0.054 seconds
[2021-01-21 21:55:53,956] {scheduler_job.py:181} INFO - Started process (PID=33251) to work on /home/ubuntu/anaconda3/envs/airflow_udemy/lib/python3.7/site-packages/airflow/example_dags/example_complex.py
[2021-01-21 21:55:53,957] {scheduler_job.py:629} INFO - Processing file /home/ubuntu/anaconda3/envs/airflow_udemy/lib/python3.7/site-packages/airflow/example_dags/example_complex.py for tasks to queue
[2021-01-21 21:55:53,957] {logging_mixin.py:103} INFO - [2021-01-21 21:55:53,957] {dagbag.py:440} INFO - Filling up the DagBag from /home/ubuntu/anaconda3/envs/airflow_udemy/lib/python3.7/site-packages/airflow/example_dags/example_complex.py
[2021-01-21 21:55:53,970] {scheduler_job.py:639} INFO - DAG(s) dict_keys(['example_complex']) retrieved from /home/ubuntu/anaconda3/envs/airflow_udemy/lib/python3.7/site-packages/airflow/example_dags/example_complex.py
[2021-01-21 21:55:53,971] {logging_mixin.py:103} INFO - [2021-01-21 21:55:53,971] {dag.py:1813} INFO - Sync 1 DAGs
[2021-01-21 21:55:53,984] {logging_mixin.py:103} INFO - [2021-01-21 21:55:53,984] {dag.py:2266} INFO - Setting next_dagrun for example_complex to None
[2021-01-21 21:55:53,993] {scheduler_job.py:189} INFO - Processing /home/ubuntu/anaconda3/envs/airflow_udemy/lib/python3.7/site-packages/airflow/example_dags/example_complex.py took 0.039 seconds
[2021-01-21 21:56:22,524] {scheduler_job.py:181} INFO - Started process (PID=33330) to work on /home/ubuntu/anaconda3/envs/airflow_udemy/lib/python3.7/site-packages/airflow/example_dags/example_complex.py
[2021-01-21 21:56:22,525] {scheduler_job.py:629} INFO - Processing file /home/ubuntu/anaconda3/envs/airflow_udemy/lib/python3.7/site-packages/airflow/example_dags/example_complex.py for tasks to queue
[2021-01-21 21:56:22,526] {logging_mixin.py:103} INFO - [2021-01-21 21:56:22,526] {dagbag.py:440} INFO - Filling up the DagBag from /home/ubuntu/anaconda3/envs/airflow_udemy/lib/python3.7/site-packages/airflow/example_dags/example_complex.py
[2021-01-21 21:56:22,538] {scheduler_job.py:639} INFO - DAG(s) dict_keys(['example_complex']) retrieved from /home/ubuntu/anaconda3/envs/airflow_udemy/lib/python3.7/site-packages/airflow/example_dags/example_complex.py
[2021-01-21 21:56:22,539] {logging_mixin.py:103} INFO - [2021-01-21 21:56:22,539] {dag.py:1813} INFO - Sync 1 DAGs
[2021-01-21 21:56:22,553] {logging_mixin.py:103} INFO - [2021-01-21 21:56:22,553] {dag.py:2266} INFO - Setting next_dagrun for example_complex to None
[2021-01-21 21:56:22,570] {scheduler_job.py:189} INFO - Processing /home/ubuntu/anaconda3/envs/airflow_udemy/lib/python3.7/site-packages/airflow/example_dags/example_complex.py took 0.048 seconds
[2021-01-21 21:56:50,490] {scheduler_job.py:181} INFO - Started process (PID=33401) to work on /home/ubuntu/anaconda3/envs/airflow_udemy/lib/python3.7/site-packages/airflow/example_dags/example_complex.py
[2021-01-21 21:56:50,491] {scheduler_job.py:629} INFO - Processing file /home/ubuntu/anaconda3/envs/airflow_udemy/lib/python3.7/site-packages/airflow/example_dags/example_complex.py for tasks to queue
[2021-01-21 21:56:50,491] {logging_mixin.py:103} INFO - [2021-01-21 21:56:50,491] {dagbag.py:440} INFO - Filling up the DagBag from /home/ubuntu/anaconda3/envs/airflow_udemy/lib/python3.7/site-packages/airflow/example_dags/example_complex.py
[2021-01-21 21:56:50,504] {scheduler_job.py:639} INFO - DAG(s) dict_keys(['example_complex']) retrieved from /home/ubuntu/anaconda3/envs/airflow_udemy/lib/python3.7/site-packages/airflow/example_dags/example_complex.py
[2021-01-21 21:56:50,505] {logging_mixin.py:103} INFO - [2021-01-21 21:56:50,505] {dag.py:1813} INFO - Sync 1 DAGs
[2021-01-21 21:56:50,519] {logging_mixin.py:103} INFO - [2021-01-21 21:56:50,519] {dag.py:2266} INFO - Setting next_dagrun for example_complex to None
[2021-01-21 21:56:50,535] {scheduler_job.py:189} INFO - Processing /home/ubuntu/anaconda3/envs/airflow_udemy/lib/python3.7/site-packages/airflow/example_dags/example_complex.py took 0.047 seconds
