[2021-01-21 21:55:19,713] {scheduler_job.py:181} INFO - Started process (PID=33159) to work on /home/ubuntu/anaconda3/envs/airflow_udemy/lib/python3.7/site-packages/airflow/example_dags/example_python_operator.py
[2021-01-21 21:55:19,714] {scheduler_job.py:629} INFO - Processing file /home/ubuntu/anaconda3/envs/airflow_udemy/lib/python3.7/site-packages/airflow/example_dags/example_python_operator.py for tasks to queue
[2021-01-21 21:55:19,715] {logging_mixin.py:103} INFO - [2021-01-21 21:55:19,715] {dagbag.py:440} INFO - Filling up the DagBag from /home/ubuntu/anaconda3/envs/airflow_udemy/lib/python3.7/site-packages/airflow/example_dags/example_python_operator.py
[2021-01-21 21:55:19,723] {scheduler_job.py:639} INFO - DAG(s) dict_keys(['example_python_operator']) retrieved from /home/ubuntu/anaconda3/envs/airflow_udemy/lib/python3.7/site-packages/airflow/example_dags/example_python_operator.py
[2021-01-21 21:55:19,724] {logging_mixin.py:103} INFO - [2021-01-21 21:55:19,724] {dag.py:1813} INFO - Sync 1 DAGs
[2021-01-21 21:55:19,737] {logging_mixin.py:103} INFO - [2021-01-21 21:55:19,737] {dag.py:2266} INFO - Setting next_dagrun for example_python_operator to None
[2021-01-21 21:55:19,756] {scheduler_job.py:189} INFO - Processing /home/ubuntu/anaconda3/envs/airflow_udemy/lib/python3.7/site-packages/airflow/example_dags/example_python_operator.py took 0.044 seconds
[2021-01-21 21:55:47,684] {scheduler_job.py:181} INFO - Started process (PID=33235) to work on /home/ubuntu/anaconda3/envs/airflow_udemy/lib/python3.7/site-packages/airflow/example_dags/example_python_operator.py
[2021-01-21 21:55:47,685] {scheduler_job.py:629} INFO - Processing file /home/ubuntu/anaconda3/envs/airflow_udemy/lib/python3.7/site-packages/airflow/example_dags/example_python_operator.py for tasks to queue
[2021-01-21 21:55:47,686] {logging_mixin.py:103} INFO - [2021-01-21 21:55:47,686] {dagbag.py:440} INFO - Filling up the DagBag from /home/ubuntu/anaconda3/envs/airflow_udemy/lib/python3.7/site-packages/airflow/example_dags/example_python_operator.py
[2021-01-21 21:55:47,695] {scheduler_job.py:639} INFO - DAG(s) dict_keys(['example_python_operator']) retrieved from /home/ubuntu/anaconda3/envs/airflow_udemy/lib/python3.7/site-packages/airflow/example_dags/example_python_operator.py
[2021-01-21 21:55:47,696] {logging_mixin.py:103} INFO - [2021-01-21 21:55:47,696] {dag.py:1813} INFO - Sync 1 DAGs
[2021-01-21 21:55:47,710] {logging_mixin.py:103} INFO - [2021-01-21 21:55:47,710] {dag.py:2266} INFO - Setting next_dagrun for example_python_operator to None
[2021-01-21 21:55:47,718] {scheduler_job.py:189} INFO - Processing /home/ubuntu/anaconda3/envs/airflow_udemy/lib/python3.7/site-packages/airflow/example_dags/example_python_operator.py took 0.037 seconds
[2021-01-21 21:56:16,237] {scheduler_job.py:181} INFO - Started process (PID=33314) to work on /home/ubuntu/anaconda3/envs/airflow_udemy/lib/python3.7/site-packages/airflow/example_dags/example_python_operator.py
[2021-01-21 21:56:16,238] {scheduler_job.py:629} INFO - Processing file /home/ubuntu/anaconda3/envs/airflow_udemy/lib/python3.7/site-packages/airflow/example_dags/example_python_operator.py for tasks to queue
[2021-01-21 21:56:16,239] {logging_mixin.py:103} INFO - [2021-01-21 21:56:16,238] {dagbag.py:440} INFO - Filling up the DagBag from /home/ubuntu/anaconda3/envs/airflow_udemy/lib/python3.7/site-packages/airflow/example_dags/example_python_operator.py
[2021-01-21 21:56:16,247] {scheduler_job.py:639} INFO - DAG(s) dict_keys(['example_python_operator']) retrieved from /home/ubuntu/anaconda3/envs/airflow_udemy/lib/python3.7/site-packages/airflow/example_dags/example_python_operator.py
[2021-01-21 21:56:16,248] {logging_mixin.py:103} INFO - [2021-01-21 21:56:16,248] {dag.py:1813} INFO - Sync 1 DAGs
[2021-01-21 21:56:16,262] {logging_mixin.py:103} INFO - [2021-01-21 21:56:16,262] {dag.py:2266} INFO - Setting next_dagrun for example_python_operator to None
[2021-01-21 21:56:16,274] {scheduler_job.py:189} INFO - Processing /home/ubuntu/anaconda3/envs/airflow_udemy/lib/python3.7/site-packages/airflow/example_dags/example_python_operator.py took 0.040 seconds
[2021-01-21 21:56:44,223] {scheduler_job.py:181} INFO - Started process (PID=33386) to work on /home/ubuntu/anaconda3/envs/airflow_udemy/lib/python3.7/site-packages/airflow/example_dags/example_python_operator.py
[2021-01-21 21:56:44,224] {scheduler_job.py:629} INFO - Processing file /home/ubuntu/anaconda3/envs/airflow_udemy/lib/python3.7/site-packages/airflow/example_dags/example_python_operator.py for tasks to queue
[2021-01-21 21:56:44,224] {logging_mixin.py:103} INFO - [2021-01-21 21:56:44,224] {dagbag.py:440} INFO - Filling up the DagBag from /home/ubuntu/anaconda3/envs/airflow_udemy/lib/python3.7/site-packages/airflow/example_dags/example_python_operator.py
[2021-01-21 21:56:44,234] {scheduler_job.py:639} INFO - DAG(s) dict_keys(['example_python_operator']) retrieved from /home/ubuntu/anaconda3/envs/airflow_udemy/lib/python3.7/site-packages/airflow/example_dags/example_python_operator.py
[2021-01-21 21:56:44,234] {logging_mixin.py:103} INFO - [2021-01-21 21:56:44,234] {dag.py:1813} INFO - Sync 1 DAGs
[2021-01-21 21:56:44,249] {logging_mixin.py:103} INFO - [2021-01-21 21:56:44,249] {dag.py:2266} INFO - Setting next_dagrun for example_python_operator to None
[2021-01-21 21:56:44,261] {scheduler_job.py:189} INFO - Processing /home/ubuntu/anaconda3/envs/airflow_udemy/lib/python3.7/site-packages/airflow/example_dags/example_python_operator.py took 0.041 seconds
[2021-01-21 21:57:12,731] {scheduler_job.py:181} INFO - Started process (PID=33458) to work on /home/ubuntu/anaconda3/envs/airflow_udemy/lib/python3.7/site-packages/airflow/example_dags/example_python_operator.py
[2021-01-21 21:57:12,732] {scheduler_job.py:629} INFO - Processing file /home/ubuntu/anaconda3/envs/airflow_udemy/lib/python3.7/site-packages/airflow/example_dags/example_python_operator.py for tasks to queue
[2021-01-21 21:57:12,733] {logging_mixin.py:103} INFO - [2021-01-21 21:57:12,733] {dagbag.py:440} INFO - Filling up the DagBag from /home/ubuntu/anaconda3/envs/airflow_udemy/lib/python3.7/site-packages/airflow/example_dags/example_python_operator.py
[2021-01-21 21:57:12,742] {scheduler_job.py:639} INFO - DAG(s) dict_keys(['example_python_operator']) retrieved from /home/ubuntu/anaconda3/envs/airflow_udemy/lib/python3.7/site-packages/airflow/example_dags/example_python_operator.py
[2021-01-21 21:57:12,743] {logging_mixin.py:103} INFO - [2021-01-21 21:57:12,743] {dag.py:1813} INFO - Sync 1 DAGs
[2021-01-21 21:57:12,757] {logging_mixin.py:103} INFO - [2021-01-21 21:57:12,757] {dag.py:2266} INFO - Setting next_dagrun for example_python_operator to None
[2021-01-21 21:57:12,769] {scheduler_job.py:189} INFO - Processing /home/ubuntu/anaconda3/envs/airflow_udemy/lib/python3.7/site-packages/airflow/example_dags/example_python_operator.py took 0.041 seconds
