[2021-01-21 21:55:14,572] {scheduler_job.py:181} INFO - Started process (PID=33131) to work on /home/ubuntu/anaconda3/envs/airflow_udemy/lib/python3.7/site-packages/airflow/example_dags/example_latest_only_with_trigger.py
[2021-01-21 21:55:14,573] {scheduler_job.py:629} INFO - Processing file /home/ubuntu/anaconda3/envs/airflow_udemy/lib/python3.7/site-packages/airflow/example_dags/example_latest_only_with_trigger.py for tasks to queue
[2021-01-21 21:55:14,573] {logging_mixin.py:103} INFO - [2021-01-21 21:55:14,573] {dagbag.py:440} INFO - Filling up the DagBag from /home/ubuntu/anaconda3/envs/airflow_udemy/lib/python3.7/site-packages/airflow/example_dags/example_latest_only_with_trigger.py
[2021-01-21 21:55:14,581] {scheduler_job.py:639} INFO - DAG(s) dict_keys(['latest_only_with_trigger']) retrieved from /home/ubuntu/anaconda3/envs/airflow_udemy/lib/python3.7/site-packages/airflow/example_dags/example_latest_only_with_trigger.py
[2021-01-21 21:55:14,581] {logging_mixin.py:103} INFO - [2021-01-21 21:55:14,581] {dag.py:1813} INFO - Sync 1 DAGs
[2021-01-21 21:55:14,595] {logging_mixin.py:103} INFO - [2021-01-21 21:55:14,595] {dag.py:2266} INFO - Setting next_dagrun for latest_only_with_trigger to 2021-01-19 00:00:00+00:00
[2021-01-21 21:55:14,607] {scheduler_job.py:189} INFO - Processing /home/ubuntu/anaconda3/envs/airflow_udemy/lib/python3.7/site-packages/airflow/example_dags/example_latest_only_with_trigger.py took 0.037 seconds
[2021-01-21 21:55:42,545] {scheduler_job.py:181} INFO - Started process (PID=33220) to work on /home/ubuntu/anaconda3/envs/airflow_udemy/lib/python3.7/site-packages/airflow/example_dags/example_latest_only_with_trigger.py
[2021-01-21 21:55:42,546] {scheduler_job.py:629} INFO - Processing file /home/ubuntu/anaconda3/envs/airflow_udemy/lib/python3.7/site-packages/airflow/example_dags/example_latest_only_with_trigger.py for tasks to queue
[2021-01-21 21:55:42,547] {logging_mixin.py:103} INFO - [2021-01-21 21:55:42,547] {dagbag.py:440} INFO - Filling up the DagBag from /home/ubuntu/anaconda3/envs/airflow_udemy/lib/python3.7/site-packages/airflow/example_dags/example_latest_only_with_trigger.py
[2021-01-21 21:55:42,554] {scheduler_job.py:639} INFO - DAG(s) dict_keys(['latest_only_with_trigger']) retrieved from /home/ubuntu/anaconda3/envs/airflow_udemy/lib/python3.7/site-packages/airflow/example_dags/example_latest_only_with_trigger.py
[2021-01-21 21:55:42,555] {logging_mixin.py:103} INFO - [2021-01-21 21:55:42,555] {dag.py:1813} INFO - Sync 1 DAGs
[2021-01-21 21:55:42,569] {logging_mixin.py:103} INFO - [2021-01-21 21:55:42,569] {dag.py:2266} INFO - Setting next_dagrun for latest_only_with_trigger to 2021-01-19 00:00:00+00:00
[2021-01-21 21:55:42,581] {scheduler_job.py:189} INFO - Processing /home/ubuntu/anaconda3/envs/airflow_udemy/lib/python3.7/site-packages/airflow/example_dags/example_latest_only_with_trigger.py took 0.038 seconds
[2021-01-21 21:56:11,067] {scheduler_job.py:181} INFO - Started process (PID=33302) to work on /home/ubuntu/anaconda3/envs/airflow_udemy/lib/python3.7/site-packages/airflow/example_dags/example_latest_only_with_trigger.py
[2021-01-21 21:56:11,068] {scheduler_job.py:629} INFO - Processing file /home/ubuntu/anaconda3/envs/airflow_udemy/lib/python3.7/site-packages/airflow/example_dags/example_latest_only_with_trigger.py for tasks to queue
[2021-01-21 21:56:11,069] {logging_mixin.py:103} INFO - [2021-01-21 21:56:11,068] {dagbag.py:440} INFO - Filling up the DagBag from /home/ubuntu/anaconda3/envs/airflow_udemy/lib/python3.7/site-packages/airflow/example_dags/example_latest_only_with_trigger.py
[2021-01-21 21:56:11,076] {scheduler_job.py:639} INFO - DAG(s) dict_keys(['latest_only_with_trigger']) retrieved from /home/ubuntu/anaconda3/envs/airflow_udemy/lib/python3.7/site-packages/airflow/example_dags/example_latest_only_with_trigger.py
[2021-01-21 21:56:11,077] {logging_mixin.py:103} INFO - [2021-01-21 21:56:11,077] {dag.py:1813} INFO - Sync 1 DAGs
[2021-01-21 21:56:11,090] {logging_mixin.py:103} INFO - [2021-01-21 21:56:11,090] {dag.py:2266} INFO - Setting next_dagrun for latest_only_with_trigger to 2021-01-19 00:00:00+00:00
[2021-01-21 21:56:11,101] {scheduler_job.py:189} INFO - Processing /home/ubuntu/anaconda3/envs/airflow_udemy/lib/python3.7/site-packages/airflow/example_dags/example_latest_only_with_trigger.py took 0.037 seconds
[2021-01-21 21:56:39,076] {scheduler_job.py:181} INFO - Started process (PID=33374) to work on /home/ubuntu/anaconda3/envs/airflow_udemy/lib/python3.7/site-packages/airflow/example_dags/example_latest_only_with_trigger.py
[2021-01-21 21:56:39,077] {scheduler_job.py:629} INFO - Processing file /home/ubuntu/anaconda3/envs/airflow_udemy/lib/python3.7/site-packages/airflow/example_dags/example_latest_only_with_trigger.py for tasks to queue
[2021-01-21 21:56:39,077] {logging_mixin.py:103} INFO - [2021-01-21 21:56:39,077] {dagbag.py:440} INFO - Filling up the DagBag from /home/ubuntu/anaconda3/envs/airflow_udemy/lib/python3.7/site-packages/airflow/example_dags/example_latest_only_with_trigger.py
[2021-01-21 21:56:39,085] {scheduler_job.py:639} INFO - DAG(s) dict_keys(['latest_only_with_trigger']) retrieved from /home/ubuntu/anaconda3/envs/airflow_udemy/lib/python3.7/site-packages/airflow/example_dags/example_latest_only_with_trigger.py
[2021-01-21 21:56:39,085] {logging_mixin.py:103} INFO - [2021-01-21 21:56:39,085] {dag.py:1813} INFO - Sync 1 DAGs
[2021-01-21 21:56:39,100] {logging_mixin.py:103} INFO - [2021-01-21 21:56:39,099] {dag.py:2266} INFO - Setting next_dagrun for latest_only_with_trigger to 2021-01-19 00:00:00+00:00
[2021-01-21 21:56:39,111] {scheduler_job.py:189} INFO - Processing /home/ubuntu/anaconda3/envs/airflow_udemy/lib/python3.7/site-packages/airflow/example_dags/example_latest_only_with_trigger.py took 0.038 seconds
[2021-01-21 21:57:07,662] {scheduler_job.py:181} INFO - Started process (PID=33446) to work on /home/ubuntu/anaconda3/envs/airflow_udemy/lib/python3.7/site-packages/airflow/example_dags/example_latest_only_with_trigger.py
[2021-01-21 21:57:07,663] {scheduler_job.py:629} INFO - Processing file /home/ubuntu/anaconda3/envs/airflow_udemy/lib/python3.7/site-packages/airflow/example_dags/example_latest_only_with_trigger.py for tasks to queue
[2021-01-21 21:57:07,663] {logging_mixin.py:103} INFO - [2021-01-21 21:57:07,663] {dagbag.py:440} INFO - Filling up the DagBag from /home/ubuntu/anaconda3/envs/airflow_udemy/lib/python3.7/site-packages/airflow/example_dags/example_latest_only_with_trigger.py
[2021-01-21 21:57:07,671] {scheduler_job.py:639} INFO - DAG(s) dict_keys(['latest_only_with_trigger']) retrieved from /home/ubuntu/anaconda3/envs/airflow_udemy/lib/python3.7/site-packages/airflow/example_dags/example_latest_only_with_trigger.py
[2021-01-21 21:57:07,672] {logging_mixin.py:103} INFO - [2021-01-21 21:57:07,672] {dag.py:1813} INFO - Sync 1 DAGs
[2021-01-21 21:57:07,686] {logging_mixin.py:103} INFO - [2021-01-21 21:57:07,685] {dag.py:2266} INFO - Setting next_dagrun for latest_only_with_trigger to 2021-01-19 00:00:00+00:00
[2021-01-21 21:57:07,697] {scheduler_job.py:189} INFO - Processing /home/ubuntu/anaconda3/envs/airflow_udemy/lib/python3.7/site-packages/airflow/example_dags/example_latest_only_with_trigger.py took 0.038 seconds
