[2021-01-21 21:55:24,237] {scheduler_job.py:181} INFO - Started process (PID=33170) to work on /home/ubuntu/anaconda3/envs/airflow_udemy/lib/python3.7/site-packages/airflow/example_dags/example_task_group.py
[2021-01-21 21:55:24,238] {scheduler_job.py:629} INFO - Processing file /home/ubuntu/anaconda3/envs/airflow_udemy/lib/python3.7/site-packages/airflow/example_dags/example_task_group.py for tasks to queue
[2021-01-21 21:55:24,239] {logging_mixin.py:103} INFO - [2021-01-21 21:55:24,239] {dagbag.py:440} INFO - Filling up the DagBag from /home/ubuntu/anaconda3/envs/airflow_udemy/lib/python3.7/site-packages/airflow/example_dags/example_task_group.py
[2021-01-21 21:55:24,247] {scheduler_job.py:639} INFO - DAG(s) dict_keys(['example_task_group']) retrieved from /home/ubuntu/anaconda3/envs/airflow_udemy/lib/python3.7/site-packages/airflow/example_dags/example_task_group.py
[2021-01-21 21:55:24,248] {logging_mixin.py:103} INFO - [2021-01-21 21:55:24,248] {dag.py:1813} INFO - Sync 1 DAGs
[2021-01-21 21:55:24,261] {logging_mixin.py:103} INFO - [2021-01-21 21:55:24,261] {dag.py:2266} INFO - Setting next_dagrun for example_task_group to 2021-01-19 00:00:00+00:00
[2021-01-21 21:55:24,280] {scheduler_job.py:189} INFO - Processing /home/ubuntu/anaconda3/envs/airflow_udemy/lib/python3.7/site-packages/airflow/example_dags/example_task_group.py took 0.045 seconds
[2021-01-21 21:55:51,700] {scheduler_job.py:181} INFO - Started process (PID=33246) to work on /home/ubuntu/anaconda3/envs/airflow_udemy/lib/python3.7/site-packages/airflow/example_dags/example_task_group.py
[2021-01-21 21:55:51,701] {scheduler_job.py:629} INFO - Processing file /home/ubuntu/anaconda3/envs/airflow_udemy/lib/python3.7/site-packages/airflow/example_dags/example_task_group.py for tasks to queue
[2021-01-21 21:55:51,702] {logging_mixin.py:103} INFO - [2021-01-21 21:55:51,702] {dagbag.py:440} INFO - Filling up the DagBag from /home/ubuntu/anaconda3/envs/airflow_udemy/lib/python3.7/site-packages/airflow/example_dags/example_task_group.py
[2021-01-21 21:55:51,710] {scheduler_job.py:639} INFO - DAG(s) dict_keys(['example_task_group']) retrieved from /home/ubuntu/anaconda3/envs/airflow_udemy/lib/python3.7/site-packages/airflow/example_dags/example_task_group.py
[2021-01-21 21:55:51,711] {logging_mixin.py:103} INFO - [2021-01-21 21:55:51,711] {dag.py:1813} INFO - Sync 1 DAGs
[2021-01-21 21:55:51,725] {logging_mixin.py:103} INFO - [2021-01-21 21:55:51,724] {dag.py:2266} INFO - Setting next_dagrun for example_task_group to 2021-01-19 00:00:00+00:00
[2021-01-21 21:55:51,732] {scheduler_job.py:189} INFO - Processing /home/ubuntu/anaconda3/envs/airflow_udemy/lib/python3.7/site-packages/airflow/example_dags/example_task_group.py took 0.034 seconds
[2021-01-21 21:56:20,762] {scheduler_job.py:181} INFO - Started process (PID=33324) to work on /home/ubuntu/anaconda3/envs/airflow_udemy/lib/python3.7/site-packages/airflow/example_dags/example_task_group.py
[2021-01-21 21:56:20,763] {scheduler_job.py:629} INFO - Processing file /home/ubuntu/anaconda3/envs/airflow_udemy/lib/python3.7/site-packages/airflow/example_dags/example_task_group.py for tasks to queue
[2021-01-21 21:56:20,764] {logging_mixin.py:103} INFO - [2021-01-21 21:56:20,763] {dagbag.py:440} INFO - Filling up the DagBag from /home/ubuntu/anaconda3/envs/airflow_udemy/lib/python3.7/site-packages/airflow/example_dags/example_task_group.py
[2021-01-21 21:56:20,772] {scheduler_job.py:639} INFO - DAG(s) dict_keys(['example_task_group']) retrieved from /home/ubuntu/anaconda3/envs/airflow_udemy/lib/python3.7/site-packages/airflow/example_dags/example_task_group.py
[2021-01-21 21:56:20,773] {logging_mixin.py:103} INFO - [2021-01-21 21:56:20,773] {dag.py:1813} INFO - Sync 1 DAGs
[2021-01-21 21:56:20,787] {logging_mixin.py:103} INFO - [2021-01-21 21:56:20,787] {dag.py:2266} INFO - Setting next_dagrun for example_task_group to 2021-01-19 00:00:00+00:00
[2021-01-21 21:56:20,799] {scheduler_job.py:189} INFO - Processing /home/ubuntu/anaconda3/envs/airflow_udemy/lib/python3.7/site-packages/airflow/example_dags/example_task_group.py took 0.040 seconds
[2021-01-21 21:56:48,234] {scheduler_job.py:181} INFO - Started process (PID=33396) to work on /home/ubuntu/anaconda3/envs/airflow_udemy/lib/python3.7/site-packages/airflow/example_dags/example_task_group.py
[2021-01-21 21:56:48,235] {scheduler_job.py:629} INFO - Processing file /home/ubuntu/anaconda3/envs/airflow_udemy/lib/python3.7/site-packages/airflow/example_dags/example_task_group.py for tasks to queue
[2021-01-21 21:56:48,235] {logging_mixin.py:103} INFO - [2021-01-21 21:56:48,235] {dagbag.py:440} INFO - Filling up the DagBag from /home/ubuntu/anaconda3/envs/airflow_udemy/lib/python3.7/site-packages/airflow/example_dags/example_task_group.py
[2021-01-21 21:56:48,244] {scheduler_job.py:639} INFO - DAG(s) dict_keys(['example_task_group']) retrieved from /home/ubuntu/anaconda3/envs/airflow_udemy/lib/python3.7/site-packages/airflow/example_dags/example_task_group.py
[2021-01-21 21:56:48,245] {logging_mixin.py:103} INFO - [2021-01-21 21:56:48,245] {dag.py:1813} INFO - Sync 1 DAGs
[2021-01-21 21:56:48,259] {logging_mixin.py:103} INFO - [2021-01-21 21:56:48,259] {dag.py:2266} INFO - Setting next_dagrun for example_task_group to 2021-01-19 00:00:00+00:00
[2021-01-21 21:56:48,271] {scheduler_job.py:189} INFO - Processing /home/ubuntu/anaconda3/envs/airflow_udemy/lib/python3.7/site-packages/airflow/example_dags/example_task_group.py took 0.040 seconds
[2021-01-21 21:57:17,255] {scheduler_job.py:181} INFO - Started process (PID=33471) to work on /home/ubuntu/anaconda3/envs/airflow_udemy/lib/python3.7/site-packages/airflow/example_dags/example_task_group.py
[2021-01-21 21:57:17,256] {scheduler_job.py:629} INFO - Processing file /home/ubuntu/anaconda3/envs/airflow_udemy/lib/python3.7/site-packages/airflow/example_dags/example_task_group.py for tasks to queue
[2021-01-21 21:57:17,257] {logging_mixin.py:103} INFO - [2021-01-21 21:57:17,256] {dagbag.py:440} INFO - Filling up the DagBag from /home/ubuntu/anaconda3/envs/airflow_udemy/lib/python3.7/site-packages/airflow/example_dags/example_task_group.py
[2021-01-21 21:57:17,265] {scheduler_job.py:639} INFO - DAG(s) dict_keys(['example_task_group']) retrieved from /home/ubuntu/anaconda3/envs/airflow_udemy/lib/python3.7/site-packages/airflow/example_dags/example_task_group.py
[2021-01-21 21:57:17,266] {logging_mixin.py:103} INFO - [2021-01-21 21:57:17,266] {dag.py:1813} INFO - Sync 1 DAGs
[2021-01-21 21:57:17,280] {logging_mixin.py:103} INFO - [2021-01-21 21:57:17,280] {dag.py:2266} INFO - Setting next_dagrun for example_task_group to 2021-01-19 00:00:00+00:00
[2021-01-21 21:57:17,291] {scheduler_job.py:189} INFO - Processing /home/ubuntu/anaconda3/envs/airflow_udemy/lib/python3.7/site-packages/airflow/example_dags/example_task_group.py took 0.039 seconds
