[2021-01-21 21:55:27,118] {scheduler_job.py:181} INFO - Started process (PID=33183) to work on /home/ubuntu/anaconda3/envs/airflow_udemy/lib/python3.7/site-packages/airflow/example_dags/tutorial.py
[2021-01-21 21:55:27,119] {scheduler_job.py:629} INFO - Processing file /home/ubuntu/anaconda3/envs/airflow_udemy/lib/python3.7/site-packages/airflow/example_dags/tutorial.py for tasks to queue
[2021-01-21 21:55:27,120] {logging_mixin.py:103} INFO - [2021-01-21 21:55:27,120] {dagbag.py:440} INFO - Filling up the DagBag from /home/ubuntu/anaconda3/envs/airflow_udemy/lib/python3.7/site-packages/airflow/example_dags/tutorial.py
[2021-01-21 21:55:27,127] {scheduler_job.py:639} INFO - DAG(s) dict_keys(['tutorial']) retrieved from /home/ubuntu/anaconda3/envs/airflow_udemy/lib/python3.7/site-packages/airflow/example_dags/tutorial.py
[2021-01-21 21:55:27,128] {logging_mixin.py:103} INFO - [2021-01-21 21:55:27,128] {dag.py:1813} INFO - Sync 1 DAGs
[2021-01-21 21:55:27,142] {logging_mixin.py:103} INFO - [2021-01-21 21:55:27,142] {dag.py:2266} INFO - Setting next_dagrun for tutorial to 2021-01-19 00:00:00+00:00
[2021-01-21 21:55:27,160] {scheduler_job.py:189} INFO - Processing /home/ubuntu/anaconda3/envs/airflow_udemy/lib/python3.7/site-packages/airflow/example_dags/tutorial.py took 0.044 seconds
[2021-01-21 21:55:55,700] {scheduler_job.py:181} INFO - Started process (PID=33256) to work on /home/ubuntu/anaconda3/envs/airflow_udemy/lib/python3.7/site-packages/airflow/example_dags/tutorial.py
[2021-01-21 21:55:55,701] {scheduler_job.py:629} INFO - Processing file /home/ubuntu/anaconda3/envs/airflow_udemy/lib/python3.7/site-packages/airflow/example_dags/tutorial.py for tasks to queue
[2021-01-21 21:55:55,701] {logging_mixin.py:103} INFO - [2021-01-21 21:55:55,701] {dagbag.py:440} INFO - Filling up the DagBag from /home/ubuntu/anaconda3/envs/airflow_udemy/lib/python3.7/site-packages/airflow/example_dags/tutorial.py
[2021-01-21 21:55:55,709] {scheduler_job.py:639} INFO - DAG(s) dict_keys(['tutorial']) retrieved from /home/ubuntu/anaconda3/envs/airflow_udemy/lib/python3.7/site-packages/airflow/example_dags/tutorial.py
[2021-01-21 21:55:55,710] {logging_mixin.py:103} INFO - [2021-01-21 21:55:55,710] {dag.py:1813} INFO - Sync 1 DAGs
[2021-01-21 21:55:55,724] {logging_mixin.py:103} INFO - [2021-01-21 21:55:55,724] {dag.py:2266} INFO - Setting next_dagrun for tutorial to 2021-01-19 00:00:00+00:00
[2021-01-21 21:55:55,732] {scheduler_job.py:189} INFO - Processing /home/ubuntu/anaconda3/envs/airflow_udemy/lib/python3.7/site-packages/airflow/example_dags/tutorial.py took 0.035 seconds
[2021-01-21 21:56:24,781] {scheduler_job.py:181} INFO - Started process (PID=33335) to work on /home/ubuntu/anaconda3/envs/airflow_udemy/lib/python3.7/site-packages/airflow/example_dags/tutorial.py
[2021-01-21 21:56:24,782] {scheduler_job.py:629} INFO - Processing file /home/ubuntu/anaconda3/envs/airflow_udemy/lib/python3.7/site-packages/airflow/example_dags/tutorial.py for tasks to queue
[2021-01-21 21:56:24,783] {logging_mixin.py:103} INFO - [2021-01-21 21:56:24,783] {dagbag.py:440} INFO - Filling up the DagBag from /home/ubuntu/anaconda3/envs/airflow_udemy/lib/python3.7/site-packages/airflow/example_dags/tutorial.py
[2021-01-21 21:56:24,790] {scheduler_job.py:639} INFO - DAG(s) dict_keys(['tutorial']) retrieved from /home/ubuntu/anaconda3/envs/airflow_udemy/lib/python3.7/site-packages/airflow/example_dags/tutorial.py
[2021-01-21 21:56:24,791] {logging_mixin.py:103} INFO - [2021-01-21 21:56:24,791] {dag.py:1813} INFO - Sync 1 DAGs
[2021-01-21 21:56:24,805] {logging_mixin.py:103} INFO - [2021-01-21 21:56:24,805] {dag.py:2266} INFO - Setting next_dagrun for tutorial to 2021-01-19 00:00:00+00:00
[2021-01-21 21:56:24,817] {scheduler_job.py:189} INFO - Processing /home/ubuntu/anaconda3/envs/airflow_udemy/lib/python3.7/site-packages/airflow/example_dags/tutorial.py took 0.038 seconds
[2021-01-21 21:56:52,239] {scheduler_job.py:181} INFO - Started process (PID=33407) to work on /home/ubuntu/anaconda3/envs/airflow_udemy/lib/python3.7/site-packages/airflow/example_dags/tutorial.py
[2021-01-21 21:56:52,240] {scheduler_job.py:629} INFO - Processing file /home/ubuntu/anaconda3/envs/airflow_udemy/lib/python3.7/site-packages/airflow/example_dags/tutorial.py for tasks to queue
[2021-01-21 21:56:52,241] {logging_mixin.py:103} INFO - [2021-01-21 21:56:52,241] {dagbag.py:440} INFO - Filling up the DagBag from /home/ubuntu/anaconda3/envs/airflow_udemy/lib/python3.7/site-packages/airflow/example_dags/tutorial.py
[2021-01-21 21:56:52,248] {scheduler_job.py:639} INFO - DAG(s) dict_keys(['tutorial']) retrieved from /home/ubuntu/anaconda3/envs/airflow_udemy/lib/python3.7/site-packages/airflow/example_dags/tutorial.py
[2021-01-21 21:56:52,248] {logging_mixin.py:103} INFO - [2021-01-21 21:56:52,248] {dag.py:1813} INFO - Sync 1 DAGs
[2021-01-21 21:56:52,262] {logging_mixin.py:103} INFO - [2021-01-21 21:56:52,262] {dag.py:2266} INFO - Setting next_dagrun for tutorial to 2021-01-19 00:00:00+00:00
[2021-01-21 21:56:52,273] {scheduler_job.py:189} INFO - Processing /home/ubuntu/anaconda3/envs/airflow_udemy/lib/python3.7/site-packages/airflow/example_dags/tutorial.py took 0.036 seconds
