[2021-01-21 21:55:09,602] {scheduler_job.py:181} INFO - Started process (PID=33105) to work on /home/ubuntu/anaconda3/envs/airflow_udemy/lib/python3.7/site-packages/airflow/example_dags/tutorial_etl_dag.py
[2021-01-21 21:55:09,603] {scheduler_job.py:629} INFO - Processing file /home/ubuntu/anaconda3/envs/airflow_udemy/lib/python3.7/site-packages/airflow/example_dags/tutorial_etl_dag.py for tasks to queue
[2021-01-21 21:55:09,603] {logging_mixin.py:103} INFO - [2021-01-21 21:55:09,603] {dagbag.py:440} INFO - Filling up the DagBag from /home/ubuntu/anaconda3/envs/airflow_udemy/lib/python3.7/site-packages/airflow/example_dags/tutorial_etl_dag.py
[2021-01-21 21:55:09,611] {scheduler_job.py:639} INFO - DAG(s) dict_keys(['tutorial_etl_dag']) retrieved from /home/ubuntu/anaconda3/envs/airflow_udemy/lib/python3.7/site-packages/airflow/example_dags/tutorial_etl_dag.py
[2021-01-21 21:55:09,612] {logging_mixin.py:103} INFO - [2021-01-21 21:55:09,612] {dag.py:1813} INFO - Sync 1 DAGs
[2021-01-21 21:55:09,625] {logging_mixin.py:103} INFO - [2021-01-21 21:55:09,625] {dag.py:2266} INFO - Setting next_dagrun for tutorial_etl_dag to None
[2021-01-21 21:55:09,636] {scheduler_job.py:189} INFO - Processing /home/ubuntu/anaconda3/envs/airflow_udemy/lib/python3.7/site-packages/airflow/example_dags/tutorial_etl_dag.py took 0.036 seconds
[2021-01-21 21:55:37,401] {scheduler_job.py:181} INFO - Started process (PID=33208) to work on /home/ubuntu/anaconda3/envs/airflow_udemy/lib/python3.7/site-packages/airflow/example_dags/tutorial_etl_dag.py
[2021-01-21 21:55:37,402] {scheduler_job.py:629} INFO - Processing file /home/ubuntu/anaconda3/envs/airflow_udemy/lib/python3.7/site-packages/airflow/example_dags/tutorial_etl_dag.py for tasks to queue
[2021-01-21 21:55:37,403] {logging_mixin.py:103} INFO - [2021-01-21 21:55:37,403] {dagbag.py:440} INFO - Filling up the DagBag from /home/ubuntu/anaconda3/envs/airflow_udemy/lib/python3.7/site-packages/airflow/example_dags/tutorial_etl_dag.py
[2021-01-21 21:55:37,411] {scheduler_job.py:639} INFO - DAG(s) dict_keys(['tutorial_etl_dag']) retrieved from /home/ubuntu/anaconda3/envs/airflow_udemy/lib/python3.7/site-packages/airflow/example_dags/tutorial_etl_dag.py
[2021-01-21 21:55:37,412] {logging_mixin.py:103} INFO - [2021-01-21 21:55:37,412] {dag.py:1813} INFO - Sync 1 DAGs
[2021-01-21 21:55:37,426] {logging_mixin.py:103} INFO - [2021-01-21 21:55:37,426] {dag.py:2266} INFO - Setting next_dagrun for tutorial_etl_dag to None
[2021-01-21 21:55:37,437] {scheduler_job.py:189} INFO - Processing /home/ubuntu/anaconda3/envs/airflow_udemy/lib/python3.7/site-packages/airflow/example_dags/tutorial_etl_dag.py took 0.038 seconds
[2021-01-21 21:56:05,984] {scheduler_job.py:181} INFO - Started process (PID=33288) to work on /home/ubuntu/anaconda3/envs/airflow_udemy/lib/python3.7/site-packages/airflow/example_dags/tutorial_etl_dag.py
[2021-01-21 21:56:05,985] {scheduler_job.py:629} INFO - Processing file /home/ubuntu/anaconda3/envs/airflow_udemy/lib/python3.7/site-packages/airflow/example_dags/tutorial_etl_dag.py for tasks to queue
[2021-01-21 21:56:05,985] {logging_mixin.py:103} INFO - [2021-01-21 21:56:05,985] {dagbag.py:440} INFO - Filling up the DagBag from /home/ubuntu/anaconda3/envs/airflow_udemy/lib/python3.7/site-packages/airflow/example_dags/tutorial_etl_dag.py
[2021-01-21 21:56:05,994] {scheduler_job.py:639} INFO - DAG(s) dict_keys(['tutorial_etl_dag']) retrieved from /home/ubuntu/anaconda3/envs/airflow_udemy/lib/python3.7/site-packages/airflow/example_dags/tutorial_etl_dag.py
[2021-01-21 21:56:05,994] {logging_mixin.py:103} INFO - [2021-01-21 21:56:05,994] {dag.py:1813} INFO - Sync 1 DAGs
[2021-01-21 21:56:06,009] {logging_mixin.py:103} INFO - [2021-01-21 21:56:06,009] {dag.py:2266} INFO - Setting next_dagrun for tutorial_etl_dag to None
[2021-01-21 21:56:06,021] {scheduler_job.py:189} INFO - Processing /home/ubuntu/anaconda3/envs/airflow_udemy/lib/python3.7/site-packages/airflow/example_dags/tutorial_etl_dag.py took 0.039 seconds
[2021-01-21 21:56:33,937] {scheduler_job.py:181} INFO - Started process (PID=33360) to work on /home/ubuntu/anaconda3/envs/airflow_udemy/lib/python3.7/site-packages/airflow/example_dags/tutorial_etl_dag.py
[2021-01-21 21:56:33,938] {scheduler_job.py:629} INFO - Processing file /home/ubuntu/anaconda3/envs/airflow_udemy/lib/python3.7/site-packages/airflow/example_dags/tutorial_etl_dag.py for tasks to queue
[2021-01-21 21:56:33,938] {logging_mixin.py:103} INFO - [2021-01-21 21:56:33,938] {dagbag.py:440} INFO - Filling up the DagBag from /home/ubuntu/anaconda3/envs/airflow_udemy/lib/python3.7/site-packages/airflow/example_dags/tutorial_etl_dag.py
[2021-01-21 21:56:33,947] {scheduler_job.py:639} INFO - DAG(s) dict_keys(['tutorial_etl_dag']) retrieved from /home/ubuntu/anaconda3/envs/airflow_udemy/lib/python3.7/site-packages/airflow/example_dags/tutorial_etl_dag.py
[2021-01-21 21:56:33,947] {logging_mixin.py:103} INFO - [2021-01-21 21:56:33,947] {dag.py:1813} INFO - Sync 1 DAGs
[2021-01-21 21:56:33,962] {logging_mixin.py:103} INFO - [2021-01-21 21:56:33,962] {dag.py:2266} INFO - Setting next_dagrun for tutorial_etl_dag to None
[2021-01-21 21:56:33,974] {scheduler_job.py:189} INFO - Processing /home/ubuntu/anaconda3/envs/airflow_udemy/lib/python3.7/site-packages/airflow/example_dags/tutorial_etl_dag.py took 0.039 seconds
[2021-01-21 21:57:02,523] {scheduler_job.py:181} INFO - Started process (PID=33432) to work on /home/ubuntu/anaconda3/envs/airflow_udemy/lib/python3.7/site-packages/airflow/example_dags/tutorial_etl_dag.py
[2021-01-21 21:57:02,524] {scheduler_job.py:629} INFO - Processing file /home/ubuntu/anaconda3/envs/airflow_udemy/lib/python3.7/site-packages/airflow/example_dags/tutorial_etl_dag.py for tasks to queue
[2021-01-21 21:57:02,524] {logging_mixin.py:103} INFO - [2021-01-21 21:57:02,524] {dagbag.py:440} INFO - Filling up the DagBag from /home/ubuntu/anaconda3/envs/airflow_udemy/lib/python3.7/site-packages/airflow/example_dags/tutorial_etl_dag.py
[2021-01-21 21:57:02,532] {scheduler_job.py:639} INFO - DAG(s) dict_keys(['tutorial_etl_dag']) retrieved from /home/ubuntu/anaconda3/envs/airflow_udemy/lib/python3.7/site-packages/airflow/example_dags/tutorial_etl_dag.py
[2021-01-21 21:57:02,533] {logging_mixin.py:103} INFO - [2021-01-21 21:57:02,533] {dag.py:1813} INFO - Sync 1 DAGs
[2021-01-21 21:57:02,547] {logging_mixin.py:103} INFO - [2021-01-21 21:57:02,547] {dag.py:2266} INFO - Setting next_dagrun for tutorial_etl_dag to None
[2021-01-21 21:57:02,558] {scheduler_job.py:189} INFO - Processing /home/ubuntu/anaconda3/envs/airflow_udemy/lib/python3.7/site-packages/airflow/example_dags/tutorial_etl_dag.py took 0.038 seconds
