[2021-01-21 21:55:29,996] {scheduler_job.py:181} INFO - Started process (PID=33189) to work on /home/ubuntu/anaconda3/envs/airflow_udemy/lib/python3.7/site-packages/airflow/example_dags/tutorial_taskflow_api_etl.py
[2021-01-21 21:55:29,997] {scheduler_job.py:629} INFO - Processing file /home/ubuntu/anaconda3/envs/airflow_udemy/lib/python3.7/site-packages/airflow/example_dags/tutorial_taskflow_api_etl.py for tasks to queue
[2021-01-21 21:55:29,997] {logging_mixin.py:103} INFO - [2021-01-21 21:55:29,997] {dagbag.py:440} INFO - Filling up the DagBag from /home/ubuntu/anaconda3/envs/airflow_udemy/lib/python3.7/site-packages/airflow/example_dags/tutorial_taskflow_api_etl.py
[2021-01-21 21:55:30,006] {scheduler_job.py:639} INFO - DAG(s) dict_keys(['tutorial_taskflow_api_etl']) retrieved from /home/ubuntu/anaconda3/envs/airflow_udemy/lib/python3.7/site-packages/airflow/example_dags/tutorial_taskflow_api_etl.py
[2021-01-21 21:55:30,007] {logging_mixin.py:103} INFO - [2021-01-21 21:55:30,007] {dag.py:1813} INFO - Sync 1 DAGs
[2021-01-21 21:55:30,021] {logging_mixin.py:103} INFO - [2021-01-21 21:55:30,021] {dag.py:2266} INFO - Setting next_dagrun for tutorial_taskflow_api_etl to None
[2021-01-21 21:55:30,038] {scheduler_job.py:189} INFO - Processing /home/ubuntu/anaconda3/envs/airflow_udemy/lib/python3.7/site-packages/airflow/example_dags/tutorial_taskflow_api_etl.py took 0.044 seconds
[2021-01-21 21:55:59,096] {scheduler_job.py:181} INFO - Started process (PID=33271) to work on /home/ubuntu/anaconda3/envs/airflow_udemy/lib/python3.7/site-packages/airflow/example_dags/tutorial_taskflow_api_etl.py
[2021-01-21 21:55:59,097] {scheduler_job.py:629} INFO - Processing file /home/ubuntu/anaconda3/envs/airflow_udemy/lib/python3.7/site-packages/airflow/example_dags/tutorial_taskflow_api_etl.py for tasks to queue
[2021-01-21 21:55:59,098] {logging_mixin.py:103} INFO - [2021-01-21 21:55:59,098] {dagbag.py:440} INFO - Filling up the DagBag from /home/ubuntu/anaconda3/envs/airflow_udemy/lib/python3.7/site-packages/airflow/example_dags/tutorial_taskflow_api_etl.py
[2021-01-21 21:55:59,107] {scheduler_job.py:639} INFO - DAG(s) dict_keys(['tutorial_taskflow_api_etl']) retrieved from /home/ubuntu/anaconda3/envs/airflow_udemy/lib/python3.7/site-packages/airflow/example_dags/tutorial_taskflow_api_etl.py
[2021-01-21 21:55:59,107] {logging_mixin.py:103} INFO - [2021-01-21 21:55:59,107] {dag.py:1813} INFO - Sync 1 DAGs
[2021-01-21 21:55:59,121] {logging_mixin.py:103} INFO - [2021-01-21 21:55:59,121] {dag.py:2266} INFO - Setting next_dagrun for tutorial_taskflow_api_etl to None
[2021-01-21 21:55:59,128] {scheduler_job.py:189} INFO - Processing /home/ubuntu/anaconda3/envs/airflow_udemy/lib/python3.7/site-packages/airflow/example_dags/tutorial_taskflow_api_etl.py took 0.034 seconds
[2021-01-21 21:56:26,523] {scheduler_job.py:181} INFO - Started process (PID=33341) to work on /home/ubuntu/anaconda3/envs/airflow_udemy/lib/python3.7/site-packages/airflow/example_dags/tutorial_taskflow_api_etl.py
[2021-01-21 21:56:26,524] {scheduler_job.py:629} INFO - Processing file /home/ubuntu/anaconda3/envs/airflow_udemy/lib/python3.7/site-packages/airflow/example_dags/tutorial_taskflow_api_etl.py for tasks to queue
[2021-01-21 21:56:26,525] {logging_mixin.py:103} INFO - [2021-01-21 21:56:26,525] {dagbag.py:440} INFO - Filling up the DagBag from /home/ubuntu/anaconda3/envs/airflow_udemy/lib/python3.7/site-packages/airflow/example_dags/tutorial_taskflow_api_etl.py
[2021-01-21 21:56:26,533] {scheduler_job.py:639} INFO - DAG(s) dict_keys(['tutorial_taskflow_api_etl']) retrieved from /home/ubuntu/anaconda3/envs/airflow_udemy/lib/python3.7/site-packages/airflow/example_dags/tutorial_taskflow_api_etl.py
[2021-01-21 21:56:26,534] {logging_mixin.py:103} INFO - [2021-01-21 21:56:26,534] {dag.py:1813} INFO - Sync 1 DAGs
[2021-01-21 21:56:26,548] {logging_mixin.py:103} INFO - [2021-01-21 21:56:26,548] {dag.py:2266} INFO - Setting next_dagrun for tutorial_taskflow_api_etl to None
[2021-01-21 21:56:26,566] {scheduler_job.py:189} INFO - Processing /home/ubuntu/anaconda3/envs/airflow_udemy/lib/python3.7/site-packages/airflow/example_dags/tutorial_taskflow_api_etl.py took 0.045 seconds
[2021-01-21 21:56:55,328] {scheduler_job.py:181} INFO - Started process (PID=33416) to work on /home/ubuntu/anaconda3/envs/airflow_udemy/lib/python3.7/site-packages/airflow/example_dags/tutorial_taskflow_api_etl.py
[2021-01-21 21:56:55,329] {scheduler_job.py:629} INFO - Processing file /home/ubuntu/anaconda3/envs/airflow_udemy/lib/python3.7/site-packages/airflow/example_dags/tutorial_taskflow_api_etl.py for tasks to queue
[2021-01-21 21:56:55,329] {logging_mixin.py:103} INFO - [2021-01-21 21:56:55,329] {dagbag.py:440} INFO - Filling up the DagBag from /home/ubuntu/anaconda3/envs/airflow_udemy/lib/python3.7/site-packages/airflow/example_dags/tutorial_taskflow_api_etl.py
[2021-01-21 21:56:55,338] {scheduler_job.py:639} INFO - DAG(s) dict_keys(['tutorial_taskflow_api_etl']) retrieved from /home/ubuntu/anaconda3/envs/airflow_udemy/lib/python3.7/site-packages/airflow/example_dags/tutorial_taskflow_api_etl.py
[2021-01-21 21:56:55,339] {logging_mixin.py:103} INFO - [2021-01-21 21:56:55,339] {dag.py:1813} INFO - Sync 1 DAGs
[2021-01-21 21:56:55,352] {logging_mixin.py:103} INFO - [2021-01-21 21:56:55,352] {dag.py:2266} INFO - Setting next_dagrun for tutorial_taskflow_api_etl to None
[2021-01-21 21:56:55,359] {scheduler_job.py:189} INFO - Processing /home/ubuntu/anaconda3/envs/airflow_udemy/lib/python3.7/site-packages/airflow/example_dags/tutorial_taskflow_api_etl.py took 0.033 seconds
