[2021-01-21 22:33:56,409] {taskinstance.py:826} INFO - Dependencies all met for <TaskInstance: xcom_dag.processing_tasks.training_model_c 2021-01-20T00:00:00+00:00 [queued]>
[2021-01-21 22:33:56,428] {taskinstance.py:826} INFO - Dependencies all met for <TaskInstance: xcom_dag.processing_tasks.training_model_c 2021-01-20T00:00:00+00:00 [queued]>
[2021-01-21 22:33:56,428] {taskinstance.py:1017} INFO - 
--------------------------------------------------------------------------------
[2021-01-21 22:33:56,428] {taskinstance.py:1018} INFO - Starting attempt 1 of 1
[2021-01-21 22:33:56,428] {taskinstance.py:1019} INFO - 
--------------------------------------------------------------------------------
[2021-01-21 22:33:56,437] {taskinstance.py:1038} INFO - Executing <Task(PythonOperator): processing_tasks.training_model_c> on 2021-01-20T00:00:00+00:00
[2021-01-21 22:33:56,439] {standard_task_runner.py:51} INFO - Started process 245754 to run task
[2021-01-21 22:33:56,444] {standard_task_runner.py:75} INFO - Running: ['airflow', 'tasks', 'run', 'xcom_dag', 'processing_tasks.training_model_c', '2021-01-20T00:00:00+00:00', '--job-id', '29', '--pool', 'default_pool', '--raw', '--subdir', 'DAGS_FOLDER/xcom_dag.py', '--cfg-path', '/tmp/tmpabfv1jml']
[2021-01-21 22:33:56,445] {standard_task_runner.py:76} INFO - Job 29: Subtask processing_tasks.training_model_c
[2021-01-21 22:33:56,535] {logging_mixin.py:103} INFO - Running <TaskInstance: xcom_dag.processing_tasks.training_model_c 2021-01-20T00:00:00+00:00 [running]> on host ip-172-31-18-6.ap-south-1.compute.internal
[2021-01-21 22:33:56,608] {taskinstance.py:1232} INFO - Exporting the following env vars:
AIRFLOW_CTX_DAG_OWNER=airflow
AIRFLOW_CTX_DAG_ID=xcom_dag
AIRFLOW_CTX_TASK_ID=processing_tasks.training_model_c
AIRFLOW_CTX_EXECUTION_DATE=2021-01-20T00:00:00+00:00
AIRFLOW_CTX_DAG_RUN_ID=scheduled__2021-01-20T00:00:00+00:00
[2021-01-21 22:33:56,608] {logging_mixin.py:103} INFO - model's accuracy: 0.9100631456945029
[2021-01-21 22:33:56,608] {python.py:118} INFO - Done. Returned value was: 0.9100631456945029
[2021-01-21 22:33:56,648] {taskinstance.py:1142} INFO - Marking task as SUCCESS. dag_id=xcom_dag, task_id=processing_tasks.training_model_c, execution_date=20210120T000000, start_date=20210121T223356, end_date=20210121T223356
[2021-01-21 22:33:56,695] {taskinstance.py:1195} INFO - 1 downstream tasks scheduled from follow-on schedule check
[2021-01-21 22:33:56,735] {local_task_job.py:118} INFO - Task exited with return code 0
