[2021-01-21 23:27:20,157] {taskinstance.py:826} INFO - Dependencies all met for <TaskInstance: xcom_dag.processing_tasks.training_model_c 2021-01-21T23:25:39.230199+00:00 [queued]>
[2021-01-21 23:27:20,197] {taskinstance.py:826} INFO - Dependencies all met for <TaskInstance: xcom_dag.processing_tasks.training_model_c 2021-01-21T23:25:39.230199+00:00 [queued]>
[2021-01-21 23:27:20,197] {taskinstance.py:1017} INFO - 
--------------------------------------------------------------------------------
[2021-01-21 23:27:20,197] {taskinstance.py:1018} INFO - Starting attempt 1 of 1
[2021-01-21 23:27:20,197] {taskinstance.py:1019} INFO - 
--------------------------------------------------------------------------------
[2021-01-21 23:27:20,222] {taskinstance.py:1038} INFO - Executing <Task(PythonOperator): processing_tasks.training_model_c> on 2021-01-21T23:25:39.230199+00:00
[2021-01-21 23:27:20,224] {standard_task_runner.py:51} INFO - Started process 626696 to run task
[2021-01-21 23:27:20,249] {standard_task_runner.py:75} INFO - Running: ['airflow', 'tasks', 'run', 'xcom_dag', 'processing_tasks.training_model_c', '2021-01-21T23:25:39.230199+00:00', '--job-id', '117', '--pool', 'default_pool', '--raw', '--subdir', 'DAGS_FOLDER/xcom_dag.py', '--cfg-path', '/tmp/tmpfvydhzb3']
[2021-01-21 23:27:20,255] {standard_task_runner.py:76} INFO - Job 117: Subtask processing_tasks.training_model_c
[2021-01-21 23:27:20,336] {logging_mixin.py:103} INFO - Running <TaskInstance: xcom_dag.processing_tasks.training_model_c 2021-01-21T23:25:39.230199+00:00 [running]> on host ip-172-31-18-6.ap-south-1.compute.internal
[2021-01-21 23:27:20,417] {taskinstance.py:1232} INFO - Exporting the following env vars:
AIRFLOW_CTX_DAG_OWNER=airflow
AIRFLOW_CTX_DAG_ID=xcom_dag
AIRFLOW_CTX_TASK_ID=processing_tasks.training_model_c
AIRFLOW_CTX_EXECUTION_DATE=2021-01-21T23:25:39.230199+00:00
AIRFLOW_CTX_DAG_RUN_ID=manual__2021-01-21T23:25:39.230199+00:00
[2021-01-21 23:27:20,418] {logging_mixin.py:103} INFO - model's accuracy: 1.214790035040101
[2021-01-21 23:27:20,456] {python.py:118} INFO - Done. Returned value was: None
[2021-01-21 23:27:20,475] {taskinstance.py:1142} INFO - Marking task as SUCCESS. dag_id=xcom_dag, task_id=processing_tasks.training_model_c, execution_date=20210121T232539, start_date=20210121T232720, end_date=20210121T232720
[2021-01-21 23:27:20,522] {taskinstance.py:1195} INFO - 1 downstream tasks scheduled from follow-on schedule check
[2021-01-21 23:27:20,530] {local_task_job.py:118} INFO - Task exited with return code 0
