[2021-01-21 22:57:51,373] {taskinstance.py:826} INFO - Dependencies all met for <TaskInstance: xcom_dag.processing_tasks.training_model_a 2021-01-21T22:57:46.298122+00:00 [queued]>
[2021-01-21 22:57:51,392] {taskinstance.py:826} INFO - Dependencies all met for <TaskInstance: xcom_dag.processing_tasks.training_model_a 2021-01-21T22:57:46.298122+00:00 [queued]>
[2021-01-21 22:57:51,393] {taskinstance.py:1017} INFO - 
--------------------------------------------------------------------------------
[2021-01-21 22:57:51,393] {taskinstance.py:1018} INFO - Starting attempt 1 of 1
[2021-01-21 22:57:51,393] {taskinstance.py:1019} INFO - 
--------------------------------------------------------------------------------
[2021-01-21 22:57:51,409] {taskinstance.py:1038} INFO - Executing <Task(PythonOperator): processing_tasks.training_model_a> on 2021-01-21T22:57:46.298122+00:00
[2021-01-21 22:57:51,411] {standard_task_runner.py:51} INFO - Started process 407038 to run task
[2021-01-21 22:57:51,420] {standard_task_runner.py:75} INFO - Running: ['airflow', 'tasks', 'run', 'xcom_dag', 'processing_tasks.training_model_a', '2021-01-21T22:57:46.298122+00:00', '--job-id', '68', '--pool', 'default_pool', '--raw', '--subdir', 'DAGS_FOLDER/xcom_dag.py', '--cfg-path', '/tmp/tmpx8m1uuxm']
[2021-01-21 22:57:51,421] {standard_task_runner.py:76} INFO - Job 68: Subtask processing_tasks.training_model_a
[2021-01-21 22:57:51,489] {logging_mixin.py:103} INFO - Running <TaskInstance: xcom_dag.processing_tasks.training_model_a 2021-01-21T22:57:46.298122+00:00 [running]> on host ip-172-31-18-6.ap-south-1.compute.internal
[2021-01-21 22:57:51,570] {taskinstance.py:1232} INFO - Exporting the following env vars:
AIRFLOW_CTX_DAG_OWNER=airflow
AIRFLOW_CTX_DAG_ID=xcom_dag
AIRFLOW_CTX_TASK_ID=processing_tasks.training_model_a
AIRFLOW_CTX_EXECUTION_DATE=2021-01-21T22:57:46.298122+00:00
AIRFLOW_CTX_DAG_RUN_ID=manual__2021-01-21T22:57:46.298122+00:00
[2021-01-21 22:57:51,572] {logging_mixin.py:103} INFO - model's accuracy: 8.984407513429566
[2021-01-21 22:57:51,600] {python.py:118} INFO - Done. Returned value was: None
[2021-01-21 22:57:51,617] {taskinstance.py:1142} INFO - Marking task as SUCCESS. dag_id=xcom_dag, task_id=processing_tasks.training_model_a, execution_date=20210121T225746, start_date=20210121T225751, end_date=20210121T225751
[2021-01-21 22:57:51,665] {taskinstance.py:1195} INFO - 1 downstream tasks scheduled from follow-on schedule check
[2021-01-21 22:57:51,670] {local_task_job.py:118} INFO - Task exited with return code 0
