[2021-01-21 22:47:18,974] {taskinstance.py:826} INFO - Dependencies all met for <TaskInstance: xcom_dag.processing_tasks.training_model_b 2021-01-21T22:47:14.108674+00:00 [queued]>
[2021-01-21 22:47:18,995] {taskinstance.py:826} INFO - Dependencies all met for <TaskInstance: xcom_dag.processing_tasks.training_model_b 2021-01-21T22:47:14.108674+00:00 [queued]>
[2021-01-21 22:47:18,995] {taskinstance.py:1017} INFO - 
--------------------------------------------------------------------------------
[2021-01-21 22:47:18,995] {taskinstance.py:1018} INFO - Starting attempt 1 of 1
[2021-01-21 22:47:18,995] {taskinstance.py:1019} INFO - 
--------------------------------------------------------------------------------
[2021-01-21 22:47:19,007] {taskinstance.py:1038} INFO - Executing <Task(PythonOperator): processing_tasks.training_model_b> on 2021-01-21T22:47:14.108674+00:00
[2021-01-21 22:47:19,009] {standard_task_runner.py:51} INFO - Started process 340225 to run task
[2021-01-21 22:47:19,017] {standard_task_runner.py:75} INFO - Running: ['airflow', 'tasks', 'run', 'xcom_dag', 'processing_tasks.training_model_b', '2021-01-21T22:47:14.108674+00:00', '--job-id', '58', '--pool', 'default_pool', '--raw', '--subdir', 'DAGS_FOLDER/xcom_dag.py', '--cfg-path', '/tmp/tmprrb3ge3n']
[2021-01-21 22:47:19,018] {standard_task_runner.py:76} INFO - Job 58: Subtask processing_tasks.training_model_b
[2021-01-21 22:47:19,085] {logging_mixin.py:103} INFO - Running <TaskInstance: xcom_dag.processing_tasks.training_model_b 2021-01-21T22:47:14.108674+00:00 [running]> on host ip-172-31-18-6.ap-south-1.compute.internal
[2021-01-21 22:47:19,160] {taskinstance.py:1232} INFO - Exporting the following env vars:
AIRFLOW_CTX_DAG_OWNER=airflow
AIRFLOW_CTX_DAG_ID=xcom_dag
AIRFLOW_CTX_TASK_ID=processing_tasks.training_model_b
AIRFLOW_CTX_EXECUTION_DATE=2021-01-21T22:47:14.108674+00:00
AIRFLOW_CTX_DAG_RUN_ID=manual__2021-01-21T22:47:14.108674+00:00
[2021-01-21 22:47:19,161] {logging_mixin.py:103} INFO - model's accuracy: 0.47270572169046
[2021-01-21 22:47:19,195] {python.py:118} INFO - Done. Returned value was: None
[2021-01-21 22:47:19,212] {taskinstance.py:1142} INFO - Marking task as SUCCESS. dag_id=xcom_dag, task_id=processing_tasks.training_model_b, execution_date=20210121T224714, start_date=20210121T224718, end_date=20210121T224719
[2021-01-21 22:47:19,256] {taskinstance.py:1195} INFO - 0 downstream tasks scheduled from follow-on schedule check
[2021-01-21 22:47:19,271] {local_task_job.py:118} INFO - Task exited with return code 0
