[2021-01-21 22:57:51,964] {taskinstance.py:826} INFO - Dependencies all met for <TaskInstance: xcom_dag.task_4 2021-01-21T22:57:46.298122+00:00 [queued]>
[2021-01-21 22:57:51,982] {taskinstance.py:826} INFO - Dependencies all met for <TaskInstance: xcom_dag.task_4 2021-01-21T22:57:46.298122+00:00 [queued]>
[2021-01-21 22:57:51,982] {taskinstance.py:1017} INFO - 
--------------------------------------------------------------------------------
[2021-01-21 22:57:51,982] {taskinstance.py:1018} INFO - Starting attempt 1 of 1
[2021-01-21 22:57:51,982] {taskinstance.py:1019} INFO - 
--------------------------------------------------------------------------------
[2021-01-21 22:57:51,993] {taskinstance.py:1038} INFO - Executing <Task(PythonOperator): task_4> on 2021-01-21T22:57:46.298122+00:00
[2021-01-21 22:57:51,996] {standard_task_runner.py:51} INFO - Started process 407149 to run task
[2021-01-21 22:57:52,000] {standard_task_runner.py:75} INFO - Running: ['airflow', 'tasks', 'run', 'xcom_dag', 'task_4', '2021-01-21T22:57:46.298122+00:00', '--job-id', '69', '--pool', 'default_pool', '--raw', '--subdir', 'DAGS_FOLDER/xcom_dag.py', '--cfg-path', '/tmp/tmpwsjg3gi7']
[2021-01-21 22:57:52,000] {standard_task_runner.py:76} INFO - Job 69: Subtask task_4
[2021-01-21 22:57:52,065] {logging_mixin.py:103} INFO - Running <TaskInstance: xcom_dag.task_4 2021-01-21T22:57:46.298122+00:00 [running]> on host ip-172-31-18-6.ap-south-1.compute.internal
[2021-01-21 22:57:52,121] {taskinstance.py:1232} INFO - Exporting the following env vars:
AIRFLOW_CTX_DAG_OWNER=airflow
AIRFLOW_CTX_DAG_ID=xcom_dag
AIRFLOW_CTX_TASK_ID=task_4
AIRFLOW_CTX_EXECUTION_DATE=2021-01-21T22:57:46.298122+00:00
AIRFLOW_CTX_DAG_RUN_ID=manual__2021-01-21T22:57:46.298122+00:00
[2021-01-21 22:57:52,122] {logging_mixin.py:103} INFO - choose best model
[2021-01-21 22:57:52,140] {logging_mixin.py:103} INFO - [8.984407513429566, 3.4049968728239066, 9.10231034263265]
[2021-01-21 22:57:52,141] {python.py:118} INFO - Done. Returned value was: None
[2021-01-21 22:57:52,154] {taskinstance.py:1142} INFO - Marking task as SUCCESS. dag_id=xcom_dag, task_id=task_4, execution_date=20210121T225746, start_date=20210121T225751, end_date=20210121T225752
[2021-01-21 22:57:52,188] {taskinstance.py:1195} INFO - 1 downstream tasks scheduled from follow-on schedule check
[2021-01-21 22:57:52,214] {local_task_job.py:118} INFO - Task exited with return code 0
