[2021-01-21 23:25:16,400] {taskinstance.py:826} INFO - Dependencies all met for <TaskInstance: xcom_dag.processing_tasks.training_model_b 2021-01-21T23:25:10.973997+00:00 [queued]>
[2021-01-21 23:25:16,431] {taskinstance.py:826} INFO - Dependencies all met for <TaskInstance: xcom_dag.processing_tasks.training_model_b 2021-01-21T23:25:10.973997+00:00 [queued]>
[2021-01-21 23:25:16,431] {taskinstance.py:1017} INFO - 
--------------------------------------------------------------------------------
[2021-01-21 23:25:16,431] {taskinstance.py:1018} INFO - Starting attempt 1 of 1
[2021-01-21 23:25:16,431] {taskinstance.py:1019} INFO - 
--------------------------------------------------------------------------------
[2021-01-21 23:25:16,440] {taskinstance.py:1038} INFO - Executing <Task(PythonOperator): processing_tasks.training_model_b> on 2021-01-21T23:25:10.973997+00:00
[2021-01-21 23:25:16,445] {standard_task_runner.py:51} INFO - Started process 612313 to run task
[2021-01-21 23:25:16,448] {standard_task_runner.py:75} INFO - Running: ['airflow', 'tasks', 'run', 'xcom_dag', 'processing_tasks.training_model_b', '2021-01-21T23:25:10.973997+00:00', '--job-id', '111', '--pool', 'default_pool', '--raw', '--subdir', 'DAGS_FOLDER/xcom_dag.py', '--cfg-path', '/tmp/tmpavh9svzw']
[2021-01-21 23:25:16,449] {standard_task_runner.py:76} INFO - Job 111: Subtask processing_tasks.training_model_b
[2021-01-21 23:25:16,531] {logging_mixin.py:103} INFO - Running <TaskInstance: xcom_dag.processing_tasks.training_model_b 2021-01-21T23:25:10.973997+00:00 [running]> on host ip-172-31-18-6.ap-south-1.compute.internal
[2021-01-21 23:25:16,602] {taskinstance.py:1232} INFO - Exporting the following env vars:
AIRFLOW_CTX_DAG_OWNER=airflow
AIRFLOW_CTX_DAG_ID=xcom_dag
AIRFLOW_CTX_TASK_ID=processing_tasks.training_model_b
AIRFLOW_CTX_EXECUTION_DATE=2021-01-21T23:25:10.973997+00:00
AIRFLOW_CTX_DAG_RUN_ID=manual__2021-01-21T23:25:10.973997+00:00
[2021-01-21 23:25:16,603] {logging_mixin.py:103} INFO - model's accuracy: 9.849414808588051
[2021-01-21 23:25:16,630] {python.py:118} INFO - Done. Returned value was: None
[2021-01-21 23:25:16,645] {taskinstance.py:1142} INFO - Marking task as SUCCESS. dag_id=xcom_dag, task_id=processing_tasks.training_model_b, execution_date=20210121T232510, start_date=20210121T232516, end_date=20210121T232516
[2021-01-21 23:25:16,691] {taskinstance.py:1195} INFO - 0 downstream tasks scheduled from follow-on schedule check
[2021-01-21 23:25:16,704] {local_task_job.py:118} INFO - Task exited with return code 0
