[2021-01-21 22:47:20,016] {taskinstance.py:826} INFO - Dependencies all met for <TaskInstance: xcom_dag.task_4 2021-01-21T22:47:14.108674+00:00 [queued]>
[2021-01-21 22:47:20,031] {taskinstance.py:826} INFO - Dependencies all met for <TaskInstance: xcom_dag.task_4 2021-01-21T22:47:14.108674+00:00 [queued]>
[2021-01-21 22:47:20,032] {taskinstance.py:1017} INFO - 
--------------------------------------------------------------------------------
[2021-01-21 22:47:20,032] {taskinstance.py:1018} INFO - Starting attempt 1 of 1
[2021-01-21 22:47:20,032] {taskinstance.py:1019} INFO - 
--------------------------------------------------------------------------------
[2021-01-21 22:47:20,039] {taskinstance.py:1038} INFO - Executing <Task(PythonOperator): task_4> on 2021-01-21T22:47:14.108674+00:00
[2021-01-21 22:47:20,041] {standard_task_runner.py:51} INFO - Started process 340407 to run task
[2021-01-21 22:47:20,059] {standard_task_runner.py:75} INFO - Running: ['airflow', 'tasks', 'run', 'xcom_dag', 'task_4', '2021-01-21T22:47:14.108674+00:00', '--job-id', '59', '--pool', 'default_pool', '--raw', '--subdir', 'DAGS_FOLDER/xcom_dag.py', '--cfg-path', '/tmp/tmpey62uq50']
[2021-01-21 22:47:20,059] {standard_task_runner.py:76} INFO - Job 59: Subtask task_4
[2021-01-21 22:47:20,122] {logging_mixin.py:103} INFO - Running <TaskInstance: xcom_dag.task_4 2021-01-21T22:47:14.108674+00:00 [running]> on host ip-172-31-18-6.ap-south-1.compute.internal
[2021-01-21 22:47:20,176] {taskinstance.py:1232} INFO - Exporting the following env vars:
AIRFLOW_CTX_DAG_OWNER=airflow
AIRFLOW_CTX_DAG_ID=xcom_dag
AIRFLOW_CTX_TASK_ID=task_4
AIRFLOW_CTX_EXECUTION_DATE=2021-01-21T22:47:14.108674+00:00
AIRFLOW_CTX_DAG_RUN_ID=manual__2021-01-21T22:47:14.108674+00:00
[2021-01-21 22:47:20,177] {logging_mixin.py:103} INFO - choose best model
[2021-01-21 22:47:20,187] {logging_mixin.py:103} INFO - [0.20447155810454626, 0.47270572169046, 5.345332975435155]
[2021-01-21 22:47:20,187] {python.py:118} INFO - Done. Returned value was: None
[2021-01-21 22:47:20,198] {taskinstance.py:1142} INFO - Marking task as SUCCESS. dag_id=xcom_dag, task_id=task_4, execution_date=20210121T224714, start_date=20210121T224720, end_date=20210121T224720
[2021-01-21 22:47:20,226] {taskinstance.py:1195} INFO - 0 downstream tasks scheduled from follow-on schedule check
[2021-01-21 22:47:20,258] {local_task_job.py:118} INFO - Task exited with return code 0
