[2021-01-21 22:47:18,959] {taskinstance.py:826} INFO - Dependencies all met for <TaskInstance: xcom_dag.processing_tasks.training_model_a 2021-01-21T22:47:14.108674+00:00 [queued]>
[2021-01-21 22:47:18,979] {taskinstance.py:826} INFO - Dependencies all met for <TaskInstance: xcom_dag.processing_tasks.training_model_a 2021-01-21T22:47:14.108674+00:00 [queued]>
[2021-01-21 22:47:18,980] {taskinstance.py:1017} INFO - 
--------------------------------------------------------------------------------
[2021-01-21 22:47:18,980] {taskinstance.py:1018} INFO - Starting attempt 1 of 1
[2021-01-21 22:47:18,980] {taskinstance.py:1019} INFO - 
--------------------------------------------------------------------------------
[2021-01-21 22:47:18,992] {taskinstance.py:1038} INFO - Executing <Task(PythonOperator): processing_tasks.training_model_a> on 2021-01-21T22:47:14.108674+00:00
[2021-01-21 22:47:18,994] {standard_task_runner.py:51} INFO - Started process 340220 to run task
[2021-01-21 22:47:18,998] {standard_task_runner.py:75} INFO - Running: ['airflow', 'tasks', 'run', 'xcom_dag', 'processing_tasks.training_model_a', '2021-01-21T22:47:14.108674+00:00', '--job-id', '56', '--pool', 'default_pool', '--raw', '--subdir', 'DAGS_FOLDER/xcom_dag.py', '--cfg-path', '/tmp/tmp1dg2e129']
[2021-01-21 22:47:18,999] {standard_task_runner.py:76} INFO - Job 56: Subtask processing_tasks.training_model_a
[2021-01-21 22:47:19,061] {logging_mixin.py:103} INFO - Running <TaskInstance: xcom_dag.processing_tasks.training_model_a 2021-01-21T22:47:14.108674+00:00 [running]> on host ip-172-31-18-6.ap-south-1.compute.internal
[2021-01-21 22:47:19,128] {taskinstance.py:1232} INFO - Exporting the following env vars:
AIRFLOW_CTX_DAG_OWNER=airflow
AIRFLOW_CTX_DAG_ID=xcom_dag
AIRFLOW_CTX_TASK_ID=processing_tasks.training_model_a
AIRFLOW_CTX_EXECUTION_DATE=2021-01-21T22:47:14.108674+00:00
AIRFLOW_CTX_DAG_RUN_ID=manual__2021-01-21T22:47:14.108674+00:00
[2021-01-21 22:47:19,129] {logging_mixin.py:103} INFO - model's accuracy: 0.20447155810454626
[2021-01-21 22:47:19,153] {python.py:118} INFO - Done. Returned value was: None
[2021-01-21 22:47:19,172] {taskinstance.py:1142} INFO - Marking task as SUCCESS. dag_id=xcom_dag, task_id=processing_tasks.training_model_a, execution_date=20210121T224714, start_date=20210121T224718, end_date=20210121T224719
[2021-01-21 22:47:19,224] {taskinstance.py:1195} INFO - 0 downstream tasks scheduled from follow-on schedule check
[2021-01-21 22:47:19,260] {local_task_job.py:118} INFO - Task exited with return code 0
