[2021-01-22 20:09:59,116] {taskinstance.py:826} INFO - Dependencies all met for <TaskInstance: elasticsearch_dag.print_es_info 2021-01-21T00:00:00+00:00 [queued]>
[2021-01-22 20:09:59,132] {taskinstance.py:826} INFO - Dependencies all met for <TaskInstance: elasticsearch_dag.print_es_info 2021-01-21T00:00:00+00:00 [queued]>
[2021-01-22 20:09:59,132] {taskinstance.py:1017} INFO - 
--------------------------------------------------------------------------------
[2021-01-22 20:09:59,132] {taskinstance.py:1018} INFO - Starting attempt 1 of 1
[2021-01-22 20:09:59,132] {taskinstance.py:1019} INFO - 
--------------------------------------------------------------------------------
[2021-01-22 20:09:59,140] {taskinstance.py:1038} INFO - Executing <Task(PythonOperator): print_es_info> on 2021-01-21T00:00:00+00:00
[2021-01-22 20:09:59,143] {standard_task_runner.py:51} INFO - Started process 142867 to run task
[2021-01-22 20:09:59,150] {standard_task_runner.py:75} INFO - Running: ['airflow', 'tasks', 'run', 'elasticsearch_dag', 'print_es_info', '2021-01-21T00:00:00+00:00', '--job-id', '146', '--pool', 'default_pool', '--raw', '--subdir', 'DAGS_FOLDER/elasticsearch_dag.py', '--cfg-path', '/tmp/tmpkajsb_9v']
[2021-01-22 20:09:59,150] {standard_task_runner.py:76} INFO - Job 146: Subtask print_es_info
[2021-01-22 20:09:59,202] {logging_mixin.py:103} INFO - Running <TaskInstance: elasticsearch_dag.print_es_info 2021-01-21T00:00:00+00:00 [running]> on host ip-172-31-18-6.ap-south-1.compute.internal
[2021-01-22 20:09:59,260] {taskinstance.py:1232} INFO - Exporting the following env vars:
AIRFLOW_CTX_DAG_OWNER=airflow
AIRFLOW_CTX_DAG_ID=elasticsearch_dag
AIRFLOW_CTX_TASK_ID=print_es_info
AIRFLOW_CTX_EXECUTION_DATE=2021-01-21T00:00:00+00:00
AIRFLOW_CTX_DAG_RUN_ID=scheduled__2021-01-21T00:00:00+00:00
[2021-01-22 20:09:59,273] {base.py:74} INFO - Using connection to: id: elasticsearch_default. Host: localhost, Port: 9200, Schema: http, Login: None, Password: None, extra: None
[2021-01-22 20:09:59,275] {logging_mixin.py:103} INFO - <bound method Elasticsearch.info of <Elasticsearch([{'host': 'localhost'}])>>
[2021-01-22 20:09:59,275] {python.py:118} INFO - Done. Returned value was: None
[2021-01-22 20:09:59,285] {taskinstance.py:1142} INFO - Marking task as SUCCESS. dag_id=elasticsearch_dag, task_id=print_es_info, execution_date=20210121T000000, start_date=20210122T200959, end_date=20210122T200959
[2021-01-22 20:09:59,312] {taskinstance.py:1195} INFO - 0 downstream tasks scheduled from follow-on schedule check
[2021-01-22 20:09:59,320] {local_task_job.py:118} INFO - Task exited with return code 0
