[2021-01-21 22:34:09,610] {taskinstance.py:826} INFO - Dependencies all met for <TaskInstance: xcom_dag.processing_tasks.training_model_a 2021-01-21T22:34:03.902020+00:00 [queued]>
[2021-01-21 22:34:09,635] {taskinstance.py:826} INFO - Dependencies all met for <TaskInstance: xcom_dag.processing_tasks.training_model_a 2021-01-21T22:34:03.902020+00:00 [queued]>
[2021-01-21 22:34:09,635] {taskinstance.py:1017} INFO - 
--------------------------------------------------------------------------------
[2021-01-21 22:34:09,635] {taskinstance.py:1018} INFO - Starting attempt 1 of 1
[2021-01-21 22:34:09,635] {taskinstance.py:1019} INFO - 
--------------------------------------------------------------------------------
[2021-01-21 22:34:09,645] {taskinstance.py:1038} INFO - Executing <Task(PythonOperator): processing_tasks.training_model_a> on 2021-01-21T22:34:03.902020+00:00
[2021-01-21 22:34:09,648] {standard_task_runner.py:51} INFO - Started process 247429 to run task
[2021-01-21 22:34:09,654] {standard_task_runner.py:75} INFO - Running: ['airflow', 'tasks', 'run', 'xcom_dag', 'processing_tasks.training_model_a', '2021-01-21T22:34:03.902020+00:00', '--job-id', '33', '--pool', 'default_pool', '--raw', '--subdir', 'DAGS_FOLDER/xcom_dag.py', '--cfg-path', '/tmp/tmpvy433gc1']
[2021-01-21 22:34:09,655] {standard_task_runner.py:76} INFO - Job 33: Subtask processing_tasks.training_model_a
[2021-01-21 22:34:09,714] {logging_mixin.py:103} INFO - Running <TaskInstance: xcom_dag.processing_tasks.training_model_a 2021-01-21T22:34:03.902020+00:00 [running]> on host ip-172-31-18-6.ap-south-1.compute.internal
[2021-01-21 22:34:09,781] {taskinstance.py:1232} INFO - Exporting the following env vars:
AIRFLOW_CTX_DAG_OWNER=airflow
AIRFLOW_CTX_DAG_ID=xcom_dag
AIRFLOW_CTX_TASK_ID=processing_tasks.training_model_a
AIRFLOW_CTX_EXECUTION_DATE=2021-01-21T22:34:03.902020+00:00
AIRFLOW_CTX_DAG_RUN_ID=manual__2021-01-21T22:34:03.902020+00:00
[2021-01-21 22:34:09,782] {logging_mixin.py:103} INFO - model's accuracy: 9.541267201143267
[2021-01-21 22:34:09,783] {python.py:118} INFO - Done. Returned value was: 9.541267201143267
[2021-01-21 22:34:09,828] {taskinstance.py:1142} INFO - Marking task as SUCCESS. dag_id=xcom_dag, task_id=processing_tasks.training_model_a, execution_date=20210121T223403, start_date=20210121T223409, end_date=20210121T223409
[2021-01-21 22:34:09,868] {taskinstance.py:1195} INFO - 0 downstream tasks scheduled from follow-on schedule check
[2021-01-21 22:34:09,904] {local_task_job.py:118} INFO - Task exited with return code 0
