[2021-01-21 23:03:23,925] {taskinstance.py:826} INFO - Dependencies all met for <TaskInstance: xcom_dag.task_4 2021-01-21T23:03:18.200579+00:00 [queued]>
[2021-01-21 23:03:23,942] {taskinstance.py:826} INFO - Dependencies all met for <TaskInstance: xcom_dag.task_4 2021-01-21T23:03:18.200579+00:00 [queued]>
[2021-01-21 23:03:23,942] {taskinstance.py:1017} INFO - 
--------------------------------------------------------------------------------
[2021-01-21 23:03:23,942] {taskinstance.py:1018} INFO - Starting attempt 1 of 1
[2021-01-21 23:03:23,942] {taskinstance.py:1019} INFO - 
--------------------------------------------------------------------------------
[2021-01-21 23:03:23,950] {taskinstance.py:1038} INFO - Executing <Task(BranchPythonOperator): task_4> on 2021-01-21T23:03:18.200579+00:00
[2021-01-21 23:03:23,952] {standard_task_runner.py:51} INFO - Started process 449204 to run task
[2021-01-21 23:03:23,956] {standard_task_runner.py:75} INFO - Running: ['airflow', 'tasks', 'run', 'xcom_dag', 'task_4', '2021-01-21T23:03:18.200579+00:00', '--job-id', '80', '--pool', 'default_pool', '--raw', '--subdir', 'DAGS_FOLDER/xcom_dag.py', '--cfg-path', '/tmp/tmpg5brgy0_']
[2021-01-21 23:03:23,957] {standard_task_runner.py:76} INFO - Job 80: Subtask task_4
[2021-01-21 23:03:24,005] {logging_mixin.py:103} INFO - Running <TaskInstance: xcom_dag.task_4 2021-01-21T23:03:18.200579+00:00 [running]> on host ip-172-31-18-6.ap-south-1.compute.internal
[2021-01-21 23:03:24,054] {taskinstance.py:1232} INFO - Exporting the following env vars:
AIRFLOW_CTX_DAG_OWNER=airflow
AIRFLOW_CTX_DAG_ID=xcom_dag
AIRFLOW_CTX_TASK_ID=task_4
AIRFLOW_CTX_EXECUTION_DATE=2021-01-21T23:03:18.200579+00:00
AIRFLOW_CTX_DAG_RUN_ID=manual__2021-01-21T23:03:18.200579+00:00
[2021-01-21 23:03:24,055] {logging_mixin.py:103} INFO - choose best model
[2021-01-21 23:03:24,067] {python.py:118} INFO - Done. Returned value was: accurate
[2021-01-21 23:03:24,068] {skipmixin.py:124} INFO - Following branch accurate
[2021-01-21 23:03:24,077] {skipmixin.py:155} INFO - Skipping tasks ['inaccurate']
[2021-01-21 23:03:24,141] {taskinstance.py:1142} INFO - Marking task as SUCCESS. dag_id=xcom_dag, task_id=task_4, execution_date=20210121T230318, start_date=20210121T230323, end_date=20210121T230324
[2021-01-21 23:03:24,182] {taskinstance.py:1195} INFO - 0 downstream tasks scheduled from follow-on schedule check
[2021-01-21 23:03:24,209] {local_task_job.py:118} INFO - Task exited with return code 0
