[2021-01-21 22:48:26,664] {taskinstance.py:826} INFO - Dependencies all met for <TaskInstance: xcom_dag.processing_tasks.training_model_b 2021-01-21T22:48:21.683934+00:00 [queued]>
[2021-01-21 22:48:26,689] {taskinstance.py:826} INFO - Dependencies all met for <TaskInstance: xcom_dag.processing_tasks.training_model_b 2021-01-21T22:48:21.683934+00:00 [queued]>
[2021-01-21 22:48:26,689] {taskinstance.py:1017} INFO - 
--------------------------------------------------------------------------------
[2021-01-21 22:48:26,689] {taskinstance.py:1018} INFO - Starting attempt 1 of 1
[2021-01-21 22:48:26,689] {taskinstance.py:1019} INFO - 
--------------------------------------------------------------------------------
[2021-01-21 22:48:26,700] {taskinstance.py:1038} INFO - Executing <Task(PythonOperator): processing_tasks.training_model_b> on 2021-01-21T22:48:21.683934+00:00
[2021-01-21 22:48:26,703] {standard_task_runner.py:51} INFO - Started process 347392 to run task
[2021-01-21 22:48:26,717] {standard_task_runner.py:75} INFO - Running: ['airflow', 'tasks', 'run', 'xcom_dag', 'processing_tasks.training_model_b', '2021-01-21T22:48:21.683934+00:00', '--job-id', '61', '--pool', 'default_pool', '--raw', '--subdir', 'DAGS_FOLDER/xcom_dag.py', '--cfg-path', '/tmp/tmpdbe897vt']
[2021-01-21 22:48:26,718] {standard_task_runner.py:76} INFO - Job 61: Subtask processing_tasks.training_model_b
[2021-01-21 22:48:26,800] {logging_mixin.py:103} INFO - Running <TaskInstance: xcom_dag.processing_tasks.training_model_b 2021-01-21T22:48:21.683934+00:00 [running]> on host ip-172-31-18-6.ap-south-1.compute.internal
[2021-01-21 22:48:26,880] {taskinstance.py:1232} INFO - Exporting the following env vars:
AIRFLOW_CTX_DAG_OWNER=airflow
AIRFLOW_CTX_DAG_ID=xcom_dag
AIRFLOW_CTX_TASK_ID=processing_tasks.training_model_b
AIRFLOW_CTX_EXECUTION_DATE=2021-01-21T22:48:21.683934+00:00
AIRFLOW_CTX_DAG_RUN_ID=manual__2021-01-21T22:48:21.683934+00:00
[2021-01-21 22:48:26,881] {logging_mixin.py:103} INFO - model's accuracy: 7.099193045784435
[2021-01-21 22:48:26,905] {python.py:118} INFO - Done. Returned value was: None
[2021-01-21 22:48:26,928] {taskinstance.py:1142} INFO - Marking task as SUCCESS. dag_id=xcom_dag, task_id=processing_tasks.training_model_b, execution_date=20210121T224821, start_date=20210121T224826, end_date=20210121T224826
[2021-01-21 22:48:26,982] {taskinstance.py:1195} INFO - 0 downstream tasks scheduled from follow-on schedule check
[2021-01-21 22:48:27,016] {local_task_job.py:118} INFO - Task exited with return code 0
