[2021-01-21 22:57:53,070] {taskinstance.py:826} INFO - Dependencies all met for <TaskInstance: xcom_dag.is_accurate 2021-01-21T22:57:46.298122+00:00 [queued]>
[2021-01-21 22:57:53,088] {taskinstance.py:826} INFO - Dependencies all met for <TaskInstance: xcom_dag.is_accurate 2021-01-21T22:57:46.298122+00:00 [queued]>
[2021-01-21 22:57:53,088] {taskinstance.py:1017} INFO - 
--------------------------------------------------------------------------------
[2021-01-21 22:57:53,088] {taskinstance.py:1018} INFO - Starting attempt 1 of 1
[2021-01-21 22:57:53,088] {taskinstance.py:1019} INFO - 
--------------------------------------------------------------------------------
[2021-01-21 22:57:53,097] {taskinstance.py:1038} INFO - Executing <Task(BranchPythonOperator): is_accurate> on 2021-01-21T22:57:46.298122+00:00
[2021-01-21 22:57:53,100] {standard_task_runner.py:51} INFO - Started process 407312 to run task
[2021-01-21 22:57:53,105] {standard_task_runner.py:75} INFO - Running: ['airflow', 'tasks', 'run', 'xcom_dag', 'is_accurate', '2021-01-21T22:57:46.298122+00:00', '--job-id', '70', '--pool', 'default_pool', '--raw', '--subdir', 'DAGS_FOLDER/xcom_dag.py', '--cfg-path', '/tmp/tmp18aym0iw']
[2021-01-21 22:57:53,106] {standard_task_runner.py:76} INFO - Job 70: Subtask is_accurate
[2021-01-21 22:57:53,169] {logging_mixin.py:103} INFO - Running <TaskInstance: xcom_dag.is_accurate 2021-01-21T22:57:46.298122+00:00 [running]> on host ip-172-31-18-6.ap-south-1.compute.internal
[2021-01-21 22:57:53,218] {taskinstance.py:1232} INFO - Exporting the following env vars:
AIRFLOW_CTX_DAG_OWNER=airflow
AIRFLOW_CTX_DAG_ID=xcom_dag
AIRFLOW_CTX_TASK_ID=is_accurate
AIRFLOW_CTX_EXECUTION_DATE=2021-01-21T22:57:46.298122+00:00
AIRFLOW_CTX_DAG_RUN_ID=manual__2021-01-21T22:57:46.298122+00:00
[2021-01-21 22:57:53,218] {python.py:118} INFO - Done. Returned value was: accurate
[2021-01-21 22:57:53,219] {skipmixin.py:124} INFO - Following branch accurate
[2021-01-21 22:57:53,228] {skipmixin.py:155} INFO - Skipping tasks ['inaccurate']
[2021-01-21 22:57:53,291] {taskinstance.py:1142} INFO - Marking task as SUCCESS. dag_id=xcom_dag, task_id=is_accurate, execution_date=20210121T225746, start_date=20210121T225753, end_date=20210121T225753
[2021-01-21 22:57:53,327] {taskinstance.py:1195} INFO - 1 downstream tasks scheduled from follow-on schedule check
[2021-01-21 22:57:53,355] {local_task_job.py:118} INFO - Task exited with return code 0
