[2021-01-21 22:10:24,267] {taskinstance.py:826} INFO - Dependencies all met for <TaskInstance: parallel_dag.task_1 2021-01-21T22:10:23.461232+00:00 [queued]>
[2021-01-21 22:10:24,284] {taskinstance.py:826} INFO - Dependencies all met for <TaskInstance: parallel_dag.task_1 2021-01-21T22:10:23.461232+00:00 [queued]>
[2021-01-21 22:10:24,284] {taskinstance.py:1017} INFO - 
--------------------------------------------------------------------------------
[2021-01-21 22:10:24,284] {taskinstance.py:1018} INFO - Starting attempt 1 of 1
[2021-01-21 22:10:24,284] {taskinstance.py:1019} INFO - 
--------------------------------------------------------------------------------
[2021-01-21 22:10:24,292] {taskinstance.py:1038} INFO - Executing <Task(BashOperator): task_1> on 2021-01-21T22:10:23.461232+00:00
[2021-01-21 22:10:24,295] {standard_task_runner.py:51} INFO - Started process 73211 to run task
[2021-01-21 22:10:24,299] {standard_task_runner.py:75} INFO - Running: ['airflow', 'tasks', 'run', 'parallel_dag', 'task_1', '2021-01-21T22:10:23.461232+00:00', '--job-id', '21', '--pool', 'default_pool', '--raw', '--subdir', 'DAGS_FOLDER/parallel_dags.py', '--cfg-path', '/tmp/tmp1rxgcc0f']
[2021-01-21 22:10:24,300] {standard_task_runner.py:76} INFO - Job 21: Subtask task_1
[2021-01-21 22:10:24,354] {logging_mixin.py:103} INFO - Running <TaskInstance: parallel_dag.task_1 2021-01-21T22:10:23.461232+00:00 [running]> on host ip-172-31-18-6.ap-south-1.compute.internal
[2021-01-21 22:10:24,404] {taskinstance.py:1232} INFO - Exporting the following env vars:
AIRFLOW_CTX_DAG_OWNER=airflow
AIRFLOW_CTX_DAG_ID=parallel_dag
AIRFLOW_CTX_TASK_ID=task_1
AIRFLOW_CTX_EXECUTION_DATE=2021-01-21T22:10:23.461232+00:00
AIRFLOW_CTX_DAG_RUN_ID=manual__2021-01-21T22:10:23.461232+00:00
[2021-01-21 22:10:24,405] {bash.py:135} INFO - Tmp dir root location: 
 /tmp
[2021-01-21 22:10:24,405] {bash.py:158} INFO - Running command: sleep 3
[2021-01-21 22:10:24,410] {bash.py:169} INFO - Output:
[2021-01-21 22:10:27,412] {bash.py:177} INFO - Command exited with return code 0
[2021-01-21 22:10:27,446] {taskinstance.py:1142} INFO - Marking task as SUCCESS. dag_id=parallel_dag, task_id=task_1, execution_date=20210121T221023, start_date=20210121T221024, end_date=20210121T221027
[2021-01-21 22:10:27,477] {taskinstance.py:1195} INFO - 2 downstream tasks scheduled from follow-on schedule check
[2021-01-21 22:10:27,486] {local_task_job.py:118} INFO - Task exited with return code 0
