[2021-01-21 22:05:26,499] {taskinstance.py:826} INFO - Dependencies all met for <TaskInstance: parallel_dag.processing_task.task_2 2021-01-20T00:00:00+00:00 [queued]>
[2021-01-21 22:05:26,528] {taskinstance.py:826} INFO - Dependencies all met for <TaskInstance: parallel_dag.processing_task.task_2 2021-01-20T00:00:00+00:00 [queued]>
[2021-01-21 22:05:26,528] {taskinstance.py:1017} INFO - 
--------------------------------------------------------------------------------
[2021-01-21 22:05:26,529] {taskinstance.py:1018} INFO - Starting attempt 1 of 1
[2021-01-21 22:05:26,529] {taskinstance.py:1019} INFO - 
--------------------------------------------------------------------------------
[2021-01-21 22:05:26,542] {taskinstance.py:1038} INFO - Executing <Task(BashOperator): task_2> on 2021-01-20T00:00:00+00:00
[2021-01-21 22:05:26,545] {standard_task_runner.py:51} INFO - Started process 37069 to run task
[2021-01-21 22:05:26,551] {standard_task_runner.py:75} INFO - Running: ['airflow', 'tasks', 'run', 'parallel_dag.processing_task', 'task_2', '2021-01-20T00:00:00+00:00', '--job-id', '19', '--pool', 'default_pool', '--raw', '--subdir', 'DAGS_FOLDER/parallel_dags.py', '--cfg-path', '/tmp/tmpvangp8x7']
[2021-01-21 22:05:26,552] {standard_task_runner.py:76} INFO - Job 19: Subtask task_2
[2021-01-21 22:05:26,606] {logging_mixin.py:103} INFO - Running <TaskInstance: parallel_dag.processing_task.task_2 2021-01-20T00:00:00+00:00 [running]> on host ip-172-31-18-6.ap-south-1.compute.internal
[2021-01-21 22:05:26,664] {taskinstance.py:1232} INFO - Exporting the following env vars:
AIRFLOW_CTX_DAG_OWNER=airflow
AIRFLOW_CTX_DAG_ID=parallel_dag.processing_task
AIRFLOW_CTX_TASK_ID=task_2
AIRFLOW_CTX_EXECUTION_DATE=2021-01-20T00:00:00+00:00
AIRFLOW_CTX_DAG_RUN_ID=scheduled__2021-01-20T00:00:00+00:00
[2021-01-21 22:05:26,665] {bash.py:135} INFO - Tmp dir root location: 
 /tmp
[2021-01-21 22:05:26,665] {bash.py:158} INFO - Running command: sleep 3
[2021-01-21 22:05:26,671] {bash.py:169} INFO - Output:
[2021-01-21 22:05:29,675] {bash.py:177} INFO - Command exited with return code 0
[2021-01-21 22:05:29,719] {taskinstance.py:1142} INFO - Marking task as SUCCESS. dag_id=parallel_dag.processing_task, task_id=task_2, execution_date=20210120T000000, start_date=20210121T220526, end_date=20210121T220529
[2021-01-21 22:05:29,761] {taskinstance.py:1195} INFO - 0 downstream tasks scheduled from follow-on schedule check
[2021-01-21 22:05:29,781] {local_task_job.py:118} INFO - Task exited with return code 0
