[2021-01-21 23:29:12,557] {taskinstance.py:826} INFO - Dependencies all met for <TaskInstance: xcom_dag.processing_tasks.training_model_c 2021-01-21T23:29:05.026259+00:00 [queued]>
[2021-01-21 23:29:12,703] {taskinstance.py:826} INFO - Dependencies all met for <TaskInstance: xcom_dag.processing_tasks.training_model_c 2021-01-21T23:29:05.026259+00:00 [queued]>
[2021-01-21 23:29:12,703] {taskinstance.py:1017} INFO - 
--------------------------------------------------------------------------------
[2021-01-21 23:29:12,703] {taskinstance.py:1018} INFO - Starting attempt 1 of 1
[2021-01-21 23:29:12,703] {taskinstance.py:1019} INFO - 
--------------------------------------------------------------------------------
[2021-01-21 23:29:12,824] {taskinstance.py:1038} INFO - Executing <Task(PythonOperator): processing_tasks.training_model_c> on 2021-01-21T23:29:05.026259+00:00
[2021-01-21 23:29:12,827] {standard_task_runner.py:51} INFO - Started process 633604 to run task
[2021-01-21 23:29:12,863] {standard_task_runner.py:75} INFO - Running: ['airflow', 'tasks', 'run', 'xcom_dag', 'processing_tasks.training_model_c', '2021-01-21T23:29:05.026259+00:00', '--job-id', '121', '--pool', 'default_pool', '--raw', '--subdir', 'DAGS_FOLDER/xcom_dag.py', '--cfg-path', '/tmp/tmp0fkdp6op']
[2021-01-21 23:29:12,864] {standard_task_runner.py:76} INFO - Job 121: Subtask processing_tasks.training_model_c
[2021-01-21 23:29:13,237] {logging_mixin.py:103} INFO - Running <TaskInstance: xcom_dag.processing_tasks.training_model_c 2021-01-21T23:29:05.026259+00:00 [running]> on host ip-172-31-18-6.ap-south-1.compute.internal
[2021-01-21 23:29:13,540] {taskinstance.py:1232} INFO - Exporting the following env vars:
AIRFLOW_CTX_DAG_OWNER=airflow
AIRFLOW_CTX_DAG_ID=xcom_dag
AIRFLOW_CTX_TASK_ID=processing_tasks.training_model_c
AIRFLOW_CTX_EXECUTION_DATE=2021-01-21T23:29:05.026259+00:00
AIRFLOW_CTX_DAG_RUN_ID=manual__2021-01-21T23:29:05.026259+00:00
[2021-01-21 23:29:13,540] {logging_mixin.py:103} INFO - model's accuracy: 5.625756498246466
[2021-01-21 23:29:13,673] {python.py:118} INFO - Done. Returned value was: None
[2021-01-21 23:29:13,800] {taskinstance.py:1142} INFO - Marking task as SUCCESS. dag_id=xcom_dag, task_id=processing_tasks.training_model_c, execution_date=20210121T232905, start_date=20210121T232912, end_date=20210121T232913
[2021-01-21 23:29:13,999] {taskinstance.py:1195} INFO - 0 downstream tasks scheduled from follow-on schedule check
[2021-01-21 23:29:14,046] {local_task_job.py:118} INFO - Task exited with return code 0
