[2021-01-22 21:23:07,206] {taskinstance.py:826} INFO - Dependencies all met for <TaskInstance: elasticsearch_dag.connection_to_es 2021-01-22T21:21:16.847743+00:00 [queued]>
[2021-01-22 21:23:07,222] {taskinstance.py:826} INFO - Dependencies all met for <TaskInstance: elasticsearch_dag.connection_to_es 2021-01-22T21:21:16.847743+00:00 [queued]>
[2021-01-22 21:23:07,222] {taskinstance.py:1017} INFO - 
--------------------------------------------------------------------------------
[2021-01-22 21:23:07,222] {taskinstance.py:1018} INFO - Starting attempt 3 of 3
[2021-01-22 21:23:07,222] {taskinstance.py:1019} INFO - 
--------------------------------------------------------------------------------
[2021-01-22 21:23:07,229] {taskinstance.py:1038} INFO - Executing <Task(PostgresToElasticOperator): connection_to_es> on 2021-01-22T21:21:16.847743+00:00
[2021-01-22 21:23:07,235] {standard_task_runner.py:51} INFO - Started process 890017 to run task
[2021-01-22 21:23:07,241] {standard_task_runner.py:75} INFO - Running: ['airflow', 'tasks', 'run', 'elasticsearch_dag', 'connection_to_es', '2021-01-22T21:21:16.847743+00:00', '--job-id', '151', '--pool', 'default_pool', '--raw', '--subdir', 'DAGS_FOLDER/elasticsearch_dag.py', '--cfg-path', '/tmp/tmpj5ow27xh']
[2021-01-22 21:23:07,242] {standard_task_runner.py:76} INFO - Job 151: Subtask connection_to_es
[2021-01-22 21:23:07,294] {logging_mixin.py:103} INFO - Running <TaskInstance: elasticsearch_dag.connection_to_es 2021-01-22T21:21:16.847743+00:00 [running]> on host ip-172-31-18-6.ap-south-1.compute.internal
[2021-01-22 21:23:07,343] {taskinstance.py:1232} INFO - Exporting the following env vars:
AIRFLOW_CTX_DAG_OWNER=airflow
AIRFLOW_CTX_DAG_ID=elasticsearch_dag
AIRFLOW_CTX_TASK_ID=connection_to_es
AIRFLOW_CTX_EXECUTION_DATE=2021-01-22T21:21:16.847743+00:00
AIRFLOW_CTX_DAG_RUN_ID=manual__2021-01-22T21:21:16.847743+00:00
[2021-01-22 21:23:07,355] {base.py:74} INFO - Using connection to: id: elasticsearch_default. Host: localhost, Port: 9200, Schema: http, Login: None, Password: None, extra: None
[2021-01-22 21:23:07,369] {base.py:74} INFO - Using connection to: id: postgres_default. Host: localhost, Port: 5432, Schema: , Login: postgres, Password: XXXXXXXX, extra: XXXXXXXX
[2021-01-22 21:23:08,070] {logging_mixin.py:103} WARNING - /home/ubuntu/anaconda3/envs/airflow_udemy/lib/python3.7/site-packages/elasticsearch/connection/base.py:193 ElasticsearchDeprecationWarning: [types removal] Specifying types in document index requests is deprecated, use the typeless endpoints instead (/{index}/_doc/{id}, /{index}/_doc, or /{index}/_create/{id}).
[2021-01-22 21:23:08,070] {base.py:256} INFO - POST http://localhost:9200/connections/external [status:201 request:0.688s]
[2021-01-22 21:23:08,086] {base.py:256} INFO - POST http://localhost:9200/connections/external [status:201 request:0.015s]
[2021-01-22 21:23:08,158] {base.py:256} INFO - POST http://localhost:9200/connections/external [status:201 request:0.071s]
[2021-01-22 21:23:08,169] {base.py:256} INFO - POST http://localhost:9200/connections/external [status:201 request:0.010s]
[2021-01-22 21:23:08,177] {base.py:256} INFO - POST http://localhost:9200/connections/external [status:201 request:0.008s]
[2021-01-22 21:23:08,194] {base.py:256} INFO - POST http://localhost:9200/connections/external [status:201 request:0.017s]
[2021-01-22 21:23:08,202] {base.py:256} INFO - POST http://localhost:9200/connections/external [status:201 request:0.008s]
[2021-01-22 21:23:08,289] {base.py:256} INFO - POST http://localhost:9200/connections/external [status:201 request:0.086s]
[2021-01-22 21:23:08,297] {base.py:256} INFO - POST http://localhost:9200/connections/external [status:201 request:0.008s]
[2021-01-22 21:23:08,305] {base.py:256} INFO - POST http://localhost:9200/connections/external [status:201 request:0.008s]
[2021-01-22 21:23:08,320] {base.py:256} INFO - POST http://localhost:9200/connections/external [status:201 request:0.014s]
[2021-01-22 21:23:08,337] {base.py:256} INFO - POST http://localhost:9200/connections/external [status:201 request:0.017s]
[2021-01-22 21:23:08,350] {base.py:256} INFO - POST http://localhost:9200/connections/external [status:201 request:0.012s]
[2021-01-22 21:23:08,361] {base.py:256} INFO - POST http://localhost:9200/connections/external [status:201 request:0.011s]
[2021-01-22 21:23:08,369] {base.py:256} INFO - POST http://localhost:9200/connections/external [status:201 request:0.008s]
[2021-01-22 21:23:08,378] {base.py:256} INFO - POST http://localhost:9200/connections/external [status:201 request:0.009s]
[2021-01-22 21:23:08,388] {base.py:256} INFO - POST http://localhost:9200/connections/external [status:201 request:0.009s]
[2021-01-22 21:23:08,402] {base.py:256} INFO - POST http://localhost:9200/connections/external [status:201 request:0.014s]
[2021-01-22 21:23:08,415] {base.py:256} INFO - POST http://localhost:9200/connections/external [status:201 request:0.012s]
[2021-01-22 21:23:08,428] {base.py:256} INFO - POST http://localhost:9200/connections/external [status:201 request:0.013s]
[2021-01-22 21:23:08,442] {base.py:256} INFO - POST http://localhost:9200/connections/external [status:201 request:0.014s]
[2021-01-22 21:23:08,512] {base.py:256} INFO - POST http://localhost:9200/connections/external [status:201 request:0.069s]
[2021-01-22 21:23:08,521] {base.py:256} INFO - POST http://localhost:9200/connections/external [status:201 request:0.009s]
[2021-01-22 21:23:08,528] {base.py:256} INFO - POST http://localhost:9200/connections/external [status:201 request:0.006s]
[2021-01-22 21:23:08,534] {base.py:256} INFO - POST http://localhost:9200/connections/external [status:201 request:0.006s]
[2021-01-22 21:23:08,548] {base.py:256} INFO - POST http://localhost:9200/connections/external [status:201 request:0.013s]
[2021-01-22 21:23:08,564] {base.py:256} INFO - POST http://localhost:9200/connections/external [status:201 request:0.015s]
[2021-01-22 21:23:08,573] {base.py:256} INFO - POST http://localhost:9200/connections/external [status:201 request:0.007s]
[2021-01-22 21:23:08,588] {base.py:256} INFO - POST http://localhost:9200/connections/external [status:201 request:0.015s]
[2021-01-22 21:23:08,596] {base.py:256} INFO - POST http://localhost:9200/connections/external [status:201 request:0.007s]
[2021-01-22 21:23:08,609] {base.py:256} INFO - POST http://localhost:9200/connections/external [status:201 request:0.013s]
[2021-01-22 21:23:08,617] {base.py:256} INFO - POST http://localhost:9200/connections/external [status:201 request:0.007s]
[2021-01-22 21:23:08,625] {base.py:256} INFO - POST http://localhost:9200/connections/external [status:201 request:0.008s]
[2021-01-22 21:23:08,634] {base.py:256} INFO - POST http://localhost:9200/connections/external [status:201 request:0.008s]
[2021-01-22 21:23:08,642] {base.py:256} INFO - POST http://localhost:9200/connections/external [status:201 request:0.007s]
[2021-01-22 21:23:08,660] {base.py:256} INFO - POST http://localhost:9200/connections/external [status:201 request:0.014s]
[2021-01-22 21:23:08,668] {base.py:256} INFO - POST http://localhost:9200/connections/external [status:201 request:0.008s]
[2021-01-22 21:23:08,675] {base.py:256} INFO - POST http://localhost:9200/connections/external [status:201 request:0.007s]
[2021-01-22 21:23:08,685] {base.py:256} INFO - POST http://localhost:9200/connections/external [status:201 request:0.009s]
[2021-01-22 21:23:08,692] {base.py:256} INFO - POST http://localhost:9200/connections/external [status:201 request:0.007s]
[2021-01-22 21:23:08,701] {base.py:256} INFO - POST http://localhost:9200/connections/external [status:201 request:0.008s]
[2021-01-22 21:23:08,714] {base.py:256} INFO - POST http://localhost:9200/connections/external [status:201 request:0.014s]
[2021-01-22 21:23:08,732] {base.py:256} INFO - POST http://localhost:9200/connections/external [status:201 request:0.017s]
[2021-01-22 21:23:08,739] {base.py:256} INFO - POST http://localhost:9200/connections/external [status:201 request:0.007s]
[2021-01-22 21:23:08,750] {base.py:256} INFO - POST http://localhost:9200/connections/external [status:201 request:0.012s]
[2021-01-22 21:23:08,759] {base.py:256} INFO - POST http://localhost:9200/connections/external [status:201 request:0.009s]
[2021-01-22 21:23:08,846] {base.py:256} INFO - POST http://localhost:9200/connections/external [status:201 request:0.086s]
[2021-01-22 21:23:08,860] {taskinstance.py:1142} INFO - Marking task as SUCCESS. dag_id=elasticsearch_dag, task_id=connection_to_es, execution_date=20210122T212116, start_date=20210122T212307, end_date=20210122T212308
[2021-01-22 21:23:08,892] {taskinstance.py:1195} INFO - 0 downstream tasks scheduled from follow-on schedule check
[2021-01-22 21:23:08,910] {local_task_job.py:118} INFO - Task exited with return code 0
