[2021-01-22 20:12:55,589] {taskinstance.py:826} INFO - Dependencies all met for <TaskInstance: elasticsearch_dag.print_es_info 2021-01-22T20:12:54.500599+00:00 [queued]>
[2021-01-22 20:12:55,606] {taskinstance.py:826} INFO - Dependencies all met for <TaskInstance: elasticsearch_dag.print_es_info 2021-01-22T20:12:54.500599+00:00 [queued]>
[2021-01-22 20:12:55,607] {taskinstance.py:1017} INFO - 
--------------------------------------------------------------------------------
[2021-01-22 20:12:55,607] {taskinstance.py:1018} INFO - Starting attempt 1 of 1
[2021-01-22 20:12:55,607] {taskinstance.py:1019} INFO - 
--------------------------------------------------------------------------------
[2021-01-22 20:12:55,616] {taskinstance.py:1038} INFO - Executing <Task(PythonOperator): print_es_info> on 2021-01-22T20:12:54.500599+00:00
[2021-01-22 20:12:55,619] {standard_task_runner.py:51} INFO - Started process 156896 to run task
[2021-01-22 20:12:55,627] {standard_task_runner.py:75} INFO - Running: ['airflow', 'tasks', 'run', 'elasticsearch_dag', 'print_es_info', '2021-01-22T20:12:54.500599+00:00', '--job-id', '147', '--pool', 'default_pool', '--raw', '--subdir', 'DAGS_FOLDER/elasticsearch_dag.py', '--cfg-path', '/tmp/tmp3nycrbc2']
[2021-01-22 20:12:55,627] {standard_task_runner.py:76} INFO - Job 147: Subtask print_es_info
[2021-01-22 20:12:55,694] {logging_mixin.py:103} INFO - Running <TaskInstance: elasticsearch_dag.print_es_info 2021-01-22T20:12:54.500599+00:00 [running]> on host ip-172-31-18-6.ap-south-1.compute.internal
[2021-01-22 20:12:55,756] {taskinstance.py:1232} INFO - Exporting the following env vars:
AIRFLOW_CTX_DAG_OWNER=airflow
AIRFLOW_CTX_DAG_ID=elasticsearch_dag
AIRFLOW_CTX_TASK_ID=print_es_info
AIRFLOW_CTX_EXECUTION_DATE=2021-01-22T20:12:54.500599+00:00
AIRFLOW_CTX_DAG_RUN_ID=manual__2021-01-22T20:12:54.500599+00:00
[2021-01-22 20:12:55,768] {base.py:74} INFO - Using connection to: id: elasticsearch_default. Host: localhost, Port: 9200, Schema: http, Login: None, Password: None, extra: None
[2021-01-22 20:12:55,769] {logging_mixin.py:103} INFO - <bound method Elasticsearch.info of <Elasticsearch([{'host': 'localhost'}])>>
[2021-01-22 20:12:55,769] {python.py:118} INFO - Done. Returned value was: None
[2021-01-22 20:12:55,781] {taskinstance.py:1142} INFO - Marking task as SUCCESS. dag_id=elasticsearch_dag, task_id=print_es_info, execution_date=20210122T201254, start_date=20210122T201255, end_date=20210122T201255
[2021-01-22 20:12:55,812] {taskinstance.py:1195} INFO - 0 downstream tasks scheduled from follow-on schedule check
[2021-01-22 20:12:55,836] {local_task_job.py:118} INFO - Task exited with return code 0
