[2021-01-21 22:40:35,335] {taskinstance.py:826} INFO - Dependencies all met for <TaskInstance: xcom_dag.downloading_data 2021-01-21T22:40:35.027084+00:00 [queued]>
[2021-01-21 22:40:35,353] {taskinstance.py:826} INFO - Dependencies all met for <TaskInstance: xcom_dag.downloading_data 2021-01-21T22:40:35.027084+00:00 [queued]>
[2021-01-21 22:40:35,353] {taskinstance.py:1017} INFO - 
--------------------------------------------------------------------------------
[2021-01-21 22:40:35,353] {taskinstance.py:1018} INFO - Starting attempt 1 of 1
[2021-01-21 22:40:35,353] {taskinstance.py:1019} INFO - 
--------------------------------------------------------------------------------
[2021-01-21 22:40:35,366] {taskinstance.py:1038} INFO - Executing <Task(BashOperator): downloading_data> on 2021-01-21T22:40:35.027084+00:00
[2021-01-21 22:40:35,368] {standard_task_runner.py:51} INFO - Started process 292943 to run task
[2021-01-21 22:40:35,373] {standard_task_runner.py:75} INFO - Running: ['airflow', 'tasks', 'run', 'xcom_dag', 'downloading_data', '2021-01-21T22:40:35.027084+00:00', '--job-id', '45', '--pool', 'default_pool', '--raw', '--subdir', 'DAGS_FOLDER/xcom_dag.py', '--cfg-path', '/tmp/tmpne3g6j2b']
[2021-01-21 22:40:35,373] {standard_task_runner.py:76} INFO - Job 45: Subtask downloading_data
[2021-01-21 22:40:35,424] {logging_mixin.py:103} INFO - Running <TaskInstance: xcom_dag.downloading_data 2021-01-21T22:40:35.027084+00:00 [running]> on host ip-172-31-18-6.ap-south-1.compute.internal
[2021-01-21 22:40:35,476] {taskinstance.py:1232} INFO - Exporting the following env vars:
AIRFLOW_CTX_DAG_OWNER=airflow
AIRFLOW_CTX_DAG_ID=xcom_dag
AIRFLOW_CTX_TASK_ID=downloading_data
AIRFLOW_CTX_EXECUTION_DATE=2021-01-21T22:40:35.027084+00:00
AIRFLOW_CTX_DAG_RUN_ID=manual__2021-01-21T22:40:35.027084+00:00
[2021-01-21 22:40:35,477] {bash.py:135} INFO - Tmp dir root location: 
 /tmp
[2021-01-21 22:40:35,477] {bash.py:158} INFO - Running command: sleep 3
[2021-01-21 22:40:35,482] {bash.py:169} INFO - Output:
[2021-01-21 22:40:38,484] {bash.py:177} INFO - Command exited with return code 0
[2021-01-21 22:40:38,516] {taskinstance.py:1142} INFO - Marking task as SUCCESS. dag_id=xcom_dag, task_id=downloading_data, execution_date=20210121T224035, start_date=20210121T224035, end_date=20210121T224038
[2021-01-21 22:40:38,546] {taskinstance.py:1195} INFO - 3 downstream tasks scheduled from follow-on schedule check
[2021-01-21 22:40:38,563] {local_task_job.py:118} INFO - Task exited with return code 0
