[2021-01-21 23:25:12,254] {taskinstance.py:826} INFO - Dependencies all met for <TaskInstance: xcom_dag.downloading_data 2021-01-21T23:25:10.973997+00:00 [queued]>
[2021-01-21 23:25:12,268] {taskinstance.py:826} INFO - Dependencies all met for <TaskInstance: xcom_dag.downloading_data 2021-01-21T23:25:10.973997+00:00 [queued]>
[2021-01-21 23:25:12,268] {taskinstance.py:1017} INFO - 
--------------------------------------------------------------------------------
[2021-01-21 23:25:12,269] {taskinstance.py:1018} INFO - Starting attempt 1 of 1
[2021-01-21 23:25:12,269] {taskinstance.py:1019} INFO - 
--------------------------------------------------------------------------------
[2021-01-21 23:25:12,276] {taskinstance.py:1038} INFO - Executing <Task(BashOperator): downloading_data> on 2021-01-21T23:25:10.973997+00:00
[2021-01-21 23:25:12,278] {standard_task_runner.py:51} INFO - Started process 611806 to run task
[2021-01-21 23:25:12,281] {standard_task_runner.py:75} INFO - Running: ['airflow', 'tasks', 'run', 'xcom_dag', 'downloading_data', '2021-01-21T23:25:10.973997+00:00', '--job-id', '108', '--pool', 'default_pool', '--raw', '--subdir', 'DAGS_FOLDER/xcom_dag.py', '--cfg-path', '/tmp/tmpiovwq88f']
[2021-01-21 23:25:12,282] {standard_task_runner.py:76} INFO - Job 108: Subtask downloading_data
[2021-01-21 23:25:12,325] {logging_mixin.py:103} INFO - Running <TaskInstance: xcom_dag.downloading_data 2021-01-21T23:25:10.973997+00:00 [running]> on host ip-172-31-18-6.ap-south-1.compute.internal
[2021-01-21 23:25:12,369] {taskinstance.py:1232} INFO - Exporting the following env vars:
AIRFLOW_CTX_DAG_OWNER=airflow
AIRFLOW_CTX_DAG_ID=xcom_dag
AIRFLOW_CTX_TASK_ID=downloading_data
AIRFLOW_CTX_EXECUTION_DATE=2021-01-21T23:25:10.973997+00:00
AIRFLOW_CTX_DAG_RUN_ID=manual__2021-01-21T23:25:10.973997+00:00
[2021-01-21 23:25:12,369] {bash.py:135} INFO - Tmp dir root location: 
 /tmp
[2021-01-21 23:25:12,370] {bash.py:158} INFO - Running command: sleep 3
[2021-01-21 23:25:12,375] {bash.py:169} INFO - Output:
[2021-01-21 23:25:15,376] {bash.py:177} INFO - Command exited with return code 0
[2021-01-21 23:25:15,389] {taskinstance.py:1142} INFO - Marking task as SUCCESS. dag_id=xcom_dag, task_id=downloading_data, execution_date=20210121T232510, start_date=20210121T232512, end_date=20210121T232515
[2021-01-21 23:25:15,421] {taskinstance.py:1195} INFO - 3 downstream tasks scheduled from follow-on schedule check
[2021-01-21 23:25:15,426] {local_task_job.py:118} INFO - Task exited with return code 0
