[2021-01-21 23:03:18,794] {taskinstance.py:826} INFO - Dependencies all met for <TaskInstance: xcom_dag.downloading_data 2021-01-21T23:03:18.200579+00:00 [queued]>
[2021-01-21 23:03:18,810] {taskinstance.py:826} INFO - Dependencies all met for <TaskInstance: xcom_dag.downloading_data 2021-01-21T23:03:18.200579+00:00 [queued]>
[2021-01-21 23:03:18,810] {taskinstance.py:1017} INFO - 
--------------------------------------------------------------------------------
[2021-01-21 23:03:18,810] {taskinstance.py:1018} INFO - Starting attempt 1 of 1
[2021-01-21 23:03:18,810] {taskinstance.py:1019} INFO - 
--------------------------------------------------------------------------------
[2021-01-21 23:03:18,818] {taskinstance.py:1038} INFO - Executing <Task(BashOperator): downloading_data> on 2021-01-21T23:03:18.200579+00:00
[2021-01-21 23:03:18,821] {standard_task_runner.py:51} INFO - Started process 448524 to run task
[2021-01-21 23:03:18,830] {standard_task_runner.py:75} INFO - Running: ['airflow', 'tasks', 'run', 'xcom_dag', 'downloading_data', '2021-01-21T23:03:18.200579+00:00', '--job-id', '76', '--pool', 'default_pool', '--raw', '--subdir', 'DAGS_FOLDER/xcom_dag.py', '--cfg-path', '/tmp/tmp2un373lm']
[2021-01-21 23:03:18,831] {standard_task_runner.py:76} INFO - Job 76: Subtask downloading_data
[2021-01-21 23:03:18,888] {logging_mixin.py:103} INFO - Running <TaskInstance: xcom_dag.downloading_data 2021-01-21T23:03:18.200579+00:00 [running]> on host ip-172-31-18-6.ap-south-1.compute.internal
[2021-01-21 23:03:18,936] {taskinstance.py:1232} INFO - Exporting the following env vars:
AIRFLOW_CTX_DAG_OWNER=airflow
AIRFLOW_CTX_DAG_ID=xcom_dag
AIRFLOW_CTX_TASK_ID=downloading_data
AIRFLOW_CTX_EXECUTION_DATE=2021-01-21T23:03:18.200579+00:00
AIRFLOW_CTX_DAG_RUN_ID=manual__2021-01-21T23:03:18.200579+00:00
[2021-01-21 23:03:18,938] {bash.py:135} INFO - Tmp dir root location: 
 /tmp
[2021-01-21 23:03:18,938] {bash.py:158} INFO - Running command: sleep 3
[2021-01-21 23:03:18,944] {bash.py:169} INFO - Output:
[2021-01-21 23:03:21,945] {bash.py:177} INFO - Command exited with return code 0
[2021-01-21 23:03:21,959] {taskinstance.py:1142} INFO - Marking task as SUCCESS. dag_id=xcom_dag, task_id=downloading_data, execution_date=20210121T230318, start_date=20210121T230318, end_date=20210121T230321
[2021-01-21 23:03:21,992] {taskinstance.py:1195} INFO - 3 downstream tasks scheduled from follow-on schedule check
[2021-01-21 23:03:22,020] {local_task_job.py:118} INFO - Task exited with return code 0
