[2021-01-21 23:29:44,188] {taskinstance.py:826} INFO - Dependencies all met for <TaskInstance: xcom_dag.processing_tasks.training_model_a 2021-01-21T23:29:35.791926+00:00 [queued]>
[2021-01-21 23:29:44,373] {taskinstance.py:826} INFO - Dependencies all met for <TaskInstance: xcom_dag.processing_tasks.training_model_a 2021-01-21T23:29:35.791926+00:00 [queued]>
[2021-01-21 23:29:44,373] {taskinstance.py:1017} INFO - 
--------------------------------------------------------------------------------
[2021-01-21 23:29:44,373] {taskinstance.py:1018} INFO - Starting attempt 1 of 1
[2021-01-21 23:29:44,374] {taskinstance.py:1019} INFO - 
--------------------------------------------------------------------------------
[2021-01-21 23:29:44,437] {taskinstance.py:1038} INFO - Executing <Task(PythonOperator): processing_tasks.training_model_a> on 2021-01-21T23:29:35.791926+00:00
[2021-01-21 23:29:44,439] {standard_task_runner.py:51} INFO - Started process 634798 to run task
[2021-01-21 23:29:44,469] {standard_task_runner.py:75} INFO - Running: ['airflow', 'tasks', 'run', 'xcom_dag', 'processing_tasks.training_model_a', '2021-01-21T23:29:35.791926+00:00', '--job-id', '127', '--pool', 'default_pool', '--raw', '--subdir', 'DAGS_FOLDER/xcom_dag.py', '--cfg-path', '/tmp/tmprlqjc_55']
[2021-01-21 23:29:44,470] {standard_task_runner.py:76} INFO - Job 127: Subtask processing_tasks.training_model_a
[2021-01-21 23:29:44,908] {logging_mixin.py:103} INFO - Running <TaskInstance: xcom_dag.processing_tasks.training_model_a 2021-01-21T23:29:35.791926+00:00 [running]> on host ip-172-31-18-6.ap-south-1.compute.internal
[2021-01-21 23:29:45,275] {taskinstance.py:1232} INFO - Exporting the following env vars:
AIRFLOW_CTX_DAG_OWNER=airflow
AIRFLOW_CTX_DAG_ID=xcom_dag
AIRFLOW_CTX_TASK_ID=processing_tasks.training_model_a
AIRFLOW_CTX_EXECUTION_DATE=2021-01-21T23:29:35.791926+00:00
AIRFLOW_CTX_DAG_RUN_ID=manual__2021-01-21T23:29:35.791926+00:00
[2021-01-21 23:29:45,276] {logging_mixin.py:103} INFO - model's accuracy: 5.113639753344593
[2021-01-21 23:29:45,405] {python.py:118} INFO - Done. Returned value was: None
[2021-01-21 23:29:45,495] {taskinstance.py:1142} INFO - Marking task as SUCCESS. dag_id=xcom_dag, task_id=processing_tasks.training_model_a, execution_date=20210121T232935, start_date=20210121T232944, end_date=20210121T232945
[2021-01-21 23:29:45,645] {taskinstance.py:1195} INFO - 0 downstream tasks scheduled from follow-on schedule check
[2021-01-21 23:29:45,649] {local_task_job.py:118} INFO - Task exited with return code 0
