[2021-01-21 22:45:05,652] {taskinstance.py:826} INFO - Dependencies all met for <TaskInstance: xcom_dag.processing_tasks.training_model_a 2021-01-21T22:45:01.197369+00:00 [queued]>
[2021-01-21 22:45:05,680] {taskinstance.py:826} INFO - Dependencies all met for <TaskInstance: xcom_dag.processing_tasks.training_model_a 2021-01-21T22:45:01.197369+00:00 [queued]>
[2021-01-21 22:45:05,680] {taskinstance.py:1017} INFO - 
--------------------------------------------------------------------------------
[2021-01-21 22:45:05,680] {taskinstance.py:1018} INFO - Starting attempt 1 of 1
[2021-01-21 22:45:05,680] {taskinstance.py:1019} INFO - 
--------------------------------------------------------------------------------
[2021-01-21 22:45:05,688] {taskinstance.py:1038} INFO - Executing <Task(PythonOperator): processing_tasks.training_model_a> on 2021-01-21T22:45:01.197369+00:00
[2021-01-21 22:45:05,690] {standard_task_runner.py:51} INFO - Started process 324870 to run task
[2021-01-21 22:45:05,695] {standard_task_runner.py:75} INFO - Running: ['airflow', 'tasks', 'run', 'xcom_dag', 'processing_tasks.training_model_a', '2021-01-21T22:45:01.197369+00:00', '--job-id', '51', '--pool', 'default_pool', '--raw', '--subdir', 'DAGS_FOLDER/xcom_dag.py', '--cfg-path', '/tmp/tmptnupxcgc']
[2021-01-21 22:45:05,696] {standard_task_runner.py:76} INFO - Job 51: Subtask processing_tasks.training_model_a
[2021-01-21 22:45:05,767] {logging_mixin.py:103} INFO - Running <TaskInstance: xcom_dag.processing_tasks.training_model_a 2021-01-21T22:45:01.197369+00:00 [running]> on host ip-172-31-18-6.ap-south-1.compute.internal
[2021-01-21 22:45:05,848] {taskinstance.py:1232} INFO - Exporting the following env vars:
AIRFLOW_CTX_DAG_OWNER=airflow
AIRFLOW_CTX_DAG_ID=xcom_dag
AIRFLOW_CTX_TASK_ID=processing_tasks.training_model_a
AIRFLOW_CTX_EXECUTION_DATE=2021-01-21T22:45:01.197369+00:00
AIRFLOW_CTX_DAG_RUN_ID=manual__2021-01-21T22:45:01.197369+00:00
[2021-01-21 22:45:05,849] {logging_mixin.py:103} INFO - model's accuracy: 0.4515148121156394
[2021-01-21 22:45:05,875] {python.py:118} INFO - Done. Returned value was: None
[2021-01-21 22:45:05,899] {taskinstance.py:1142} INFO - Marking task as SUCCESS. dag_id=xcom_dag, task_id=processing_tasks.training_model_a, execution_date=20210121T224501, start_date=20210121T224505, end_date=20210121T224505
[2021-01-21 22:45:05,941] {taskinstance.py:1195} INFO - 0 downstream tasks scheduled from follow-on schedule check
[2021-01-21 22:45:05,948] {local_task_job.py:118} INFO - Task exited with return code 0
