[2021-01-21 23:04:18,381] {taskinstance.py:826} INFO - Dependencies all met for <TaskInstance: xcom_dag.task_4 2021-01-21T23:04:12.115199+00:00 [queued]>
[2021-01-21 23:04:18,399] {taskinstance.py:826} INFO - Dependencies all met for <TaskInstance: xcom_dag.task_4 2021-01-21T23:04:12.115199+00:00 [queued]>
[2021-01-21 23:04:18,399] {taskinstance.py:1017} INFO - 
--------------------------------------------------------------------------------
[2021-01-21 23:04:18,399] {taskinstance.py:1018} INFO - Starting attempt 1 of 1
[2021-01-21 23:04:18,399] {taskinstance.py:1019} INFO - 
--------------------------------------------------------------------------------
[2021-01-21 23:04:18,409] {taskinstance.py:1038} INFO - Executing <Task(BranchPythonOperator): task_4> on 2021-01-21T23:04:12.115199+00:00
[2021-01-21 23:04:18,411] {standard_task_runner.py:51} INFO - Started process 456181 to run task
[2021-01-21 23:04:18,415] {standard_task_runner.py:75} INFO - Running: ['airflow', 'tasks', 'run', 'xcom_dag', 'task_4', '2021-01-21T23:04:12.115199+00:00', '--job-id', '85', '--pool', 'default_pool', '--raw', '--subdir', 'DAGS_FOLDER/xcom_dag.py', '--cfg-path', '/tmp/tmpgsumhvb2']
[2021-01-21 23:04:18,415] {standard_task_runner.py:76} INFO - Job 85: Subtask task_4
[2021-01-21 23:04:18,465] {logging_mixin.py:103} INFO - Running <TaskInstance: xcom_dag.task_4 2021-01-21T23:04:12.115199+00:00 [running]> on host ip-172-31-18-6.ap-south-1.compute.internal
[2021-01-21 23:04:18,515] {taskinstance.py:1232} INFO - Exporting the following env vars:
AIRFLOW_CTX_DAG_OWNER=airflow
AIRFLOW_CTX_DAG_ID=xcom_dag
AIRFLOW_CTX_TASK_ID=task_4
AIRFLOW_CTX_EXECUTION_DATE=2021-01-21T23:04:12.115199+00:00
AIRFLOW_CTX_DAG_RUN_ID=manual__2021-01-21T23:04:12.115199+00:00
[2021-01-21 23:04:18,516] {logging_mixin.py:103} INFO - choose best model
[2021-01-21 23:04:18,528] {python.py:118} INFO - Done. Returned value was: inaccurate
[2021-01-21 23:04:18,528] {skipmixin.py:124} INFO - Following branch inaccurate
[2021-01-21 23:04:18,537] {skipmixin.py:155} INFO - Skipping tasks ['accurate']
[2021-01-21 23:04:18,591] {taskinstance.py:1142} INFO - Marking task as SUCCESS. dag_id=xcom_dag, task_id=task_4, execution_date=20210121T230412, start_date=20210121T230418, end_date=20210121T230418
[2021-01-21 23:04:18,621] {taskinstance.py:1195} INFO - 1 downstream tasks scheduled from follow-on schedule check
[2021-01-21 23:04:18,628] {local_task_job.py:118} INFO - Task exited with return code 0
