[2021-01-21 22:36:02,490] {taskinstance.py:826} INFO - Dependencies all met for <TaskInstance: xcom_dag.processing_tasks.training_model_a 2021-01-21T22:35:57.726015+00:00 [queued]>
[2021-01-21 22:36:02,513] {taskinstance.py:826} INFO - Dependencies all met for <TaskInstance: xcom_dag.processing_tasks.training_model_a 2021-01-21T22:35:57.726015+00:00 [queued]>
[2021-01-21 22:36:02,513] {taskinstance.py:1017} INFO - 
--------------------------------------------------------------------------------
[2021-01-21 22:36:02,513] {taskinstance.py:1018} INFO - Starting attempt 1 of 1
[2021-01-21 22:36:02,513] {taskinstance.py:1019} INFO - 
--------------------------------------------------------------------------------
[2021-01-21 22:36:02,536] {taskinstance.py:1038} INFO - Executing <Task(PythonOperator): processing_tasks.training_model_a> on 2021-01-21T22:35:57.726015+00:00
[2021-01-21 22:36:02,540] {standard_task_runner.py:51} INFO - Started process 260559 to run task
[2021-01-21 22:36:02,545] {standard_task_runner.py:75} INFO - Running: ['airflow', 'tasks', 'run', 'xcom_dag', 'processing_tasks.training_model_a', '2021-01-21T22:35:57.726015+00:00', '--job-id', '38', '--pool', 'default_pool', '--raw', '--subdir', 'DAGS_FOLDER/xcom_dag.py', '--cfg-path', '/tmp/tmp3bwmbokw']
[2021-01-21 22:36:02,546] {standard_task_runner.py:76} INFO - Job 38: Subtask processing_tasks.training_model_a
[2021-01-21 22:36:02,638] {logging_mixin.py:103} INFO - Running <TaskInstance: xcom_dag.processing_tasks.training_model_a 2021-01-21T22:35:57.726015+00:00 [running]> on host ip-172-31-18-6.ap-south-1.compute.internal
[2021-01-21 22:36:02,699] {taskinstance.py:1232} INFO - Exporting the following env vars:
AIRFLOW_CTX_DAG_OWNER=airflow
AIRFLOW_CTX_DAG_ID=xcom_dag
AIRFLOW_CTX_TASK_ID=processing_tasks.training_model_a
AIRFLOW_CTX_EXECUTION_DATE=2021-01-21T22:35:57.726015+00:00
AIRFLOW_CTX_DAG_RUN_ID=manual__2021-01-21T22:35:57.726015+00:00
[2021-01-21 22:36:02,702] {logging_mixin.py:103} INFO - model's accuracy: 0.195182902259755
[2021-01-21 22:36:02,702] {python.py:118} INFO - Done. Returned value was: 0.195182902259755
[2021-01-21 22:36:02,757] {taskinstance.py:1142} INFO - Marking task as SUCCESS. dag_id=xcom_dag, task_id=processing_tasks.training_model_a, execution_date=20210121T223557, start_date=20210121T223602, end_date=20210121T223602
[2021-01-21 22:36:02,799] {taskinstance.py:1195} INFO - 1 downstream tasks scheduled from follow-on schedule check
[2021-01-21 22:36:02,838] {local_task_job.py:118} INFO - Task exited with return code 0
