[2021-01-21 23:29:15,261] {taskinstance.py:826} INFO - Dependencies all met for <TaskInstance: xcom_dag.task_4 2021-01-21T23:29:05.026259+00:00 [queued]>
[2021-01-21 23:29:15,313] {taskinstance.py:826} INFO - Dependencies all met for <TaskInstance: xcom_dag.task_4 2021-01-21T23:29:05.026259+00:00 [queued]>
[2021-01-21 23:29:15,313] {taskinstance.py:1017} INFO - 
--------------------------------------------------------------------------------
[2021-01-21 23:29:15,313] {taskinstance.py:1018} INFO - Starting attempt 1 of 1
[2021-01-21 23:29:15,313] {taskinstance.py:1019} INFO - 
--------------------------------------------------------------------------------
[2021-01-21 23:29:15,341] {taskinstance.py:1038} INFO - Executing <Task(BranchPythonOperator): task_4> on 2021-01-21T23:29:05.026259+00:00
[2021-01-21 23:29:15,355] {standard_task_runner.py:51} INFO - Started process 633726 to run task
[2021-01-21 23:29:15,376] {standard_task_runner.py:75} INFO - Running: ['airflow', 'tasks', 'run', 'xcom_dag', 'task_4', '2021-01-21T23:29:05.026259+00:00', '--job-id', '123', '--pool', 'default_pool', '--raw', '--subdir', 'DAGS_FOLDER/xcom_dag.py', '--cfg-path', '/tmp/tmpl357jkui']
[2021-01-21 23:29:15,376] {standard_task_runner.py:76} INFO - Job 123: Subtask task_4
[2021-01-21 23:29:15,535] {logging_mixin.py:103} INFO - Running <TaskInstance: xcom_dag.task_4 2021-01-21T23:29:05.026259+00:00 [running]> on host ip-172-31-18-6.ap-south-1.compute.internal
[2021-01-21 23:29:15,815] {taskinstance.py:1232} INFO - Exporting the following env vars:
AIRFLOW_CTX_DAG_OWNER=airflow
AIRFLOW_CTX_DAG_ID=xcom_dag
AIRFLOW_CTX_TASK_ID=task_4
AIRFLOW_CTX_EXECUTION_DATE=2021-01-21T23:29:05.026259+00:00
AIRFLOW_CTX_DAG_RUN_ID=manual__2021-01-21T23:29:05.026259+00:00
[2021-01-21 23:29:15,830] {logging_mixin.py:103} INFO - choose best model
[2021-01-21 23:29:15,897] {python.py:118} INFO - Done. Returned value was: accurate
[2021-01-21 23:29:15,897] {skipmixin.py:124} INFO - Following branch accurate
[2021-01-21 23:29:15,931] {skipmixin.py:155} INFO - Skipping tasks ['inaccurate']
[2021-01-21 23:29:16,210] {taskinstance.py:1142} INFO - Marking task as SUCCESS. dag_id=xcom_dag, task_id=task_4, execution_date=20210121T232905, start_date=20210121T232915, end_date=20210121T232916
[2021-01-21 23:29:16,323] {taskinstance.py:1195} INFO - 1 downstream tasks scheduled from follow-on schedule check
[2021-01-21 23:29:16,360] {local_task_job.py:118} INFO - Task exited with return code 0
