[2021-01-21 23:05:17,830] {taskinstance.py:826} INFO - Dependencies all met for <TaskInstance: xcom_dag.task_4 2021-01-21T23:05:11.638747+00:00 [queued]>
[2021-01-21 23:05:17,850] {taskinstance.py:826} INFO - Dependencies all met for <TaskInstance: xcom_dag.task_4 2021-01-21T23:05:11.638747+00:00 [queued]>
[2021-01-21 23:05:17,850] {taskinstance.py:1017} INFO - 
--------------------------------------------------------------------------------
[2021-01-21 23:05:17,850] {taskinstance.py:1018} INFO - Starting attempt 1 of 1
[2021-01-21 23:05:17,850] {taskinstance.py:1019} INFO - 
--------------------------------------------------------------------------------
[2021-01-21 23:05:17,858] {taskinstance.py:1038} INFO - Executing <Task(BranchPythonOperator): task_4> on 2021-01-21T23:05:11.638747+00:00
[2021-01-21 23:05:17,861] {standard_task_runner.py:51} INFO - Started process 463455 to run task
[2021-01-21 23:05:17,865] {standard_task_runner.py:75} INFO - Running: ['airflow', 'tasks', 'run', 'xcom_dag', 'task_4', '2021-01-21T23:05:11.638747+00:00', '--job-id', '90', '--pool', 'default_pool', '--raw', '--subdir', 'DAGS_FOLDER/xcom_dag.py', '--cfg-path', '/tmp/tmpg1botm62']
[2021-01-21 23:05:17,865] {standard_task_runner.py:76} INFO - Job 90: Subtask task_4
[2021-01-21 23:05:17,910] {logging_mixin.py:103} INFO - Running <TaskInstance: xcom_dag.task_4 2021-01-21T23:05:11.638747+00:00 [running]> on host ip-172-31-18-6.ap-south-1.compute.internal
[2021-01-21 23:05:17,959] {taskinstance.py:1232} INFO - Exporting the following env vars:
AIRFLOW_CTX_DAG_OWNER=airflow
AIRFLOW_CTX_DAG_ID=xcom_dag
AIRFLOW_CTX_TASK_ID=task_4
AIRFLOW_CTX_EXECUTION_DATE=2021-01-21T23:05:11.638747+00:00
AIRFLOW_CTX_DAG_RUN_ID=manual__2021-01-21T23:05:11.638747+00:00
[2021-01-21 23:05:17,959] {logging_mixin.py:103} INFO - choose best model
[2021-01-21 23:05:17,971] {python.py:118} INFO - Done. Returned value was: ['accurate', 'inaccurate']
[2021-01-21 23:05:17,971] {skipmixin.py:124} INFO - Following branch ['accurate', 'inaccurate']
[2021-01-21 23:05:17,980] {skipmixin.py:155} INFO - Skipping tasks []
[2021-01-21 23:05:18,043] {taskinstance.py:1142} INFO - Marking task as SUCCESS. dag_id=xcom_dag, task_id=task_4, execution_date=20210121T230511, start_date=20210121T230517, end_date=20210121T230518
[2021-01-21 23:05:18,084] {taskinstance.py:1195} INFO - 2 downstream tasks scheduled from follow-on schedule check
[2021-01-21 23:05:18,117] {local_task_job.py:118} INFO - Task exited with return code 0
