[2021-01-21 22:05:26,475] {taskinstance.py:826} INFO - Dependencies all met for <TaskInstance: parallel_dag.processing_task.task_3 2021-01-20T00:00:00+00:00 [queued]>
[2021-01-21 22:05:26,494] {taskinstance.py:826} INFO - Dependencies all met for <TaskInstance: parallel_dag.processing_task.task_3 2021-01-20T00:00:00+00:00 [queued]>
[2021-01-21 22:05:26,494] {taskinstance.py:1017} INFO - 
--------------------------------------------------------------------------------
[2021-01-21 22:05:26,494] {taskinstance.py:1018} INFO - Starting attempt 1 of 1
[2021-01-21 22:05:26,495] {taskinstance.py:1019} INFO - 
--------------------------------------------------------------------------------
[2021-01-21 22:05:26,508] {taskinstance.py:1038} INFO - Executing <Task(BashOperator): task_3> on 2021-01-20T00:00:00+00:00
[2021-01-21 22:05:26,511] {standard_task_runner.py:51} INFO - Started process 37061 to run task
[2021-01-21 22:05:26,521] {standard_task_runner.py:75} INFO - Running: ['airflow', 'tasks', 'run', 'parallel_dag.processing_task', 'task_3', '2021-01-20T00:00:00+00:00', '--job-id', '18', '--pool', 'default_pool', '--raw', '--subdir', 'DAGS_FOLDER/parallel_dags.py', '--cfg-path', '/tmp/tmpo_n3szud']
[2021-01-21 22:05:26,522] {standard_task_runner.py:76} INFO - Job 18: Subtask task_3
[2021-01-21 22:05:26,586] {logging_mixin.py:103} INFO - Running <TaskInstance: parallel_dag.processing_task.task_3 2021-01-20T00:00:00+00:00 [running]> on host ip-172-31-18-6.ap-south-1.compute.internal
[2021-01-21 22:05:26,659] {taskinstance.py:1232} INFO - Exporting the following env vars:
AIRFLOW_CTX_DAG_OWNER=airflow
AIRFLOW_CTX_DAG_ID=parallel_dag.processing_task
AIRFLOW_CTX_TASK_ID=task_3
AIRFLOW_CTX_EXECUTION_DATE=2021-01-20T00:00:00+00:00
AIRFLOW_CTX_DAG_RUN_ID=scheduled__2021-01-20T00:00:00+00:00
[2021-01-21 22:05:26,659] {bash.py:135} INFO - Tmp dir root location: 
 /tmp
[2021-01-21 22:05:26,660] {bash.py:158} INFO - Running command: sleep 3
[2021-01-21 22:05:26,669] {bash.py:169} INFO - Output:
[2021-01-21 22:05:29,669] {bash.py:177} INFO - Command exited with return code 0
[2021-01-21 22:05:29,711] {taskinstance.py:1142} INFO - Marking task as SUCCESS. dag_id=parallel_dag.processing_task, task_id=task_3, execution_date=20210120T000000, start_date=20210121T220526, end_date=20210121T220529
[2021-01-21 22:05:29,751] {taskinstance.py:1195} INFO - 0 downstream tasks scheduled from follow-on schedule check
[2021-01-21 22:05:29,788] {local_task_job.py:118} INFO - Task exited with return code 0
