[2021-01-21 23:06:53,553] {taskinstance.py:826} INFO - Dependencies all met for <TaskInstance: xcom_dag.processing_tasks.training_model_b 2021-01-21T23:06:48.835565+00:00 [queued]>
[2021-01-21 23:06:53,578] {taskinstance.py:826} INFO - Dependencies all met for <TaskInstance: xcom_dag.processing_tasks.training_model_b 2021-01-21T23:06:48.835565+00:00 [queued]>
[2021-01-21 23:06:53,578] {taskinstance.py:1017} INFO - 
--------------------------------------------------------------------------------
[2021-01-21 23:06:53,578] {taskinstance.py:1018} INFO - Starting attempt 1 of 1
[2021-01-21 23:06:53,578] {taskinstance.py:1019} INFO - 
--------------------------------------------------------------------------------
[2021-01-21 23:06:53,593] {taskinstance.py:1038} INFO - Executing <Task(PythonOperator): processing_tasks.training_model_b> on 2021-01-21T23:06:48.835565+00:00
[2021-01-21 23:06:53,595] {standard_task_runner.py:51} INFO - Started process 475526 to run task
[2021-01-21 23:06:53,602] {standard_task_runner.py:75} INFO - Running: ['airflow', 'tasks', 'run', 'xcom_dag', 'processing_tasks.training_model_b', '2021-01-21T23:06:48.835565+00:00', '--job-id', '92', '--pool', 'default_pool', '--raw', '--subdir', 'DAGS_FOLDER/xcom_dag.py', '--cfg-path', '/tmp/tmpiyr79uau']
[2021-01-21 23:06:53,603] {standard_task_runner.py:76} INFO - Job 92: Subtask processing_tasks.training_model_b
[2021-01-21 23:06:53,674] {logging_mixin.py:103} INFO - Running <TaskInstance: xcom_dag.processing_tasks.training_model_b 2021-01-21T23:06:48.835565+00:00 [running]> on host ip-172-31-18-6.ap-south-1.compute.internal
[2021-01-21 23:06:53,746] {taskinstance.py:1232} INFO - Exporting the following env vars:
AIRFLOW_CTX_DAG_OWNER=airflow
AIRFLOW_CTX_DAG_ID=xcom_dag
AIRFLOW_CTX_TASK_ID=processing_tasks.training_model_b
AIRFLOW_CTX_EXECUTION_DATE=2021-01-21T23:06:48.835565+00:00
AIRFLOW_CTX_DAG_RUN_ID=manual__2021-01-21T23:06:48.835565+00:00
[2021-01-21 23:06:53,747] {logging_mixin.py:103} INFO - model's accuracy: 9.587222447326505
[2021-01-21 23:06:53,768] {python.py:118} INFO - Done. Returned value was: None
[2021-01-21 23:06:53,791] {taskinstance.py:1142} INFO - Marking task as SUCCESS. dag_id=xcom_dag, task_id=processing_tasks.training_model_b, execution_date=20210121T230648, start_date=20210121T230653, end_date=20210121T230653
[2021-01-21 23:06:53,830] {taskinstance.py:1195} INFO - 0 downstream tasks scheduled from follow-on schedule check
[2021-01-21 23:06:53,858] {local_task_job.py:118} INFO - Task exited with return code 0
