[2021-01-21 22:45:05,659] {taskinstance.py:826} INFO - Dependencies all met for <TaskInstance: xcom_dag.processing_tasks.training_model_b 2021-01-21T22:45:01.197369+00:00 [queued]>
[2021-01-21 22:45:05,676] {taskinstance.py:826} INFO - Dependencies all met for <TaskInstance: xcom_dag.processing_tasks.training_model_b 2021-01-21T22:45:01.197369+00:00 [queued]>
[2021-01-21 22:45:05,676] {taskinstance.py:1017} INFO - 
--------------------------------------------------------------------------------
[2021-01-21 22:45:05,676] {taskinstance.py:1018} INFO - Starting attempt 1 of 1
[2021-01-21 22:45:05,676] {taskinstance.py:1019} INFO - 
--------------------------------------------------------------------------------
[2021-01-21 22:45:05,687] {taskinstance.py:1038} INFO - Executing <Task(PythonOperator): processing_tasks.training_model_b> on 2021-01-21T22:45:01.197369+00:00
[2021-01-21 22:45:05,690] {standard_task_runner.py:51} INFO - Started process 324869 to run task
[2021-01-21 22:45:05,702] {standard_task_runner.py:75} INFO - Running: ['airflow', 'tasks', 'run', 'xcom_dag', 'processing_tasks.training_model_b', '2021-01-21T22:45:01.197369+00:00', '--job-id', '52', '--pool', 'default_pool', '--raw', '--subdir', 'DAGS_FOLDER/xcom_dag.py', '--cfg-path', '/tmp/tmp87zo390s']
[2021-01-21 22:45:05,703] {standard_task_runner.py:76} INFO - Job 52: Subtask processing_tasks.training_model_b
[2021-01-21 22:45:05,770] {logging_mixin.py:103} INFO - Running <TaskInstance: xcom_dag.processing_tasks.training_model_b 2021-01-21T22:45:01.197369+00:00 [running]> on host ip-172-31-18-6.ap-south-1.compute.internal
[2021-01-21 22:45:05,843] {taskinstance.py:1232} INFO - Exporting the following env vars:
AIRFLOW_CTX_DAG_OWNER=airflow
AIRFLOW_CTX_DAG_ID=xcom_dag
AIRFLOW_CTX_TASK_ID=processing_tasks.training_model_b
AIRFLOW_CTX_EXECUTION_DATE=2021-01-21T22:45:01.197369+00:00
AIRFLOW_CTX_DAG_RUN_ID=manual__2021-01-21T22:45:01.197369+00:00
[2021-01-21 22:45:05,843] {logging_mixin.py:103} INFO - model's accuracy: 4.63521320054222
[2021-01-21 22:45:05,869] {python.py:118} INFO - Done. Returned value was: None
[2021-01-21 22:45:05,886] {taskinstance.py:1142} INFO - Marking task as SUCCESS. dag_id=xcom_dag, task_id=processing_tasks.training_model_b, execution_date=20210121T224501, start_date=20210121T224505, end_date=20210121T224505
[2021-01-21 22:45:05,926] {taskinstance.py:1195} INFO - 0 downstream tasks scheduled from follow-on schedule check
[2021-01-21 22:45:05,946] {local_task_job.py:118} INFO - Task exited with return code 0
