[2021-01-21 22:10:28,233] {taskinstance.py:826} INFO - Dependencies all met for <TaskInstance: parallel_dag.processing_task.task_2 2021-01-21T22:10:23.461232+00:00 [queued]>
[2021-01-21 22:10:28,249] {taskinstance.py:826} INFO - Dependencies all met for <TaskInstance: parallel_dag.processing_task.task_2 2021-01-21T22:10:23.461232+00:00 [queued]>
[2021-01-21 22:10:28,250] {taskinstance.py:1017} INFO - 
--------------------------------------------------------------------------------
[2021-01-21 22:10:28,250] {taskinstance.py:1018} INFO - Starting attempt 1 of 1
[2021-01-21 22:10:28,251] {taskinstance.py:1019} INFO - 
--------------------------------------------------------------------------------
[2021-01-21 22:10:28,276] {taskinstance.py:1038} INFO - Executing <Task(BashOperator): processing_task.task_2> on 2021-01-21T22:10:23.461232+00:00
[2021-01-21 22:10:28,278] {standard_task_runner.py:51} INFO - Started process 73719 to run task
[2021-01-21 22:10:28,283] {standard_task_runner.py:75} INFO - Running: ['airflow', 'tasks', 'run', 'parallel_dag', 'processing_task.task_2', '2021-01-21T22:10:23.461232+00:00', '--job-id', '22', '--pool', 'default_pool', '--raw', '--subdir', 'DAGS_FOLDER/parallel_dags.py', '--cfg-path', '/tmp/tmp0stkend2']
[2021-01-21 22:10:28,283] {standard_task_runner.py:76} INFO - Job 22: Subtask processing_task.task_2
[2021-01-21 22:10:28,355] {logging_mixin.py:103} INFO - Running <TaskInstance: parallel_dag.processing_task.task_2 2021-01-21T22:10:23.461232+00:00 [running]> on host ip-172-31-18-6.ap-south-1.compute.internal
[2021-01-21 22:10:28,422] {taskinstance.py:1232} INFO - Exporting the following env vars:
AIRFLOW_CTX_DAG_OWNER=airflow
AIRFLOW_CTX_DAG_ID=parallel_dag
AIRFLOW_CTX_TASK_ID=processing_task.task_2
AIRFLOW_CTX_EXECUTION_DATE=2021-01-21T22:10:23.461232+00:00
AIRFLOW_CTX_DAG_RUN_ID=manual__2021-01-21T22:10:23.461232+00:00
[2021-01-21 22:10:28,423] {bash.py:135} INFO - Tmp dir root location: 
 /tmp
[2021-01-21 22:10:28,424] {bash.py:158} INFO - Running command: sleep 3
[2021-01-21 22:10:28,437] {bash.py:169} INFO - Output:
[2021-01-21 22:10:31,437] {bash.py:177} INFO - Command exited with return code 0
[2021-01-21 22:10:31,475] {taskinstance.py:1142} INFO - Marking task as SUCCESS. dag_id=parallel_dag, task_id=processing_task.task_2, execution_date=20210121T221023, start_date=20210121T221028, end_date=20210121T221031
[2021-01-21 22:10:31,515] {taskinstance.py:1195} INFO - 0 downstream tasks scheduled from follow-on schedule check
[2021-01-21 22:10:31,546] {local_task_job.py:118} INFO - Task exited with return code 0
