[2021-01-21 22:36:02,478] {taskinstance.py:826} INFO - Dependencies all met for <TaskInstance: xcom_dag.processing_tasks.training_model_b 2021-01-21T22:35:57.726015+00:00 [queued]>
[2021-01-21 22:36:02,507] {taskinstance.py:826} INFO - Dependencies all met for <TaskInstance: xcom_dag.processing_tasks.training_model_b 2021-01-21T22:35:57.726015+00:00 [queued]>
[2021-01-21 22:36:02,507] {taskinstance.py:1017} INFO - 
--------------------------------------------------------------------------------
[2021-01-21 22:36:02,507] {taskinstance.py:1018} INFO - Starting attempt 1 of 1
[2021-01-21 22:36:02,508] {taskinstance.py:1019} INFO - 
--------------------------------------------------------------------------------
[2021-01-21 22:36:02,524] {taskinstance.py:1038} INFO - Executing <Task(PythonOperator): processing_tasks.training_model_b> on 2021-01-21T22:35:57.726015+00:00
[2021-01-21 22:36:02,526] {standard_task_runner.py:51} INFO - Started process 260554 to run task
[2021-01-21 22:36:02,531] {standard_task_runner.py:75} INFO - Running: ['airflow', 'tasks', 'run', 'xcom_dag', 'processing_tasks.training_model_b', '2021-01-21T22:35:57.726015+00:00', '--job-id', '39', '--pool', 'default_pool', '--raw', '--subdir', 'DAGS_FOLDER/xcom_dag.py', '--cfg-path', '/tmp/tmp0ahntjv_']
[2021-01-21 22:36:02,532] {standard_task_runner.py:76} INFO - Job 39: Subtask processing_tasks.training_model_b
[2021-01-21 22:36:02,600] {logging_mixin.py:103} INFO - Running <TaskInstance: xcom_dag.processing_tasks.training_model_b 2021-01-21T22:35:57.726015+00:00 [running]> on host ip-172-31-18-6.ap-south-1.compute.internal
[2021-01-21 22:36:02,677] {taskinstance.py:1232} INFO - Exporting the following env vars:
AIRFLOW_CTX_DAG_OWNER=airflow
AIRFLOW_CTX_DAG_ID=xcom_dag
AIRFLOW_CTX_TASK_ID=processing_tasks.training_model_b
AIRFLOW_CTX_EXECUTION_DATE=2021-01-21T22:35:57.726015+00:00
AIRFLOW_CTX_DAG_RUN_ID=manual__2021-01-21T22:35:57.726015+00:00
[2021-01-21 22:36:02,677] {logging_mixin.py:103} INFO - model's accuracy: 3.1537511232990525
[2021-01-21 22:36:02,677] {python.py:118} INFO - Done. Returned value was: 3.1537511232990525
[2021-01-21 22:36:02,727] {taskinstance.py:1142} INFO - Marking task as SUCCESS. dag_id=xcom_dag, task_id=processing_tasks.training_model_b, execution_date=20210121T223557, start_date=20210121T223602, end_date=20210121T223602
[2021-01-21 22:36:02,761] {taskinstance.py:1195} INFO - 0 downstream tasks scheduled from follow-on schedule check
[2021-01-21 22:36:02,797] {local_task_job.py:118} INFO - Task exited with return code 0
