[2021-01-21 23:29:43,662] {taskinstance.py:826} INFO - Dependencies all met for <TaskInstance: xcom_dag.processing_tasks.training_model_b 2021-01-21T23:29:35.791926+00:00 [queued]>
[2021-01-21 23:29:43,823] {taskinstance.py:826} INFO - Dependencies all met for <TaskInstance: xcom_dag.processing_tasks.training_model_b 2021-01-21T23:29:35.791926+00:00 [queued]>
[2021-01-21 23:29:43,823] {taskinstance.py:1017} INFO - 
--------------------------------------------------------------------------------
[2021-01-21 23:29:43,823] {taskinstance.py:1018} INFO - Starting attempt 1 of 1
[2021-01-21 23:29:43,823] {taskinstance.py:1019} INFO - 
--------------------------------------------------------------------------------
[2021-01-21 23:29:43,903] {taskinstance.py:1038} INFO - Executing <Task(PythonOperator): processing_tasks.training_model_b> on 2021-01-21T23:29:35.791926+00:00
[2021-01-21 23:29:43,922] {standard_task_runner.py:51} INFO - Started process 634771 to run task
[2021-01-21 23:29:43,957] {standard_task_runner.py:75} INFO - Running: ['airflow', 'tasks', 'run', 'xcom_dag', 'processing_tasks.training_model_b', '2021-01-21T23:29:35.791926+00:00', '--job-id', '125', '--pool', 'default_pool', '--raw', '--subdir', 'DAGS_FOLDER/xcom_dag.py', '--cfg-path', '/tmp/tmpmq1agapf']
[2021-01-21 23:29:43,971] {standard_task_runner.py:76} INFO - Job 125: Subtask processing_tasks.training_model_b
[2021-01-21 23:29:44,265] {logging_mixin.py:103} INFO - Running <TaskInstance: xcom_dag.processing_tasks.training_model_b 2021-01-21T23:29:35.791926+00:00 [running]> on host ip-172-31-18-6.ap-south-1.compute.internal
[2021-01-21 23:29:44,717] {taskinstance.py:1232} INFO - Exporting the following env vars:
AIRFLOW_CTX_DAG_OWNER=airflow
AIRFLOW_CTX_DAG_ID=xcom_dag
AIRFLOW_CTX_TASK_ID=processing_tasks.training_model_b
AIRFLOW_CTX_EXECUTION_DATE=2021-01-21T23:29:35.791926+00:00
AIRFLOW_CTX_DAG_RUN_ID=manual__2021-01-21T23:29:35.791926+00:00
[2021-01-21 23:29:44,718] {logging_mixin.py:103} INFO - model's accuracy: 3.3426646274106955
[2021-01-21 23:29:44,952] {python.py:118} INFO - Done. Returned value was: None
[2021-01-21 23:29:45,008] {taskinstance.py:1142} INFO - Marking task as SUCCESS. dag_id=xcom_dag, task_id=processing_tasks.training_model_b, execution_date=20210121T232935, start_date=20210121T232943, end_date=20210121T232945
[2021-01-21 23:29:45,198] {taskinstance.py:1195} INFO - 0 downstream tasks scheduled from follow-on schedule check
[2021-01-21 23:29:45,268] {local_task_job.py:118} INFO - Task exited with return code 0
