[2021-01-21 23:27:20,014] {taskinstance.py:826} INFO - Dependencies all met for <TaskInstance: xcom_dag.processing_tasks.training_model_b 2021-01-21T23:25:39.230199+00:00 [queued]>
[2021-01-21 23:27:20,033] {taskinstance.py:826} INFO - Dependencies all met for <TaskInstance: xcom_dag.processing_tasks.training_model_b 2021-01-21T23:25:39.230199+00:00 [queued]>
[2021-01-21 23:27:20,034] {taskinstance.py:1017} INFO - 
--------------------------------------------------------------------------------
[2021-01-21 23:27:20,034] {taskinstance.py:1018} INFO - Starting attempt 1 of 1
[2021-01-21 23:27:20,034] {taskinstance.py:1019} INFO - 
--------------------------------------------------------------------------------
[2021-01-21 23:27:20,050] {taskinstance.py:1038} INFO - Executing <Task(PythonOperator): processing_tasks.training_model_b> on 2021-01-21T23:25:39.230199+00:00
[2021-01-21 23:27:20,053] {standard_task_runner.py:51} INFO - Started process 626673 to run task
[2021-01-21 23:27:20,069] {standard_task_runner.py:75} INFO - Running: ['airflow', 'tasks', 'run', 'xcom_dag', 'processing_tasks.training_model_b', '2021-01-21T23:25:39.230199+00:00', '--job-id', '115', '--pool', 'default_pool', '--raw', '--subdir', 'DAGS_FOLDER/xcom_dag.py', '--cfg-path', '/tmp/tmp6idexfdj']
[2021-01-21 23:27:20,075] {standard_task_runner.py:76} INFO - Job 115: Subtask processing_tasks.training_model_b
[2021-01-21 23:27:20,152] {logging_mixin.py:103} INFO - Running <TaskInstance: xcom_dag.processing_tasks.training_model_b 2021-01-21T23:25:39.230199+00:00 [running]> on host ip-172-31-18-6.ap-south-1.compute.internal
[2021-01-21 23:27:20,237] {taskinstance.py:1232} INFO - Exporting the following env vars:
AIRFLOW_CTX_DAG_OWNER=airflow
AIRFLOW_CTX_DAG_ID=xcom_dag
AIRFLOW_CTX_TASK_ID=processing_tasks.training_model_b
AIRFLOW_CTX_EXECUTION_DATE=2021-01-21T23:25:39.230199+00:00
AIRFLOW_CTX_DAG_RUN_ID=manual__2021-01-21T23:25:39.230199+00:00
[2021-01-21 23:27:20,238] {logging_mixin.py:103} INFO - model's accuracy: 2.139211479870077
[2021-01-21 23:27:20,281] {python.py:118} INFO - Done. Returned value was: None
[2021-01-21 23:27:20,296] {taskinstance.py:1142} INFO - Marking task as SUCCESS. dag_id=xcom_dag, task_id=processing_tasks.training_model_b, execution_date=20210121T232539, start_date=20210121T232720, end_date=20210121T232720
[2021-01-21 23:27:20,368] {taskinstance.py:1195} INFO - 0 downstream tasks scheduled from follow-on schedule check
[2021-01-21 23:27:20,393] {local_task_job.py:118} INFO - Task exited with return code 0
