[2021-01-21 22:33:56,389] {taskinstance.py:826} INFO - Dependencies all met for <TaskInstance: xcom_dag.processing_tasks.training_model_a 2021-01-20T00:00:00+00:00 [queued]>
[2021-01-21 22:33:56,408] {taskinstance.py:826} INFO - Dependencies all met for <TaskInstance: xcom_dag.processing_tasks.training_model_a 2021-01-20T00:00:00+00:00 [queued]>
[2021-01-21 22:33:56,408] {taskinstance.py:1017} INFO - 
--------------------------------------------------------------------------------
[2021-01-21 22:33:56,408] {taskinstance.py:1018} INFO - Starting attempt 1 of 1
[2021-01-21 22:33:56,408] {taskinstance.py:1019} INFO - 
--------------------------------------------------------------------------------
[2021-01-21 22:33:56,416] {taskinstance.py:1038} INFO - Executing <Task(PythonOperator): processing_tasks.training_model_a> on 2021-01-20T00:00:00+00:00
[2021-01-21 22:33:56,419] {standard_task_runner.py:51} INFO - Started process 245749 to run task
[2021-01-21 22:33:56,424] {standard_task_runner.py:75} INFO - Running: ['airflow', 'tasks', 'run', 'xcom_dag', 'processing_tasks.training_model_a', '2021-01-20T00:00:00+00:00', '--job-id', '28', '--pool', 'default_pool', '--raw', '--subdir', 'DAGS_FOLDER/xcom_dag.py', '--cfg-path', '/tmp/tmprs0br4jj']
[2021-01-21 22:33:56,424] {standard_task_runner.py:76} INFO - Job 28: Subtask processing_tasks.training_model_a
[2021-01-21 22:33:56,499] {logging_mixin.py:103} INFO - Running <TaskInstance: xcom_dag.processing_tasks.training_model_a 2021-01-20T00:00:00+00:00 [running]> on host ip-172-31-18-6.ap-south-1.compute.internal
[2021-01-21 22:33:56,580] {taskinstance.py:1232} INFO - Exporting the following env vars:
AIRFLOW_CTX_DAG_OWNER=airflow
AIRFLOW_CTX_DAG_ID=xcom_dag
AIRFLOW_CTX_TASK_ID=processing_tasks.training_model_a
AIRFLOW_CTX_EXECUTION_DATE=2021-01-20T00:00:00+00:00
AIRFLOW_CTX_DAG_RUN_ID=scheduled__2021-01-20T00:00:00+00:00
[2021-01-21 22:33:56,580] {logging_mixin.py:103} INFO - model's accuracy: 8.683954379281031
[2021-01-21 22:33:56,581] {python.py:118} INFO - Done. Returned value was: 8.683954379281031
[2021-01-21 22:33:56,613] {taskinstance.py:1142} INFO - Marking task as SUCCESS. dag_id=xcom_dag, task_id=processing_tasks.training_model_a, execution_date=20210120T000000, start_date=20210121T223356, end_date=20210121T223356
[2021-01-21 22:33:56,658] {taskinstance.py:1195} INFO - 0 downstream tasks scheduled from follow-on schedule check
[2021-01-21 22:33:56,684] {local_task_job.py:118} INFO - Task exited with return code 0
