[2021-01-21 22:40:39,686] {taskinstance.py:826} INFO - Dependencies all met for <TaskInstance: xcom_dag.processing_tasks.training_model_a 2021-01-21T22:40:35.027084+00:00 [queued]>
[2021-01-21 22:40:39,713] {taskinstance.py:826} INFO - Dependencies all met for <TaskInstance: xcom_dag.processing_tasks.training_model_a 2021-01-21T22:40:35.027084+00:00 [queued]>
[2021-01-21 22:40:39,715] {taskinstance.py:1017} INFO - 
--------------------------------------------------------------------------------
[2021-01-21 22:40:39,715] {taskinstance.py:1018} INFO - Starting attempt 1 of 1
[2021-01-21 22:40:39,715] {taskinstance.py:1019} INFO - 
--------------------------------------------------------------------------------
[2021-01-21 22:40:39,727] {taskinstance.py:1038} INFO - Executing <Task(PythonOperator): processing_tasks.training_model_a> on 2021-01-21T22:40:35.027084+00:00
[2021-01-21 22:40:39,729] {standard_task_runner.py:51} INFO - Started process 293445 to run task
[2021-01-21 22:40:39,735] {standard_task_runner.py:75} INFO - Running: ['airflow', 'tasks', 'run', 'xcom_dag', 'processing_tasks.training_model_a', '2021-01-21T22:40:35.027084+00:00', '--job-id', '46', '--pool', 'default_pool', '--raw', '--subdir', 'DAGS_FOLDER/xcom_dag.py', '--cfg-path', '/tmp/tmprc9u1xin']
[2021-01-21 22:40:39,735] {standard_task_runner.py:76} INFO - Job 46: Subtask processing_tasks.training_model_a
[2021-01-21 22:40:39,798] {logging_mixin.py:103} INFO - Running <TaskInstance: xcom_dag.processing_tasks.training_model_a 2021-01-21T22:40:35.027084+00:00 [running]> on host ip-172-31-18-6.ap-south-1.compute.internal
[2021-01-21 22:40:39,860] {taskinstance.py:1232} INFO - Exporting the following env vars:
AIRFLOW_CTX_DAG_OWNER=airflow
AIRFLOW_CTX_DAG_ID=xcom_dag
AIRFLOW_CTX_TASK_ID=processing_tasks.training_model_a
AIRFLOW_CTX_EXECUTION_DATE=2021-01-21T22:40:35.027084+00:00
AIRFLOW_CTX_DAG_RUN_ID=manual__2021-01-21T22:40:35.027084+00:00
[2021-01-21 22:40:39,861] {logging_mixin.py:103} INFO - model's accuracy: 7.465943374572105
[2021-01-21 22:40:39,880] {python.py:118} INFO - Done. Returned value was: None
[2021-01-21 22:40:39,906] {taskinstance.py:1142} INFO - Marking task as SUCCESS. dag_id=xcom_dag, task_id=processing_tasks.training_model_a, execution_date=20210121T224035, start_date=20210121T224039, end_date=20210121T224039
[2021-01-21 22:40:39,937] {taskinstance.py:1195} INFO - 0 downstream tasks scheduled from follow-on schedule check
[2021-01-21 22:40:39,948] {local_task_job.py:118} INFO - Task exited with return code 0
