[2021-01-21 22:06:26,275] {taskinstance.py:826} INFO - Dependencies all met for <TaskInstance: parallel_dag.task_4 2021-01-20T00:00:00+00:00 [queued]>
[2021-01-21 22:06:26,293] {taskinstance.py:826} INFO - Dependencies all met for <TaskInstance: parallel_dag.task_4 2021-01-20T00:00:00+00:00 [queued]>
[2021-01-21 22:06:26,294] {taskinstance.py:1017} INFO - 
--------------------------------------------------------------------------------
[2021-01-21 22:06:26,294] {taskinstance.py:1018} INFO - Starting attempt 1 of 1
[2021-01-21 22:06:26,294] {taskinstance.py:1019} INFO - 
--------------------------------------------------------------------------------
[2021-01-21 22:06:26,301] {taskinstance.py:1038} INFO - Executing <Task(BashOperator): task_4> on 2021-01-20T00:00:00+00:00
[2021-01-21 22:06:26,304] {standard_task_runner.py:51} INFO - Started process 43993 to run task
[2021-01-21 22:06:26,334] {standard_task_runner.py:75} INFO - Running: ['airflow', 'tasks', 'run', 'parallel_dag', 'task_4', '2021-01-20T00:00:00+00:00', '--job-id', '20', '--pool', 'default_pool', '--raw', '--subdir', 'DAGS_FOLDER/parallel_dags.py', '--cfg-path', '/tmp/tmpqjy5zhuf']
[2021-01-21 22:06:26,335] {standard_task_runner.py:76} INFO - Job 20: Subtask task_4
[2021-01-21 22:06:26,414] {logging_mixin.py:103} INFO - Running <TaskInstance: parallel_dag.task_4 2021-01-20T00:00:00+00:00 [running]> on host ip-172-31-18-6.ap-south-1.compute.internal
[2021-01-21 22:06:26,468] {taskinstance.py:1232} INFO - Exporting the following env vars:
AIRFLOW_CTX_DAG_OWNER=airflow
AIRFLOW_CTX_DAG_ID=parallel_dag
AIRFLOW_CTX_TASK_ID=task_4
AIRFLOW_CTX_EXECUTION_DATE=2021-01-20T00:00:00+00:00
AIRFLOW_CTX_DAG_RUN_ID=scheduled__2021-01-20T00:00:00+00:00
[2021-01-21 22:06:26,469] {bash.py:135} INFO - Tmp dir root location: 
 /tmp
[2021-01-21 22:06:26,469] {bash.py:158} INFO - Running command: sleep 3
[2021-01-21 22:06:26,475] {bash.py:169} INFO - Output:
[2021-01-21 22:06:29,477] {bash.py:177} INFO - Command exited with return code 0
[2021-01-21 22:06:29,515] {taskinstance.py:1142} INFO - Marking task as SUCCESS. dag_id=parallel_dag, task_id=task_4, execution_date=20210120T000000, start_date=20210121T220626, end_date=20210121T220629
[2021-01-21 22:06:29,545] {taskinstance.py:1195} INFO - 0 downstream tasks scheduled from follow-on schedule check
[2021-01-21 22:06:29,579] {local_task_job.py:118} INFO - Task exited with return code 0
