[2021-01-21 22:33:57,413] {taskinstance.py:826} INFO - Dependencies all met for <TaskInstance: xcom_dag.task_4 2021-01-20T00:00:00+00:00 [queued]>
[2021-01-21 22:33:57,429] {taskinstance.py:826} INFO - Dependencies all met for <TaskInstance: xcom_dag.task_4 2021-01-20T00:00:00+00:00 [queued]>
[2021-01-21 22:33:57,429] {taskinstance.py:1017} INFO - 
--------------------------------------------------------------------------------
[2021-01-21 22:33:57,429] {taskinstance.py:1018} INFO - Starting attempt 1 of 1
[2021-01-21 22:33:57,429] {taskinstance.py:1019} INFO - 
--------------------------------------------------------------------------------
[2021-01-21 22:33:57,436] {taskinstance.py:1038} INFO - Executing <Task(PythonOperator): task_4> on 2021-01-20T00:00:00+00:00
[2021-01-21 22:33:57,439] {standard_task_runner.py:51} INFO - Started process 245920 to run task
[2021-01-21 22:33:57,443] {standard_task_runner.py:75} INFO - Running: ['airflow', 'tasks', 'run', 'xcom_dag', 'task_4', '2021-01-20T00:00:00+00:00', '--job-id', '30', '--pool', 'default_pool', '--raw', '--subdir', 'DAGS_FOLDER/xcom_dag.py', '--cfg-path', '/tmp/tmpx8mp2fuu']
[2021-01-21 22:33:57,444] {standard_task_runner.py:76} INFO - Job 30: Subtask task_4
[2021-01-21 22:33:57,499] {logging_mixin.py:103} INFO - Running <TaskInstance: xcom_dag.task_4 2021-01-20T00:00:00+00:00 [running]> on host ip-172-31-18-6.ap-south-1.compute.internal
[2021-01-21 22:33:57,549] {taskinstance.py:1232} INFO - Exporting the following env vars:
AIRFLOW_CTX_DAG_OWNER=airflow
AIRFLOW_CTX_DAG_ID=xcom_dag
AIRFLOW_CTX_TASK_ID=task_4
AIRFLOW_CTX_EXECUTION_DATE=2021-01-20T00:00:00+00:00
AIRFLOW_CTX_DAG_RUN_ID=scheduled__2021-01-20T00:00:00+00:00
[2021-01-21 22:33:57,550] {logging_mixin.py:103} INFO - choose best model
[2021-01-21 22:33:57,550] {python.py:118} INFO - Done. Returned value was: None
[2021-01-21 22:33:57,561] {taskinstance.py:1142} INFO - Marking task as SUCCESS. dag_id=xcom_dag, task_id=task_4, execution_date=20210120T000000, start_date=20210121T223357, end_date=20210121T223357
[2021-01-21 22:33:57,589] {taskinstance.py:1195} INFO - 0 downstream tasks scheduled from follow-on schedule check
[2021-01-21 22:33:57,617] {local_task_job.py:118} INFO - Task exited with return code 0
