[2021-01-21 21:57:18,351] {taskinstance.py:826} INFO - Dependencies all met for <TaskInstance: parallel_dag.task_1 2021-01-20T00:00:00+00:00 [queued]>
[2021-01-21 21:57:18,357] {taskinstance.py:826} INFO - Dependencies all met for <TaskInstance: parallel_dag.task_1 2021-01-20T00:00:00+00:00 [queued]>
[2021-01-21 21:57:18,357] {taskinstance.py:1017} INFO - 
--------------------------------------------------------------------------------
[2021-01-21 21:57:18,357] {taskinstance.py:1018} INFO - Starting attempt 1 of 1
[2021-01-21 21:57:18,357] {taskinstance.py:1019} INFO - 
--------------------------------------------------------------------------------
[2021-01-21 21:57:18,366] {taskinstance.py:1038} INFO - Executing <Task(BashOperator): task_1> on 2021-01-20T00:00:00+00:00
[2021-01-21 21:57:18,367] {standard_task_runner.py:51} INFO - Started process 33475 to run task
[2021-01-21 21:57:18,371] {standard_task_runner.py:75} INFO - Running: ['airflow', 'tasks', 'run', 'parallel_dag', 'task_1', '2021-01-20T00:00:00+00:00', '--job-id', '2', '--pool', 'default_pool', '--raw', '--subdir', 'DAGS_FOLDER/parallel_dags.py', '--cfg-path', '/tmp/tmp7ztsam5l']
[2021-01-21 21:57:18,372] {standard_task_runner.py:76} INFO - Job 2: Subtask task_1
[2021-01-21 21:57:18,399] {logging_mixin.py:103} INFO - Running <TaskInstance: parallel_dag.task_1 2021-01-20T00:00:00+00:00 [running]> on host ip-172-31-18-6.ap-south-1.compute.internal
[2021-01-21 21:57:18,422] {taskinstance.py:1232} INFO - Exporting the following env vars:
AIRFLOW_CTX_DAG_OWNER=airflow
AIRFLOW_CTX_DAG_ID=parallel_dag
AIRFLOW_CTX_TASK_ID=task_1
AIRFLOW_CTX_EXECUTION_DATE=2021-01-20T00:00:00+00:00
AIRFLOW_CTX_DAG_RUN_ID=scheduled__2021-01-20T00:00:00+00:00
[2021-01-21 21:57:18,422] {bash.py:135} INFO - Tmp dir root location: 
 /tmp
[2021-01-21 21:57:18,423] {bash.py:158} INFO - Running command: sleep 3
[2021-01-21 21:57:18,427] {bash.py:169} INFO - Output:
[2021-01-21 21:57:21,429] {bash.py:177} INFO - Command exited with return code 0
[2021-01-21 21:57:21,444] {taskinstance.py:1142} INFO - Marking task as SUCCESS. dag_id=parallel_dag, task_id=task_1, execution_date=20210120T000000, start_date=20210121T215718, end_date=20210121T215721
[2021-01-21 21:57:21,463] {taskinstance.py:1195} INFO - 1 downstream tasks scheduled from follow-on schedule check
[2021-01-21 21:57:21,474] {local_task_job.py:118} INFO - Task exited with return code 0
[2021-01-21 22:05:20,530] {taskinstance.py:826} INFO - Dependencies all met for <TaskInstance: parallel_dag.task_1 2021-01-20T00:00:00+00:00 [queued]>
[2021-01-21 22:05:20,545] {taskinstance.py:826} INFO - Dependencies all met for <TaskInstance: parallel_dag.task_1 2021-01-20T00:00:00+00:00 [queued]>
[2021-01-21 22:05:20,545] {taskinstance.py:1017} INFO - 
--------------------------------------------------------------------------------
[2021-01-21 22:05:20,545] {taskinstance.py:1018} INFO - Starting attempt 1 of 1
[2021-01-21 22:05:20,545] {taskinstance.py:1019} INFO - 
--------------------------------------------------------------------------------
[2021-01-21 22:05:20,553] {taskinstance.py:1038} INFO - Executing <Task(BashOperator): task_1> on 2021-01-20T00:00:00+00:00
[2021-01-21 22:05:20,556] {standard_task_runner.py:51} INFO - Started process 36367 to run task
[2021-01-21 22:05:20,561] {standard_task_runner.py:75} INFO - Running: ['airflow', 'tasks', 'run', 'parallel_dag', 'task_1', '2021-01-20T00:00:00+00:00', '--job-id', '2', '--pool', 'default_pool', '--raw', '--subdir', 'DAGS_FOLDER/parallel_dags.py', '--cfg-path', '/tmp/tmpfqawmn3m']
[2021-01-21 22:05:20,562] {standard_task_runner.py:76} INFO - Job 2: Subtask task_1
[2021-01-21 22:05:20,608] {logging_mixin.py:103} INFO - Running <TaskInstance: parallel_dag.task_1 2021-01-20T00:00:00+00:00 [running]> on host ip-172-31-18-6.ap-south-1.compute.internal
[2021-01-21 22:05:20,663] {taskinstance.py:1232} INFO - Exporting the following env vars:
AIRFLOW_CTX_DAG_OWNER=airflow
AIRFLOW_CTX_DAG_ID=parallel_dag
AIRFLOW_CTX_TASK_ID=task_1
AIRFLOW_CTX_EXECUTION_DATE=2021-01-20T00:00:00+00:00
AIRFLOW_CTX_DAG_RUN_ID=scheduled__2021-01-20T00:00:00+00:00
[2021-01-21 22:05:20,663] {bash.py:135} INFO - Tmp dir root location: 
 /tmp
[2021-01-21 22:05:20,663] {bash.py:158} INFO - Running command: sleep 3
[2021-01-21 22:05:20,670] {bash.py:169} INFO - Output:
[2021-01-21 22:05:23,671] {bash.py:177} INFO - Command exited with return code 0
[2021-01-21 22:05:23,728] {taskinstance.py:1142} INFO - Marking task as SUCCESS. dag_id=parallel_dag, task_id=task_1, execution_date=20210120T000000, start_date=20210121T220520, end_date=20210121T220523
[2021-01-21 22:05:23,978] {taskinstance.py:1195} INFO - 0 downstream tasks scheduled from follow-on schedule check
[2021-01-21 22:05:23,991] {local_task_job.py:118} INFO - Task exited with return code 0
