[2021-01-21 23:04:17,350] {taskinstance.py:826} INFO - Dependencies all met for <TaskInstance: xcom_dag.processing_tasks.training_model_a 2021-01-21T23:04:12.115199+00:00 [queued]>
[2021-01-21 23:04:17,370] {taskinstance.py:826} INFO - Dependencies all met for <TaskInstance: xcom_dag.processing_tasks.training_model_a 2021-01-21T23:04:12.115199+00:00 [queued]>
[2021-01-21 23:04:17,371] {taskinstance.py:1017} INFO - 
--------------------------------------------------------------------------------
[2021-01-21 23:04:17,371] {taskinstance.py:1018} INFO - Starting attempt 1 of 1
[2021-01-21 23:04:17,371] {taskinstance.py:1019} INFO - 
--------------------------------------------------------------------------------
[2021-01-21 23:04:17,384] {taskinstance.py:1038} INFO - Executing <Task(PythonOperator): processing_tasks.training_model_a> on 2021-01-21T23:04:12.115199+00:00
[2021-01-21 23:04:17,386] {standard_task_runner.py:51} INFO - Started process 456018 to run task
[2021-01-21 23:04:17,402] {standard_task_runner.py:75} INFO - Running: ['airflow', 'tasks', 'run', 'xcom_dag', 'processing_tasks.training_model_a', '2021-01-21T23:04:12.115199+00:00', '--job-id', '84', '--pool', 'default_pool', '--raw', '--subdir', 'DAGS_FOLDER/xcom_dag.py', '--cfg-path', '/tmp/tmp6mysfb9b']
[2021-01-21 23:04:17,403] {standard_task_runner.py:76} INFO - Job 84: Subtask processing_tasks.training_model_a
[2021-01-21 23:04:17,463] {logging_mixin.py:103} INFO - Running <TaskInstance: xcom_dag.processing_tasks.training_model_a 2021-01-21T23:04:12.115199+00:00 [running]> on host ip-172-31-18-6.ap-south-1.compute.internal
[2021-01-21 23:04:17,537] {taskinstance.py:1232} INFO - Exporting the following env vars:
AIRFLOW_CTX_DAG_OWNER=airflow
AIRFLOW_CTX_DAG_ID=xcom_dag
AIRFLOW_CTX_TASK_ID=processing_tasks.training_model_a
AIRFLOW_CTX_EXECUTION_DATE=2021-01-21T23:04:12.115199+00:00
AIRFLOW_CTX_DAG_RUN_ID=manual__2021-01-21T23:04:12.115199+00:00
[2021-01-21 23:04:17,537] {logging_mixin.py:103} INFO - model's accuracy: 1.2976992270195977
[2021-01-21 23:04:17,557] {python.py:118} INFO - Done. Returned value was: None
[2021-01-21 23:04:17,570] {taskinstance.py:1142} INFO - Marking task as SUCCESS. dag_id=xcom_dag, task_id=processing_tasks.training_model_a, execution_date=20210121T230412, start_date=20210121T230417, end_date=20210121T230417
[2021-01-21 23:04:17,610] {taskinstance.py:1195} INFO - 1 downstream tasks scheduled from follow-on schedule check
[2021-01-21 23:04:17,647] {local_task_job.py:118} INFO - Task exited with return code 0
