[2021-01-21 22:45:07,181] {taskinstance.py:826} INFO - Dependencies all met for <TaskInstance: xcom_dag.task_4 2021-01-21T22:45:01.197369+00:00 [queued]>
[2021-01-21 22:45:07,200] {taskinstance.py:826} INFO - Dependencies all met for <TaskInstance: xcom_dag.task_4 2021-01-21T22:45:01.197369+00:00 [queued]>
[2021-01-21 22:45:07,200] {taskinstance.py:1017} INFO - 
--------------------------------------------------------------------------------
[2021-01-21 22:45:07,200] {taskinstance.py:1018} INFO - Starting attempt 1 of 1
[2021-01-21 22:45:07,200] {taskinstance.py:1019} INFO - 
--------------------------------------------------------------------------------
[2021-01-21 22:45:07,208] {taskinstance.py:1038} INFO - Executing <Task(PythonOperator): task_4> on 2021-01-21T22:45:01.197369+00:00
[2021-01-21 22:45:07,210] {standard_task_runner.py:51} INFO - Started process 325099 to run task
[2021-01-21 22:45:07,214] {standard_task_runner.py:75} INFO - Running: ['airflow', 'tasks', 'run', 'xcom_dag', 'task_4', '2021-01-21T22:45:01.197369+00:00', '--job-id', '54', '--pool', 'default_pool', '--raw', '--subdir', 'DAGS_FOLDER/xcom_dag.py', '--cfg-path', '/tmp/tmpzutd5wnv']
[2021-01-21 22:45:07,214] {standard_task_runner.py:76} INFO - Job 54: Subtask task_4
[2021-01-21 22:45:07,260] {logging_mixin.py:103} INFO - Running <TaskInstance: xcom_dag.task_4 2021-01-21T22:45:01.197369+00:00 [running]> on host ip-172-31-18-6.ap-south-1.compute.internal
[2021-01-21 22:45:07,319] {taskinstance.py:1232} INFO - Exporting the following env vars:
AIRFLOW_CTX_DAG_OWNER=airflow
AIRFLOW_CTX_DAG_ID=xcom_dag
AIRFLOW_CTX_TASK_ID=task_4
AIRFLOW_CTX_EXECUTION_DATE=2021-01-21T22:45:01.197369+00:00
AIRFLOW_CTX_DAG_RUN_ID=manual__2021-01-21T22:45:01.197369+00:00
[2021-01-21 22:45:07,319] {logging_mixin.py:103} INFO - choose best model
[2021-01-21 22:45:07,330] {logging_mixin.py:103} INFO - [0.4515148121156394, 4.63521320054222, 3.7099040404779373]
[2021-01-21 22:45:07,330] {python.py:118} INFO - Done. Returned value was: None
[2021-01-21 22:45:07,343] {taskinstance.py:1142} INFO - Marking task as SUCCESS. dag_id=xcom_dag, task_id=task_4, execution_date=20210121T224501, start_date=20210121T224507, end_date=20210121T224507
[2021-01-21 22:45:07,372] {taskinstance.py:1195} INFO - 0 downstream tasks scheduled from follow-on schedule check
[2021-01-21 22:45:07,385] {local_task_job.py:118} INFO - Task exited with return code 0
