[2021-01-21 23:03:10,730] {taskinstance.py:826} INFO - Dependencies all met for <TaskInstance: xcom_dag.processing_tasks.training_model_b 2021-01-21T23:03:05.933535+00:00 [queued]>
[2021-01-21 23:03:10,766] {taskinstance.py:826} INFO - Dependencies all met for <TaskInstance: xcom_dag.processing_tasks.training_model_b 2021-01-21T23:03:05.933535+00:00 [queued]>
[2021-01-21 23:03:10,767] {taskinstance.py:1017} INFO - 
--------------------------------------------------------------------------------
[2021-01-21 23:03:10,767] {taskinstance.py:1018} INFO - Starting attempt 1 of 1
[2021-01-21 23:03:10,768] {taskinstance.py:1019} INFO - 
--------------------------------------------------------------------------------
[2021-01-21 23:03:10,779] {taskinstance.py:1038} INFO - Executing <Task(PythonOperator): processing_tasks.training_model_b> on 2021-01-21T23:03:05.933535+00:00
[2021-01-21 23:03:10,781] {standard_task_runner.py:51} INFO - Started process 447363 to run task
[2021-01-21 23:03:10,788] {standard_task_runner.py:75} INFO - Running: ['airflow', 'tasks', 'run', 'xcom_dag', 'processing_tasks.training_model_b', '2021-01-21T23:03:05.933535+00:00', '--job-id', '72', '--pool', 'default_pool', '--raw', '--subdir', 'DAGS_FOLDER/xcom_dag.py', '--cfg-path', '/tmp/tmpslzkefj5']
[2021-01-21 23:03:10,789] {standard_task_runner.py:76} INFO - Job 72: Subtask processing_tasks.training_model_b
[2021-01-21 23:03:10,847] {logging_mixin.py:103} INFO - Running <TaskInstance: xcom_dag.processing_tasks.training_model_b 2021-01-21T23:03:05.933535+00:00 [running]> on host ip-172-31-18-6.ap-south-1.compute.internal
[2021-01-21 23:03:10,925] {taskinstance.py:1232} INFO - Exporting the following env vars:
AIRFLOW_CTX_DAG_OWNER=airflow
AIRFLOW_CTX_DAG_ID=xcom_dag
AIRFLOW_CTX_TASK_ID=processing_tasks.training_model_b
AIRFLOW_CTX_EXECUTION_DATE=2021-01-21T23:03:05.933535+00:00
AIRFLOW_CTX_DAG_RUN_ID=manual__2021-01-21T23:03:05.933535+00:00
[2021-01-21 23:03:10,926] {logging_mixin.py:103} INFO - model's accuracy: 6.840760389665873
[2021-01-21 23:03:10,947] {python.py:118} INFO - Done. Returned value was: None
[2021-01-21 23:03:10,964] {taskinstance.py:1142} INFO - Marking task as SUCCESS. dag_id=xcom_dag, task_id=processing_tasks.training_model_b, execution_date=20210121T230305, start_date=20210121T230310, end_date=20210121T230310
[2021-01-21 23:03:11,018] {taskinstance.py:1195} INFO - 0 downstream tasks scheduled from follow-on schedule check
[2021-01-21 23:03:11,041] {local_task_job.py:118} INFO - Task exited with return code 0
