[2021-01-21 22:45:05,675] {taskinstance.py:826} INFO - Dependencies all met for <TaskInstance: xcom_dag.processing_tasks.training_model_c 2021-01-21T22:45:01.197369+00:00 [queued]>
[2021-01-21 22:45:05,698] {taskinstance.py:826} INFO - Dependencies all met for <TaskInstance: xcom_dag.processing_tasks.training_model_c 2021-01-21T22:45:01.197369+00:00 [queued]>
[2021-01-21 22:45:05,699] {taskinstance.py:1017} INFO - 
--------------------------------------------------------------------------------
[2021-01-21 22:45:05,699] {taskinstance.py:1018} INFO - Starting attempt 1 of 1
[2021-01-21 22:45:05,699] {taskinstance.py:1019} INFO - 
--------------------------------------------------------------------------------
[2021-01-21 22:45:05,712] {taskinstance.py:1038} INFO - Executing <Task(PythonOperator): processing_tasks.training_model_c> on 2021-01-21T22:45:01.197369+00:00
[2021-01-21 22:45:05,714] {standard_task_runner.py:51} INFO - Started process 324877 to run task
[2021-01-21 22:45:05,721] {standard_task_runner.py:75} INFO - Running: ['airflow', 'tasks', 'run', 'xcom_dag', 'processing_tasks.training_model_c', '2021-01-21T22:45:01.197369+00:00', '--job-id', '53', '--pool', 'default_pool', '--raw', '--subdir', 'DAGS_FOLDER/xcom_dag.py', '--cfg-path', '/tmp/tmpb04so539']
[2021-01-21 22:45:05,722] {standard_task_runner.py:76} INFO - Job 53: Subtask processing_tasks.training_model_c
[2021-01-21 22:45:05,795] {logging_mixin.py:103} INFO - Running <TaskInstance: xcom_dag.processing_tasks.training_model_c 2021-01-21T22:45:01.197369+00:00 [running]> on host ip-172-31-18-6.ap-south-1.compute.internal
[2021-01-21 22:45:05,866] {taskinstance.py:1232} INFO - Exporting the following env vars:
AIRFLOW_CTX_DAG_OWNER=airflow
AIRFLOW_CTX_DAG_ID=xcom_dag
AIRFLOW_CTX_TASK_ID=processing_tasks.training_model_c
AIRFLOW_CTX_EXECUTION_DATE=2021-01-21T22:45:01.197369+00:00
AIRFLOW_CTX_DAG_RUN_ID=manual__2021-01-21T22:45:01.197369+00:00
[2021-01-21 22:45:05,867] {logging_mixin.py:103} INFO - model's accuracy: 3.7099040404779373
[2021-01-21 22:45:05,905] {python.py:118} INFO - Done. Returned value was: None
[2021-01-21 22:45:05,921] {taskinstance.py:1142} INFO - Marking task as SUCCESS. dag_id=xcom_dag, task_id=processing_tasks.training_model_c, execution_date=20210121T224501, start_date=20210121T224505, end_date=20210121T224505
[2021-01-21 22:45:05,974] {taskinstance.py:1195} INFO - 1 downstream tasks scheduled from follow-on schedule check
[2021-01-21 22:45:05,985] {local_task_job.py:118} INFO - Task exited with return code 0
