[2021-01-22 19:46:41,066] {taskinstance.py:826} INFO - Dependencies all met for <TaskInstance: xcom_dag.task_4 2021-01-21T23:28:18.715762+00:00 [queued]>
[2021-01-22 19:46:41,082] {taskinstance.py:826} INFO - Dependencies all met for <TaskInstance: xcom_dag.task_4 2021-01-21T23:28:18.715762+00:00 [queued]>
[2021-01-22 19:46:41,082] {taskinstance.py:1017} INFO - 
--------------------------------------------------------------------------------
[2021-01-22 19:46:41,082] {taskinstance.py:1018} INFO - Starting attempt 1 of 1
[2021-01-22 19:46:41,082] {taskinstance.py:1019} INFO - 
--------------------------------------------------------------------------------
[2021-01-22 19:46:41,090] {taskinstance.py:1038} INFO - Executing <Task(BranchPythonOperator): task_4> on 2021-01-21T23:28:18.715762+00:00
[2021-01-22 19:46:41,093] {standard_task_runner.py:51} INFO - Started process 1923082 to run task
[2021-01-22 19:46:41,096] {standard_task_runner.py:75} INFO - Running: ['airflow', 'tasks', 'run', 'xcom_dag', 'task_4', '2021-01-21T23:28:18.715762+00:00', '--job-id', '143', '--pool', 'default_pool', '--raw', '--subdir', 'DAGS_FOLDER/xcom_dag.py', '--cfg-path', '/tmp/tmph1imqlay']
[2021-01-22 19:46:41,097] {standard_task_runner.py:76} INFO - Job 143: Subtask task_4
[2021-01-22 19:46:41,172] {logging_mixin.py:103} INFO - Running <TaskInstance: xcom_dag.task_4 2021-01-21T23:28:18.715762+00:00 [running]> on host ip-172-31-18-6.ap-south-1.compute.internal
[2021-01-22 19:46:41,227] {taskinstance.py:1232} INFO - Exporting the following env vars:
AIRFLOW_CTX_DAG_OWNER=airflow
AIRFLOW_CTX_DAG_ID=xcom_dag
AIRFLOW_CTX_TASK_ID=task_4
AIRFLOW_CTX_EXECUTION_DATE=2021-01-21T23:28:18.715762+00:00
AIRFLOW_CTX_DAG_RUN_ID=manual__2021-01-21T23:28:18.715762+00:00
[2021-01-22 19:46:41,228] {logging_mixin.py:103} INFO - choose best model
[2021-01-22 19:46:41,243] {python.py:118} INFO - Done. Returned value was: accurate
[2021-01-22 19:46:41,243] {skipmixin.py:124} INFO - Following branch accurate
[2021-01-22 19:46:41,261] {skipmixin.py:155} INFO - Skipping tasks ['inaccurate']
[2021-01-22 19:46:41,321] {taskinstance.py:1142} INFO - Marking task as SUCCESS. dag_id=xcom_dag, task_id=task_4, execution_date=20210121T232818, start_date=20210122T194641, end_date=20210122T194641
[2021-01-22 19:46:41,356] {taskinstance.py:1195} INFO - 1 downstream tasks scheduled from follow-on schedule check
[2021-01-22 19:46:41,393] {local_task_job.py:118} INFO - Task exited with return code 0
