[2021-01-21 22:48:27,433] {taskinstance.py:826} INFO - Dependencies all met for <TaskInstance: xcom_dag.task_4 2021-01-21T22:48:21.683934+00:00 [queued]>
[2021-01-21 22:48:27,449] {taskinstance.py:826} INFO - Dependencies all met for <TaskInstance: xcom_dag.task_4 2021-01-21T22:48:21.683934+00:00 [queued]>
[2021-01-21 22:48:27,450] {taskinstance.py:1017} INFO - 
--------------------------------------------------------------------------------
[2021-01-21 22:48:27,450] {taskinstance.py:1018} INFO - Starting attempt 1 of 1
[2021-01-21 22:48:27,450] {taskinstance.py:1019} INFO - 
--------------------------------------------------------------------------------
[2021-01-21 22:48:27,460] {taskinstance.py:1038} INFO - Executing <Task(PythonOperator): task_4> on 2021-01-21T22:48:21.683934+00:00
[2021-01-21 22:48:27,462] {standard_task_runner.py:51} INFO - Started process 347507 to run task
[2021-01-21 22:48:27,467] {standard_task_runner.py:75} INFO - Running: ['airflow', 'tasks', 'run', 'xcom_dag', 'task_4', '2021-01-21T22:48:21.683934+00:00', '--job-id', '64', '--pool', 'default_pool', '--raw', '--subdir', 'DAGS_FOLDER/xcom_dag.py', '--cfg-path', '/tmp/tmp3lus0zpb']
[2021-01-21 22:48:27,468] {standard_task_runner.py:76} INFO - Job 64: Subtask task_4
[2021-01-21 22:48:27,518] {logging_mixin.py:103} INFO - Running <TaskInstance: xcom_dag.task_4 2021-01-21T22:48:21.683934+00:00 [running]> on host ip-172-31-18-6.ap-south-1.compute.internal
[2021-01-21 22:48:27,568] {taskinstance.py:1232} INFO - Exporting the following env vars:
AIRFLOW_CTX_DAG_OWNER=airflow
AIRFLOW_CTX_DAG_ID=xcom_dag
AIRFLOW_CTX_TASK_ID=task_4
AIRFLOW_CTX_EXECUTION_DATE=2021-01-21T22:48:21.683934+00:00
AIRFLOW_CTX_DAG_RUN_ID=manual__2021-01-21T22:48:21.683934+00:00
[2021-01-21 22:48:27,570] {logging_mixin.py:103} INFO - choose best model
[2021-01-21 22:48:27,586] {logging_mixin.py:103} INFO - [6.811095787612377, 7.099193045784435, 2.957970081950384]
[2021-01-21 22:48:27,587] {python.py:118} INFO - Done. Returned value was: None
[2021-01-21 22:48:27,599] {taskinstance.py:1142} INFO - Marking task as SUCCESS. dag_id=xcom_dag, task_id=task_4, execution_date=20210121T224821, start_date=20210121T224827, end_date=20210121T224827
[2021-01-21 22:48:27,630] {taskinstance.py:1195} INFO - 0 downstream tasks scheduled from follow-on schedule check
[2021-01-21 22:48:27,637] {local_task_job.py:118} INFO - Task exited with return code 0
