[2021-01-22 19:46:39,515] {taskinstance.py:826} INFO - Dependencies all met for <TaskInstance: xcom_dag.processing_tasks.training_model_c 2021-01-21T23:31:13.801716+00:00 [queued]>
[2021-01-22 19:46:39,542] {taskinstance.py:826} INFO - Dependencies all met for <TaskInstance: xcom_dag.processing_tasks.training_model_c 2021-01-21T23:31:13.801716+00:00 [queued]>
[2021-01-22 19:46:39,542] {taskinstance.py:1017} INFO - 
--------------------------------------------------------------------------------
[2021-01-22 19:46:39,542] {taskinstance.py:1018} INFO - Starting attempt 1 of 1
[2021-01-22 19:46:39,542] {taskinstance.py:1019} INFO - 
--------------------------------------------------------------------------------
[2021-01-22 19:46:39,552] {taskinstance.py:1038} INFO - Executing <Task(PythonOperator): processing_tasks.training_model_c> on 2021-01-21T23:31:13.801716+00:00
[2021-01-22 19:46:39,554] {standard_task_runner.py:51} INFO - Started process 1922847 to run task
[2021-01-22 19:46:39,583] {standard_task_runner.py:75} INFO - Running: ['airflow', 'tasks', 'run', 'xcom_dag', 'processing_tasks.training_model_c', '2021-01-21T23:31:13.801716+00:00', '--job-id', '138', '--pool', 'default_pool', '--raw', '--subdir', 'DAGS_FOLDER/xcom_dag.py', '--cfg-path', '/tmp/tmpsrw8oeel']
[2021-01-22 19:46:39,594] {standard_task_runner.py:76} INFO - Job 138: Subtask processing_tasks.training_model_c
[2021-01-22 19:46:39,724] {logging_mixin.py:103} INFO - Running <TaskInstance: xcom_dag.processing_tasks.training_model_c 2021-01-21T23:31:13.801716+00:00 [running]> on host ip-172-31-18-6.ap-south-1.compute.internal
[2021-01-22 19:46:39,821] {taskinstance.py:1232} INFO - Exporting the following env vars:
AIRFLOW_CTX_DAG_OWNER=airflow
AIRFLOW_CTX_DAG_ID=xcom_dag
AIRFLOW_CTX_TASK_ID=processing_tasks.training_model_c
AIRFLOW_CTX_EXECUTION_DATE=2021-01-21T23:31:13.801716+00:00
AIRFLOW_CTX_DAG_RUN_ID=manual__2021-01-21T23:31:13.801716+00:00
[2021-01-22 19:46:39,822] {logging_mixin.py:103} INFO - model's accuracy: 9.099839065166789
[2021-01-22 19:46:39,866] {python.py:118} INFO - Done. Returned value was: None
[2021-01-22 19:46:39,897] {taskinstance.py:1142} INFO - Marking task as SUCCESS. dag_id=xcom_dag, task_id=processing_tasks.training_model_c, execution_date=20210121T233113, start_date=20210122T194639, end_date=20210122T194639
[2021-01-22 19:46:39,982] {taskinstance.py:1195} INFO - 0 downstream tasks scheduled from follow-on schedule check
[2021-01-22 19:46:40,026] {local_task_job.py:118} INFO - Task exited with return code 0
