[2021-01-21 23:03:22,921] {taskinstance.py:826} INFO - Dependencies all met for <TaskInstance: xcom_dag.processing_tasks.training_model_a 2021-01-21T23:03:18.200579+00:00 [queued]>
[2021-01-21 23:03:22,940] {taskinstance.py:826} INFO - Dependencies all met for <TaskInstance: xcom_dag.processing_tasks.training_model_a 2021-01-21T23:03:18.200579+00:00 [queued]>
[2021-01-21 23:03:22,940] {taskinstance.py:1017} INFO - 
--------------------------------------------------------------------------------
[2021-01-21 23:03:22,940] {taskinstance.py:1018} INFO - Starting attempt 1 of 1
[2021-01-21 23:03:22,940] {taskinstance.py:1019} INFO - 
--------------------------------------------------------------------------------
[2021-01-21 23:03:22,949] {taskinstance.py:1038} INFO - Executing <Task(PythonOperator): processing_tasks.training_model_a> on 2021-01-21T23:03:18.200579+00:00
[2021-01-21 23:03:22,951] {standard_task_runner.py:51} INFO - Started process 449038 to run task
[2021-01-21 23:03:22,965] {standard_task_runner.py:75} INFO - Running: ['airflow', 'tasks', 'run', 'xcom_dag', 'processing_tasks.training_model_a', '2021-01-21T23:03:18.200579+00:00', '--job-id', '79', '--pool', 'default_pool', '--raw', '--subdir', 'DAGS_FOLDER/xcom_dag.py', '--cfg-path', '/tmp/tmprxlbxy_h']
[2021-01-21 23:03:22,966] {standard_task_runner.py:76} INFO - Job 79: Subtask processing_tasks.training_model_a
[2021-01-21 23:03:23,042] {logging_mixin.py:103} INFO - Running <TaskInstance: xcom_dag.processing_tasks.training_model_a 2021-01-21T23:03:18.200579+00:00 [running]> on host ip-172-31-18-6.ap-south-1.compute.internal
[2021-01-21 23:03:23,107] {taskinstance.py:1232} INFO - Exporting the following env vars:
AIRFLOW_CTX_DAG_OWNER=airflow
AIRFLOW_CTX_DAG_ID=xcom_dag
AIRFLOW_CTX_TASK_ID=processing_tasks.training_model_a
AIRFLOW_CTX_EXECUTION_DATE=2021-01-21T23:03:18.200579+00:00
AIRFLOW_CTX_DAG_RUN_ID=manual__2021-01-21T23:03:18.200579+00:00
[2021-01-21 23:03:23,108] {logging_mixin.py:103} INFO - model's accuracy: 5.041232194093106
[2021-01-21 23:03:23,140] {python.py:118} INFO - Done. Returned value was: None
[2021-01-21 23:03:23,151] {taskinstance.py:1142} INFO - Marking task as SUCCESS. dag_id=xcom_dag, task_id=processing_tasks.training_model_a, execution_date=20210121T230318, start_date=20210121T230322, end_date=20210121T230323
[2021-01-21 23:03:23,186] {taskinstance.py:1195} INFO - 1 downstream tasks scheduled from follow-on schedule check
[2021-01-21 23:03:23,214] {local_task_job.py:118} INFO - Task exited with return code 0
